==========================================
SLURM_JOB_ID = 4905348
SLURM_JOB_NODELIST = e10-12,e13-39
TMPDIR = /tmp/SLURM_4905348
==========================================
[0 : output_mpi] Output to be read-from/written-into folder 'chains', with prefix 'dmb_n6_1TeV_vr0_run2'
[0 : classy] Importing *local* classy from /home1/davidvng/repos/class_dme
[1 : classy] Importing *local* classy from /home1/davidvng/repos/class_dme
 Initializing Planck likelihood, version Plik_v22_cmbonly_like                                                                                                                                                                                                                                                                                                                                                                                                                                                                                               
 Initializing Planck likelihood, version Plik_v22_cmbonly_like                                                                                                                                                                                                                                                                                                                                                                                                                                                                                               
[1 : classy] *WARNING* Requesting BB for ell>50 or lensing Cl's: using a non-linear code is recommended (and you are not using any). To activate it, set 'non_linear: halofit|hmcode|...' in classy's 'extra_args'.
[0 : classy] *WARNING* Requesting BB for ell>50 or lensing Cl's: using a non-linear code is recommended (and you are not using any). To activate it, set 'non_linear: halofit|hmcode|...' in classy's 'extra_args'.
[1 : mcmc] Getting initial point... (this may take a few seconds)
[1 : prior] Reference values or pdf's for some parameters were not provided. Sampling from the prior instead for those parameters.
[0 : mcmc] Getting initial point... (this may take a few seconds)
[0 : prior] Reference values or pdf's for some parameters were not provided. Sampling from the prior instead for those parameters.
[0 : model] Measuring speeds... (this may take a few seconds)
[0 : model] Setting measured speeds (per sec): {planck_2018_highl_plik.TTTEEE_lite: 321.0, planck_2018_lensing.clik: 865.0, classy: 0.676}
[0 : mcmc] *WARNING* Dragging disabled: speed ratio and fast-to-slow ratio not large enough.
[0 : mcmc] Oversampling with factors:
[0 : mcmc] * 1 : ['logA', 'n_s', 'theta_s_1e2', 'omega_b', 'omega_dmb', 'log10sigma_dmb', 'tau_reio']
[0 : mcmc] * 9 : ['A_planck']
[1 : mcmc] *WARNING* Dragging disabled: speed ratio and fast-to-slow ratio not large enough.
[0 : mcmc] Covariance matrix loaded for params ['omega_b', 'tau_reio', 'logA', 'n_s', 'A_planck']
[0 : mcmc] Missing proposal covariance for params ['theta_s_1e2', 'omega_dmb', 'log10sigma_dmb']
[0 : prior] *WARNING* Reference pdf not defined or improper for some parameters. Using prior's sigma instead for them.
[0 : mcmc] Covariance matrix not complete. We will start learning the covariance of the proposal earlier: R-1 = 50 (would be 30 if all params loaded).
[0 : mcmc] Initial point: logA:3.049885, n_s:0.9566044, theta_s_1e2:1.041666, omega_b:0.02229654, omega_dmb:0.121095, log10sigma_dmb:-11.42712, tau_reio:0.05964397, A_planck:1.003228
[1 : mcmc] Initial point: logA:3.049485, n_s:0.9624637, theta_s_1e2:1.042063, omega_b:0.02225113, omega_dmb:0.1180467, log10sigma_dmb:-28.07907, tau_reio:0.04828696, A_planck:0.9973625
[0 : mcmc] Sampling!
[1 : mcmc] Sampling!
[1 : mcmc] Progress @ 2021-07-03 19:02:25 : 1 steps taken, and 0 accepted.
[0 : mcmc] Progress @ 2021-07-03 19:02:27 : 1 steps taken, and 0 accepted.
[1 : mcmc] Progress @ 2021-07-03 19:03:27 : 126 steps taken, and 32 accepted.
[0 : mcmc] Progress @ 2021-07-03 19:03:56 : 49 steps taken, and 11 accepted.
[1 : mcmc] Progress @ 2021-07-03 19:04:28 : 273 steps taken, and 72 accepted.
[0 : mcmc] Progress @ 2021-07-03 19:04:56 : 155 steps taken, and 47 accepted.
[1 : mcmc] Progress @ 2021-07-03 19:05:28 : 384 steps taken, and 103 accepted.
[0 : mcmc] Progress @ 2021-07-03 19:05:57 : 294 steps taken, and 89 accepted.
[1 : mcmc] Progress @ 2021-07-03 19:06:29 : 502 steps taken, and 140 accepted.
[0 : mcmc] Progress @ 2021-07-03 19:06:58 : 401 steps taken, and 120 accepted.
[1 : mcmc] Learn + convergence test @ 160 samples accepted.
[1 : mcmc] Ready to check convergence and learn a new proposal covmat (waiting for the rest...)
[1 : mcmc] Progress @ 2021-07-03 19:07:30 : 620 steps taken, and 167 accepted.
[0 : mcmc] Progress @ 2021-07-03 19:07:58 : 508 steps taken, and 150 accepted.
[0 : mcmc] Learn + convergence test @ 160 samples accepted.
[0 : mcmc] Ready to check convergence and learn a new proposal covmat (waiting for the rest...)
[0 : mcmc] All chains are ready to check convergence and learn a new proposal covmat
[0 : mcmc]  - Acceptance rate: 0.575 = avg([0.6015037593984962, 0.5520231213872833])
[0 : mcmc]  - Convergence of means: R-1 = 20.495866 after 351 accepted steps = sum([160, 191])
[0 : mcmc]  - Updated covariance matrix of proposal pdf.
[1 : mcmc] Progress @ 2021-07-03 19:08:30 : 738 steps taken, and 203 accepted.
[0 : mcmc] Progress @ 2021-07-03 19:08:59 : 626 steps taken, and 197 accepted.
[1 : mcmc] Progress @ 2021-07-03 19:09:32 : 849 steps taken, and 246 accepted.
[0 : mcmc] Progress @ 2021-07-03 19:10:00 : 732 steps taken, and 237 accepted.
[1 : mcmc] Progress @ 2021-07-03 19:10:32 : 977 steps taken, and 294 accepted.
[0 : mcmc] Progress @ 2021-07-03 19:11:00 : 847 steps taken, and 274 accepted.
[1 : mcmc] Learn + convergence test @ 320 samples accepted.
[1 : mcmc] Ready to check convergence and learn a new proposal covmat (waiting for the rest...)
[1 : mcmc] Progress @ 2021-07-03 19:11:33 : 1080 steps taken, and 327 accepted.
[0 : mcmc] Progress @ 2021-07-03 19:12:00 : 965 steps taken, and 319 accepted.
[0 : mcmc] Learn + convergence test @ 320 samples accepted.
[0 : mcmc] Ready to check convergence and learn a new proposal covmat (waiting for the rest...)
[0 : mcmc] All chains are ready to check convergence and learn a new proposal covmat
[0 : mcmc]  - Acceptance rate: 0.641 = avg([0.6639004149377593, 0.6196428571428572])
[0 : mcmc]  - Convergence of means: R-1 = 2.323880 after 667 accepted steps = sum([320, 347])
[0 : mcmc]  - Updated covariance matrix of proposal pdf.
[1 : mcmc] Progress @ 2021-07-03 19:12:34 : 1189 steps taken, and 370 accepted.
[0 : mcmc] Progress @ 2021-07-03 19:13:01 : 1067 steps taken, and 359 accepted.
[1 : mcmc] Progress @ 2021-07-03 19:13:34 : 1291 steps taken, and 408 accepted.
[0 : mcmc] Progress @ 2021-07-03 19:14:02 : 1164 steps taken, and 390 accepted.
[1 : mcmc] Progress @ 2021-07-03 19:14:34 : 1393 steps taken, and 446 accepted.
[0 : mcmc] Progress @ 2021-07-03 19:15:02 : 1282 steps taken, and 431 accepted.
[1 : mcmc] Learn + convergence test @ 480 samples accepted.
[1 : mcmc] Ready to check convergence and learn a new proposal covmat (waiting for the rest...)
[1 : mcmc] Progress @ 2021-07-03 19:15:35 : 1514 steps taken, and 493 accepted.
[0 : mcmc] Progress @ 2021-07-03 19:16:03 : 1384 steps taken, and 469 accepted.
[0 : mcmc] Learn + convergence test @ 480 samples accepted.
[0 : mcmc] Ready to check convergence and learn a new proposal covmat (waiting for the rest...)
[0 : mcmc] All chains are ready to check convergence and learn a new proposal covmat
[0 : mcmc]  - Acceptance rate: 0.670 = avg([0.6818181818181818, 0.6583541147132169])
[0 : mcmc]  - Convergence of means: R-1 = 0.748521 after 1008 accepted steps = sum([480, 528])
[0 : mcmc]  - Updated covariance matrix of proposal pdf.
[1 : mcmc] Progress @ 2021-07-03 19:16:36 : 1642 steps taken, and 538 accepted.
[0 : mcmc] Progress @ 2021-07-03 19:17:03 : 1503 steps taken, and 506 accepted.
[1 : mcmc] Progress @ 2021-07-03 19:17:37 : 1766 steps taken, and 576 accepted.
[0 : mcmc] Progress @ 2021-07-03 19:18:04 : 1627 steps taken, and 551 accepted.
[1 : mcmc] Progress @ 2021-07-03 19:18:38 : 1859 steps taken, and 611 accepted.
[0 : mcmc] Progress @ 2021-07-03 19:19:04 : 1730 steps taken, and 589 accepted.
[1 : mcmc] Learn + convergence test @ 640 samples accepted.
[1 : mcmc] Ready to check convergence and learn a new proposal covmat (waiting for the rest...)
[1 : mcmc] Progress @ 2021-07-03 19:19:38 : 1965 steps taken, and 655 accepted.
[0 : mcmc] Progress @ 2021-07-03 19:20:05 : 1850 steps taken, and 631 accepted.
[0 : mcmc] Learn + convergence test @ 640 samples accepted.
[0 : mcmc] Ready to check convergence and learn a new proposal covmat (waiting for the rest...)
[0 : mcmc] All chains are ready to check convergence and learn a new proposal covmat
[0 : mcmc]  - Acceptance rate: 0.678 = avg([0.6837606837606838, 0.6726013847675568])
[0 : mcmc]  - Convergence of means: R-1 = 0.608322 after 1320 accepted steps = sum([640, 680])
[0 : mcmc]  - Updated covariance matrix of proposal pdf.
[1 : mcmc] Progress @ 2021-07-03 19:20:38 : 2067 steps taken, and 691 accepted.
[0 : mcmc] Progress @ 2021-07-03 19:21:06 : 1954 steps taken, and 667 accepted.
[1 : mcmc] Progress @ 2021-07-03 19:21:39 : 2178 steps taken, and 730 accepted.
[0 : mcmc] Progress @ 2021-07-03 19:22:06 : 2066 steps taken, and 710 accepted.
[1 : mcmc] Progress @ 2021-07-03 19:22:39 : 2266 steps taken, and 757 accepted.
[0 : mcmc] Progress @ 2021-07-03 19:23:07 : 2171 steps taken, and 747 accepted.
[1 : mcmc] Progress @ 2021-07-03 19:23:40 : 2372 steps taken, and 792 accepted.
[0 : mcmc] Progress @ 2021-07-03 19:24:07 : 2280 steps taken, and 782 accepted.
[1 : mcmc] Learn + convergence test @ 800 samples accepted.
[1 : mcmc] Ready to check convergence and learn a new proposal covmat (waiting for the rest...)
[0 : mcmc] Learn + convergence test @ 800 samples accepted.
[0 : mcmc] Ready to check convergence and learn a new proposal covmat (waiting for the rest...)
[0 : mcmc] All chains are ready to check convergence and learn a new proposal covmat
[1 : mcmc] Progress @ 2021-07-03 19:24:42 : 2463 steps taken, and 816 accepted.
[0 : mcmc]  - Acceptance rate: 0.677 = avg([0.6878761822871883, 0.6658516707416463])
[0 : mcmc]  - Convergence of means: R-1 = 0.599320 after 1617 accepted steps = sum([800, 817])
[0 : mcmc]  - Updated covariance matrix of proposal pdf.
[0 : mcmc] Progress @ 2021-07-03 19:25:08 : 2372 steps taken, and 813 accepted.
[1 : mcmc] Progress @ 2021-07-03 19:25:42 : 2575 steps taken, and 860 accepted.
[0 : mcmc] Progress @ 2021-07-03 19:26:09 : 2494 steps taken, and 859 accepted.
[1 : mcmc] Progress @ 2021-07-03 19:26:43 : 2680 steps taken, and 895 accepted.
[0 : mcmc] Progress @ 2021-07-03 19:27:09 : 2601 steps taken, and 896 accepted.
[1 : mcmc] Progress @ 2021-07-03 19:27:43 : 2796 steps taken, and 942 accepted.
[1 : mcmc] Learn + convergence test @ 960 samples accepted.
[1 : mcmc] Ready to check convergence and learn a new proposal covmat (waiting for the rest...)
[0 : mcmc] Progress @ 2021-07-03 19:28:10 : 2712 steps taken, and 933 accepted.
[1 : mcmc] Progress @ 2021-07-03 19:28:43 : 2904 steps taken, and 982 accepted.
[0 : mcmc] Learn + convergence test @ 960 samples accepted.
[0 : mcmc] Ready to check convergence and learn a new proposal covmat (waiting for the rest...)
[0 : mcmc] All chains are ready to check convergence and learn a new proposal covmat
[0 : mcmc]  - Acceptance rate: 0.683 = avg([0.6866952789699571, 0.679945054945055])
[0 : mcmc]  - Convergence of means: R-1 = 0.487667 after 1950 accepted steps = sum([960, 990])
[0 : mcmc]  - Updated covariance matrix of proposal pdf.
[0 : mcmc] Progress @ 2021-07-03 19:29:10 : 2827 steps taken, and 972 accepted.
[1 : mcmc] Progress @ 2021-07-03 19:29:44 : 3023 steps taken, and 1025 accepted.
[0 : mcmc] Progress @ 2021-07-03 19:30:11 : 2930 steps taken, and 1008 accepted.
[1 : mcmc] Progress @ 2021-07-03 19:30:45 : 3133 steps taken, and 1070 accepted.
[0 : mcmc] Progress @ 2021-07-03 19:31:11 : 3044 steps taken, and 1047 accepted.
[1 : mcmc] Progress @ 2021-07-03 19:31:46 : 3248 steps taken, and 1110 accepted.
[1 : mcmc] Learn + convergence test @ 1120 samples accepted.
[1 : mcmc] Ready to check convergence and learn a new proposal covmat (waiting for the rest...)
[0 : mcmc] Progress @ 2021-07-03 19:32:12 : 3146 steps taken, and 1082 accepted.
[1 : mcmc] Progress @ 2021-07-03 19:32:46 : 3358 steps taken, and 1147 accepted.
[0 : mcmc] Learn + convergence test @ 1120 samples accepted.
[0 : mcmc] Ready to check convergence and learn a new proposal covmat (waiting for the rest...)
[0 : mcmc] All chains are ready to check convergence and learn a new proposal covmat
[0 : mcmc]  - Acceptance rate: 0.689 = avg([0.6917850525015442, 0.6855123674911661])
[0 : mcmc]  - Convergence of means: R-1 = 0.332034 after 2284 accepted steps = sum([1120, 1164])
[0 : mcmc]  - Updated covariance matrix of proposal pdf.
[0 : mcmc] Progress @ 2021-07-03 19:33:12 : 3250 steps taken, and 1124 accepted.
[1 : mcmc] Progress @ 2021-07-03 19:33:47 : 3487 steps taken, and 1191 accepted.
[0 : mcmc] Progress @ 2021-07-03 19:34:13 : 3354 steps taken, and 1157 accepted.
[1 : mcmc] Progress @ 2021-07-03 19:34:47 : 3594 steps taken, and 1229 accepted.
[0 : mcmc] Progress @ 2021-07-03 19:35:14 : 3463 steps taken, and 1199 accepted.
[1 : mcmc] Progress @ 2021-07-03 19:35:49 : 3708 steps taken, and 1258 accepted.
[0 : mcmc] Progress @ 2021-07-03 19:36:14 : 3564 steps taken, and 1234 accepted.
[1 : mcmc] Learn + convergence test @ 1280 samples accepted.
[1 : mcmc] Ready to check convergence and learn a new proposal covmat (waiting for the rest...)
[1 : mcmc] Progress @ 2021-07-03 19:36:49 : 3809 steps taken, and 1291 accepted.
[0 : mcmc] Progress @ 2021-07-03 19:37:15 : 3676 steps taken, and 1278 accepted.
[0 : mcmc] Learn + convergence test @ 1280 samples accepted.
[0 : mcmc] Ready to check convergence and learn a new proposal covmat (waiting for the rest...)
[0 : mcmc] All chains are ready to check convergence and learn a new proposal covmat
[0 : mcmc]  - Acceptance rate: 0.687 = avg([0.6960304513322458, 0.6791277258566978])
[0 : mcmc]  - Convergence of means: R-1 = 0.275968 after 2588 accepted steps = sum([1280, 1308])
[0 : mcmc]  - Updated covariance matrix of proposal pdf.
[1 : mcmc] Progress @ 2021-07-03 19:37:49 : 3916 steps taken, and 1325 accepted.
[0 : mcmc] Progress @ 2021-07-03 19:38:15 : 3778 steps taken, and 1308 accepted.
[1 : mcmc] Progress @ 2021-07-03 19:38:50 : 4005 steps taken, and 1356 accepted.
[0 : mcmc] Progress @ 2021-07-03 19:39:15 : 3884 steps taken, and 1344 accepted.
[1 : mcmc] Progress @ 2021-07-03 19:39:51 : 4107 steps taken, and 1388 accepted.
[0 : mcmc] Progress @ 2021-07-03 19:40:16 : 3983 steps taken, and 1377 accepted.
[1 : mcmc] Progress @ 2021-07-03 19:40:51 : 4225 steps taken, and 1430 accepted.
[1 : mcmc] Learn + convergence test @ 1440 samples accepted.
[1 : mcmc] Ready to check convergence and learn a new proposal covmat (waiting for the rest...)
[0 : mcmc] Progress @ 2021-07-03 19:41:17 : 4099 steps taken, and 1416 accepted.
[0 : mcmc] Learn + convergence test @ 1440 samples accepted.
[0 : mcmc] Ready to check convergence and learn a new proposal covmat (waiting for the rest...)
[0 : mcmc] All chains are ready to check convergence and learn a new proposal covmat
[0 : mcmc]  - Acceptance rate: 0.685 = avg([0.6913106096975516, 0.6777932313398238])
[0 : mcmc]  - Convergence of means: R-1 = 0.170524 after 2902 accepted steps = sum([1440, 1462])
[0 : mcmc]  - Updated covariance matrix of proposal pdf.
[1 : mcmc] Progress @ 2021-07-03 19:41:52 : 4329 steps taken, and 1464 accepted.
[0 : mcmc] Progress @ 2021-07-03 19:42:17 : 4219 steps taken, and 1456 accepted.
[1 : mcmc] Progress @ 2021-07-03 19:42:53 : 4445 steps taken, and 1505 accepted.
[0 : mcmc] Progress @ 2021-07-03 19:43:18 : 4341 steps taken, and 1504 accepted.
[1 : mcmc] Progress @ 2021-07-03 19:43:53 : 4555 steps taken, and 1546 accepted.
[0 : mcmc] Progress @ 2021-07-03 19:44:18 : 4453 steps taken, and 1544 accepted.
[1 : mcmc] Progress @ 2021-07-03 19:44:54 : 4659 steps taken, and 1584 accepted.
[0 : mcmc] Progress @ 2021-07-03 19:45:19 : 4568 steps taken, and 1584 accepted.
[1 : mcmc] Learn + convergence test @ 1600 samples accepted.
[1 : mcmc] Ready to check convergence and learn a new proposal covmat (waiting for the rest...)
[0 : mcmc] Learn + convergence test @ 1600 samples accepted.
[0 : mcmc] Ready to check convergence and learn a new proposal covmat (waiting for the rest...)
[0 : mcmc] All chains are ready to check convergence and learn a new proposal covmat
[0 : mcmc]  - Acceptance rate: 0.688 = avg([0.6947459834997829, 0.6803730394234845])
[0 : mcmc]  - Convergence of means: R-1 = 0.192911 after 3205 accepted steps = sum([1600, 1605])
[0 : mcmc]  - Updated covariance matrix of proposal pdf.
[1 : mcmc] Progress @ 2021-07-03 19:45:54 : 4757 steps taken, and 1614 accepted.
[0 : mcmc] Progress @ 2021-07-03 19:46:19 : 4681 steps taken, and 1623 accepted.
[1 : mcmc] Progress @ 2021-07-03 19:46:55 : 4868 steps taken, and 1649 accepted.
[0 : mcmc] Progress @ 2021-07-03 19:47:19 : 4785 steps taken, and 1660 accepted.
[1 : mcmc] Progress @ 2021-07-03 19:47:56 : 4977 steps taken, and 1686 accepted.
[0 : mcmc] Progress @ 2021-07-03 19:48:20 : 4888 steps taken, and 1697 accepted.
[1 : mcmc] Progress @ 2021-07-03 19:48:57 : 5109 steps taken, and 1730 accepted.
[0 : mcmc] Progress @ 2021-07-03 19:49:21 : 5002 steps taken, and 1732 accepted.
[1 : mcmc] Learn + convergence test @ 1760 samples accepted.
[1 : mcmc] Ready to check convergence and learn a new proposal covmat (waiting for the rest...)
[1 : mcmc] Progress @ 2021-07-03 19:49:58 : 5204 steps taken, and 1762 accepted.
[0 : mcmc] Learn + convergence test @ 1760 samples accepted.
[0 : mcmc] Ready to check convergence and learn a new proposal covmat (waiting for the rest...)
[0 : mcmc] All chains are ready to check convergence and learn a new proposal covmat
[0 : mcmc]  - Acceptance rate: 0.685 = avg([0.6918238993710691, 0.6776416539050536])
[0 : mcmc]  - Convergence of means: R-1 = 0.117897 after 3530 accepted steps = sum([1760, 1770])
[0 : mcmc]  - Updated covariance matrix of proposal pdf.
[0 : mcmc] Progress @ 2021-07-03 19:50:22 : 5105 steps taken, and 1764 accepted.
[1 : mcmc] Progress @ 2021-07-03 19:50:59 : 5315 steps taken, and 1800 accepted.
[0 : mcmc] Progress @ 2021-07-03 19:51:23 : 5210 steps taken, and 1798 accepted.
[1 : mcmc] Progress @ 2021-07-03 19:52:00 : 5426 steps taken, and 1837 accepted.
[0 : mcmc] Progress @ 2021-07-03 19:52:24 : 5293 steps taken, and 1828 accepted.
[1 : mcmc] Progress @ 2021-07-03 19:53:00 : 5568 steps taken, and 1879 accepted.
[0 : mcmc] Progress @ 2021-07-03 19:53:24 : 5398 steps taken, and 1867 accepted.
[1 : mcmc] Learn + convergence test @ 1920 samples accepted.
[1 : mcmc] Ready to check convergence and learn a new proposal covmat (waiting for the rest...)
[1 : mcmc] Progress @ 2021-07-03 19:54:00 : 5685 steps taken, and 1923 accepted.
[0 : mcmc] Progress @ 2021-07-03 19:54:24 : 5493 steps taken, and 1907 accepted.
[0 : mcmc] Learn + convergence test @ 1920 samples accepted.
[0 : mcmc] Ready to check convergence and learn a new proposal covmat (waiting for the rest...)
[0 : mcmc] All chains are ready to check convergence and learn a new proposal covmat
[0 : mcmc]  - Acceptance rate: 0.686 = avg([0.6951484431571325, 0.6779130434782609])
[0 : mcmc]  - Convergence of means: R-1 = 0.193852 after 3869 accepted steps = sum([1920, 1949])
[0 : mcmc]  - Updated covariance matrix of proposal pdf.
[1 : mcmc] Progress @ 2021-07-03 19:55:01 : 5788 steps taken, and 1961 accepted.
[0 : mcmc] Progress @ 2021-07-03 19:55:26 : 5602 steps taken, and 1949 accepted.
[1 : mcmc] Progress @ 2021-07-03 19:56:01 : 5893 steps taken, and 1993 accepted.
[0 : mcmc] Progress @ 2021-07-03 19:56:26 : 5714 steps taken, and 1986 accepted.
[1 : mcmc] Progress @ 2021-07-03 19:57:02 : 6009 steps taken, and 2035 accepted.
[0 : mcmc] Progress @ 2021-07-03 19:57:27 : 5821 steps taken, and 2022 accepted.
[1 : mcmc] Progress @ 2021-07-03 19:58:03 : 6107 steps taken, and 2067 accepted.
[1 : mcmc] Learn + convergence test @ 2080 samples accepted.
[1 : mcmc] Ready to check convergence and learn a new proposal covmat (waiting for the rest...)
[0 : mcmc] Progress @ 2021-07-03 19:58:28 : 5928 steps taken, and 2058 accepted.
[0 : mcmc] Learn + convergence test @ 2080 samples accepted.
[0 : mcmc] Ready to check convergence and learn a new proposal covmat (waiting for the rest...)
[0 : mcmc] All chains are ready to check convergence and learn a new proposal covmat
[0 : mcmc]  - Acceptance rate: 0.687 = avg([0.6954195921096623, 0.6787213432353891])
[0 : mcmc]  - Convergence of means: R-1 = 0.162875 after 4182 accepted steps = sum([2080, 2102])
[0 : mcmc]  - Updated covariance matrix of proposal pdf.
[1 : mcmc] Progress @ 2021-07-03 19:59:03 : 6210 steps taken, and 2104 accepted.
[0 : mcmc] Progress @ 2021-07-03 19:59:29 : 6033 steps taken, and 2094 accepted.
[1 : mcmc] Progress @ 2021-07-03 20:00:04 : 6353 steps taken, and 2152 accepted.
[0 : mcmc] Progress @ 2021-07-03 20:00:29 : 6136 steps taken, and 2123 accepted.
[1 : mcmc] Progress @ 2021-07-03 20:01:05 : 6455 steps taken, and 2185 accepted.
[0 : mcmc] Progress @ 2021-07-03 20:01:30 : 6248 steps taken, and 2161 accepted.
[1 : mcmc] Progress @ 2021-07-03 20:02:06 : 6569 steps taken, and 2224 accepted.
[1 : mcmc] Learn + convergence test @ 2240 samples accepted.
[1 : mcmc] Ready to check convergence and learn a new proposal covmat (waiting for the rest...)
[0 : mcmc] Progress @ 2021-07-03 20:02:31 : 6364 steps taken, and 2206 accepted.
[1 : mcmc] Progress @ 2021-07-03 20:03:06 : 6668 steps taken, and 2259 accepted.
[0 : mcmc] Learn + convergence test @ 2240 samples accepted.
[0 : mcmc] Ready to check convergence and learn a new proposal covmat (waiting for the rest...)
[0 : mcmc] All chains are ready to check convergence and learn a new proposal covmat
[0 : mcmc]  - Acceptance rate: 0.686 = avg([0.6945736434108527, 0.6784537009289782])
[0 : mcmc]  - Convergence of means: R-1 = 0.137444 after 4504 accepted steps = sum([2240, 2264])
[0 : mcmc]  - Updated covariance matrix of proposal pdf.
[0 : mcmc] Progress @ 2021-07-03 20:03:31 : 6513 steps taken, and 2250 accepted.
[1 : mcmc] Progress @ 2021-07-03 20:04:07 : 6760 steps taken, and 2286 accepted.
[0 : mcmc] Progress @ 2021-07-03 20:04:31 : 6627 steps taken, and 2294 accepted.
[1 : mcmc] Progress @ 2021-07-03 20:05:08 : 6872 steps taken, and 2325 accepted.
[0 : mcmc] Progress @ 2021-07-03 20:05:32 : 6739 steps taken, and 2340 accepted.
[1 : mcmc] Progress @ 2021-07-03 20:06:09 : 6983 steps taken, and 2359 accepted.
[0 : mcmc] Progress @ 2021-07-03 20:06:33 : 6851 steps taken, and 2374 accepted.
[1 : mcmc] Learn + convergence test @ 2400 samples accepted.
[1 : mcmc] Ready to check convergence and learn a new proposal covmat (waiting for the rest...)
[1 : mcmc] Progress @ 2021-07-03 20:07:10 : 7096 steps taken, and 2401 accepted.
[0 : mcmc] Learn + convergence test @ 2400 samples accepted.
[0 : mcmc] Ready to check convergence and learn a new proposal covmat (waiting for the rest...)
[0 : mcmc] All chains are ready to check convergence and learn a new proposal covmat
[0 : mcmc]  - Acceptance rate: 0.685 = avg([0.6932409012131716, 0.6771742189698846])
[0 : mcmc]  - Convergence of means: R-1 = 0.082927 after 4806 accepted steps = sum([2400, 2406])
[0 : mcmc]  - Updated covariance matrix of proposal pdf.
[0 : mcmc] Progress @ 2021-07-03 20:07:33 : 6940 steps taken, and 2403 accepted.
[1 : mcmc] Progress @ 2021-07-03 20:08:10 : 7203 steps taken, and 2436 accepted.
[0 : mcmc] Progress @ 2021-07-03 20:08:33 : 7043 steps taken, and 2436 accepted.
[1 : mcmc] Progress @ 2021-07-03 20:09:10 : 7301 steps taken, and 2465 accepted.
[0 : mcmc] Progress @ 2021-07-03 20:09:35 : 7158 steps taken, and 2470 accepted.
[1 : mcmc] Progress @ 2021-07-03 20:10:12 : 7419 steps taken, and 2507 accepted.
[0 : mcmc] Progress @ 2021-07-03 20:10:36 : 7265 steps taken, and 2506 accepted.
[1 : mcmc] Progress @ 2021-07-03 20:11:12 : 7518 steps taken, and 2538 accepted.
[0 : mcmc] Progress @ 2021-07-03 20:11:36 : 7361 steps taken, and 2537 accepted.
[1 : mcmc] Learn + convergence test @ 2560 samples accepted.
[1 : mcmc] Ready to check convergence and learn a new proposal covmat (waiting for the rest...)
[1 : mcmc] Progress @ 2021-07-03 20:12:12 : 7631 steps taken, and 2577 accepted.
[0 : mcmc] Learn + convergence test @ 2560 samples accepted.
[0 : mcmc] Ready to check convergence and learn a new proposal covmat (waiting for the rest...)
[0 : mcmc] All chains are ready to check convergence and learn a new proposal covmat
[0 : mcmc]  - Acceptance rate: 0.682 = avg([0.6889128094725512, 0.6761080514030947])
[0 : mcmc]  - Convergence of means: R-1 = 0.082139 after 5138 accepted steps = sum([2560, 2578])
[0 : mcmc]  - Updated covariance matrix of proposal pdf.
[0 : mcmc] Progress @ 2021-07-03 20:12:37 : 7470 steps taken, and 2575 accepted.
[1 : mcmc] Progress @ 2021-07-03 20:13:13 : 7731 steps taken, and 2609 accepted.
[0 : mcmc] Progress @ 2021-07-03 20:13:39 : 7581 steps taken, and 2619 accepted.
[1 : mcmc] Progress @ 2021-07-03 20:14:14 : 7838 steps taken, and 2643 accepted.
[0 : mcmc] Progress @ 2021-07-03 20:14:39 : 7689 steps taken, and 2649 accepted.
[1 : mcmc] Progress @ 2021-07-03 20:15:15 : 7952 steps taken, and 2682 accepted.
[0 : mcmc] Progress @ 2021-07-03 20:15:40 : 7795 steps taken, and 2682 accepted.
[1 : mcmc] Progress @ 2021-07-03 20:16:15 : 8069 steps taken, and 2711 accepted.
[1 : mcmc] Learn + convergence test @ 2720 samples accepted.
[1 : mcmc] Ready to check convergence and learn a new proposal covmat (waiting for the rest...)
[0 : mcmc] Learn + convergence test @ 2720 samples accepted.
[0 : mcmc] Ready to check convergence and learn a new proposal covmat (waiting for the rest...)
[0 : mcmc] All chains are ready to check convergence and learn a new proposal covmat
[0 : mcmc]  - Acceptance rate: 0.681 = avg([0.6877370417193426, 0.6738969682031057])
[0 : mcmc]  - Convergence of means: R-1 = 0.073392 after 5454 accepted steps = sum([2720, 2734])
[0 : mcmc]  - Updated covariance matrix of proposal pdf.
[0 : mcmc] Progress @ 2021-07-03 20:16:41 : 7918 steps taken, and 2722 accepted.
[1 : mcmc] Progress @ 2021-07-03 20:17:16 : 8225 steps taken, and 2766 accepted.
[0 : mcmc] Progress @ 2021-07-03 20:17:42 : 8029 steps taken, and 2758 accepted.
[1 : mcmc] Progress @ 2021-07-03 20:18:16 : 8331 steps taken, and 2800 accepted.
[0 : mcmc] Progress @ 2021-07-03 20:18:43 : 8144 steps taken, and 2799 accepted.
[1 : mcmc] Progress @ 2021-07-03 20:19:42 : 8460 steps taken, and 2838 accepted.
[0 : mcmc] Progress @ 2021-07-03 20:19:44 : 8254 steps taken, and 2841 accepted.
[1 : mcmc] Progress @ 2021-07-03 20:20:43 : 8564 steps taken, and 2869 accepted.
[0 : mcmc] Progress @ 2021-07-03 20:20:44 : 8363 steps taken, and 2870 accepted.
[0 : mcmc] Learn + convergence test @ 2880 samples accepted.
[0 : mcmc] Ready to check convergence and learn a new proposal covmat (waiting for the rest...)
[1 : mcmc] Learn + convergence test @ 2880 samples accepted.
[1 : mcmc] Ready to check convergence and learn a new proposal covmat (waiting for the rest...)
[0 : mcmc] All chains are ready to check convergence and learn a new proposal covmat
[0 : mcmc]  - Acceptance rate: 0.679 = avg([0.6867269267364415, 0.6710158434296365])
[0 : mcmc]  - Convergence of means: R-1 = 0.128695 after 5767 accepted steps = sum([2887, 2880])
[0 : mcmc]  - Updated covariance matrix of proposal pdf.
[1 : mcmc] Progress @ 2021-07-03 20:21:44 : 8655 steps taken, and 2899 accepted.
[0 : mcmc] Progress @ 2021-07-03 20:21:44 : 8492 steps taken, and 2913 accepted.
[1 : mcmc] Progress @ 2021-07-03 20:22:45 : 8758 steps taken, and 2932 accepted.
[0 : mcmc] Progress @ 2021-07-03 20:22:45 : 8608 steps taken, and 2956 accepted.
[0 : mcmc] Progress @ 2021-07-03 20:23:46 : 8715 steps taken, and 2988 accepted.
[1 : mcmc] Progress @ 2021-07-03 20:23:46 : 8856 steps taken, and 2966 accepted.
[0 : mcmc] Progress @ 2021-07-03 20:24:47 : 8842 steps taken, and 3034 accepted.
[1 : mcmc] Progress @ 2021-07-03 20:24:47 : 8960 steps taken, and 3005 accepted.
[0 : mcmc] Learn + convergence test @ 3040 samples accepted.
[0 : mcmc] Ready to check convergence and learn a new proposal covmat (waiting for the rest...)
[1 : mcmc] Progress @ 2021-07-03 20:25:48 : 9035 steps taken, and 3030 accepted.
[0 : mcmc] Progress @ 2021-07-03 20:25:48 : 8944 steps taken, and 3076 accepted.
[1 : mcmc] Learn + convergence test @ 3040 samples accepted.
[1 : mcmc] Ready to check convergence and learn a new proposal covmat (waiting for the rest...)
[0 : mcmc] All chains are ready to check convergence and learn a new proposal covmat
[0 : mcmc]  - Acceptance rate: 0.680 = avg([0.6882510013351135, 0.6709335687486206])
[0 : mcmc]  - Convergence of means: R-1 = 0.137005 after 6133 accepted steps = sum([3093, 3040])
[0 : mcmc]  - Updated covariance matrix of proposal pdf.
[1 : mcmc] Progress @ 2021-07-03 20:26:48 : 9118 steps taken, and 3049 accepted.
[0 : mcmc] Progress @ 2021-07-03 20:26:49 : 9048 steps taken, and 3112 accepted.
[1 : mcmc] Progress @ 2021-07-03 20:27:49 : 9236 steps taken, and 3091 accepted.
[0 : mcmc] Progress @ 2021-07-03 20:27:49 : 9147 steps taken, and 3142 accepted.
[1 : mcmc] Progress @ 2021-07-03 20:28:50 : 9343 steps taken, and 3126 accepted.
[0 : mcmc] Progress @ 2021-07-03 20:28:50 : 9271 steps taken, and 3184 accepted.
[0 : mcmc] Learn + convergence test @ 3200 samples accepted.
[0 : mcmc] Ready to check convergence and learn a new proposal covmat (waiting for the rest...)
[0 : mcmc] Progress @ 2021-07-03 20:29:50 : 9406 steps taken, and 3226 accepted.
[1 : mcmc] Progress @ 2021-07-03 20:29:51 : 9440 steps taken, and 3156 accepted.
[0 : mcmc] Progress @ 2021-07-03 20:30:51 : 9550 steps taken, and 3273 accepted.
[1 : mcmc] Progress @ 2021-07-03 20:30:52 : 9543 steps taken, and 3189 accepted.
[1 : mcmc] Learn + convergence test @ 3200 samples accepted.
[1 : mcmc] Ready to check convergence and learn a new proposal covmat (waiting for the rest...)
[0 : mcmc] All chains are ready to check convergence and learn a new proposal covmat
[0 : mcmc]  - Acceptance rate: 0.678 = avg([0.6857501044713749, 0.6691760769552488])
[0 : mcmc]  - Convergence of means: R-1 = 0.176426 after 6482 accepted steps = sum([3282, 3200])
[0 : mcmc]  - Updated covariance matrix of proposal pdf.
[0 : mcmc] Progress @ 2021-07-03 20:31:52 : 9677 steps taken, and 3315 accepted.
[1 : mcmc] Progress @ 2021-07-03 20:31:53 : 9676 steps taken, and 3232 accepted.
[0 : mcmc] Progress @ 2021-07-03 20:32:53 : 9785 steps taken, and 3348 accepted.
[1 : mcmc] Progress @ 2021-07-03 20:32:54 : 9824 steps taken, and 3278 accepted.
[0 : mcmc] Learn + convergence test @ 3360 samples accepted.
[0 : mcmc] Ready to check convergence and learn a new proposal covmat (waiting for the rest...)
[0 : mcmc] Progress @ 2021-07-03 20:33:54 : 9893 steps taken, and 3385 accepted.
[1 : mcmc] Progress @ 2021-07-03 20:33:55 : 9921 steps taken, and 3314 accepted.
[0 : mcmc] Progress @ 2021-07-03 20:34:55 : 10000 steps taken, and 3430 accepted.
[1 : mcmc] Progress @ 2021-07-03 20:34:56 : 10036 steps taken, and 3349 accepted.
[1 : mcmc] Learn + convergence test @ 3360 samples accepted.
[1 : mcmc] Ready to check convergence and learn a new proposal covmat (waiting for the rest...)
[0 : mcmc] All chains are ready to check convergence and learn a new proposal covmat
[0 : mcmc]  - Acceptance rate: 0.677 = avg([0.686516630153356, 0.6675938803894298])
[0 : mcmc]  - Convergence of means: R-1 = 0.176948 after 6807 accepted steps = sum([3447, 3360])
[0 : mcmc]  - Updated covariance matrix of proposal pdf.
[0 : mcmc] Progress @ 2021-07-03 20:35:56 : 10120 steps taken, and 3468 accepted.
[1 : mcmc] Progress @ 2021-07-03 20:35:57 : 10147 steps taken, and 3383 accepted.
[1 : mcmc] Progress @ 2021-07-03 20:36:57 : 10260 steps taken, and 3425 accepted.
[0 : mcmc] Progress @ 2021-07-03 20:37:06 : 10238 steps taken, and 3507 accepted.
[0 : mcmc] Learn + convergence test @ 3520 samples accepted.
[0 : mcmc] Ready to check convergence and learn a new proposal covmat (waiting for the rest...)
[1 : mcmc] Progress @ 2021-07-03 20:37:57 : 10358 steps taken, and 3452 accepted.
[0 : mcmc] Progress @ 2021-07-03 20:38:07 : 10351 steps taken, and 3545 accepted.
[1 : mcmc] Progress @ 2021-07-03 20:38:58 : 10488 steps taken, and 3500 accepted.
[0 : mcmc] Progress @ 2021-07-03 20:39:08 : 10452 steps taken, and 3576 accepted.
[1 : mcmc] Learn + convergence test @ 3520 samples accepted.
[1 : mcmc] Ready to check convergence and learn a new proposal covmat (waiting for the rest...)
[0 : mcmc] All chains are ready to check convergence and learn a new proposal covmat
[0 : mcmc]  - Acceptance rate: 0.677 = avg([0.6845816657137412, 0.6684390429168249])
[0 : mcmc]  - Convergence of means: R-1 = 0.197797 after 7112 accepted steps = sum([3592, 3520])
[0 : mcmc]  - Updated covariance matrix of proposal pdf.
[1 : mcmc] Progress @ 2021-07-03 20:39:59 : 10590 steps taken, and 3537 accepted.
[0 : mcmc] Progress @ 2021-07-03 20:40:10 : 10526 steps taken, and 3601 accepted.
[1 : mcmc] Progress @ 2021-07-03 20:41:00 : 10698 steps taken, and 3572 accepted.
[0 : mcmc] Progress @ 2021-07-03 20:41:11 : 10628 steps taken, and 3634 accepted.
[1 : mcmc] Progress @ 2021-07-03 20:42:01 : 10799 steps taken, and 3601 accepted.
[0 : mcmc] Progress @ 2021-07-03 20:42:12 : 10747 steps taken, and 3676 accepted.
[0 : mcmc] Learn + convergence test @ 3680 samples accepted.
[0 : mcmc] Ready to check convergence and learn a new proposal covmat (waiting for the rest...)
[1 : mcmc] Progress @ 2021-07-03 20:43:02 : 10921 steps taken, and 3646 accepted.
[0 : mcmc] Progress @ 2021-07-03 20:43:12 : 10856 steps taken, and 3712 accepted.
[1 : mcmc] Learn + convergence test @ 3680 samples accepted.
[1 : mcmc] Ready to check convergence and learn a new proposal covmat (waiting for the rest...)
[0 : mcmc] All chains are ready to check convergence and learn a new proposal covmat
[0 : mcmc]  - Acceptance rate: 0.677 = avg([0.6846632503660323, 0.6687261493730693])
[0 : mcmc]  - Convergence of means: R-1 = 0.141234 after 7421 accepted steps = sum([3741, 3680])
[0 : mcmc]  - Updated covariance matrix of proposal pdf.
[1 : mcmc] Progress @ 2021-07-03 20:44:03 : 11039 steps taken, and 3689 accepted.
[0 : mcmc] Progress @ 2021-07-03 20:44:12 : 10963 steps taken, and 3752 accepted.
[1 : mcmc] Progress @ 2021-07-03 20:45:04 : 11145 steps taken, and 3732 accepted.
[0 : mcmc] Progress @ 2021-07-03 20:45:13 : 11066 steps taken, and 3784 accepted.
[1 : mcmc] Progress @ 2021-07-03 20:46:05 : 11252 steps taken, and 3771 accepted.
[0 : mcmc] Progress @ 2021-07-03 20:46:14 : 11207 steps taken, and 3833 accepted.
[0 : mcmc] Learn + convergence test @ 3840 samples accepted.
[0 : mcmc] Ready to check convergence and learn a new proposal covmat (waiting for the rest...)
[1 : mcmc] Progress @ 2021-07-03 20:47:06 : 11356 steps taken, and 3808 accepted.
[0 : mcmc] Progress @ 2021-07-03 20:47:14 : 11328 steps taken, and 3877 accepted.
[1 : mcmc] Learn + convergence test @ 3840 samples accepted.
[1 : mcmc] Ready to check convergence and learn a new proposal covmat (waiting for the rest...)
[0 : mcmc] All chains are ready to check convergence and learn a new proposal covmat
[0 : mcmc]  - Acceptance rate: 0.677 = avg([0.6837396947903877, 0.6705081194342588])
[0 : mcmc]  - Convergence of means: R-1 = 0.144948 after 7738 accepted steps = sum([3898, 3840])
[0 : mcmc]  - Updated covariance matrix of proposal pdf.
[1 : mcmc] Progress @ 2021-07-03 20:48:06 : 11472 steps taken, and 3843 accepted.
[0 : mcmc] Progress @ 2021-07-03 20:48:16 : 11432 steps taken, and 3907 accepted.
[1 : mcmc] Progress @ 2021-07-03 20:49:06 : 11574 steps taken, and 3879 accepted.
[0 : mcmc] Progress @ 2021-07-03 20:49:16 : 11549 steps taken, and 3951 accepted.
[1 : mcmc] Progress @ 2021-07-03 20:50:07 : 11721 steps taken, and 3927 accepted.
[0 : mcmc] Progress @ 2021-07-03 20:50:17 : 11655 steps taken, and 3988 accepted.
[0 : mcmc] Learn + convergence test @ 4000 samples accepted.
[0 : mcmc] Ready to check convergence and learn a new proposal covmat (waiting for the rest...)
[1 : mcmc] Progress @ 2021-07-03 20:51:07 : 11853 steps taken, and 3970 accepted.
[0 : mcmc] Progress @ 2021-07-03 20:51:18 : 11773 steps taken, and 4034 accepted.
[1 : mcmc] Learn + convergence test @ 4000 samples accepted.
[1 : mcmc] Ready to check convergence and learn a new proposal covmat (waiting for the rest...)
[0 : mcmc] All chains are ready to check convergence and learn a new proposal covmat
[0 : mcmc]  - Acceptance rate: 0.678 = avg([0.6851257808542968, 0.6705783738474435])
[0 : mcmc]  - Convergence of means: R-1 = 0.138416 after 8058 accepted steps = sum([4058, 4000])
[0 : mcmc]  - Updated covariance matrix of proposal pdf.
[1 : mcmc] Progress @ 2021-07-03 20:52:09 : 11956 steps taken, and 4007 accepted.
[0 : mcmc] Progress @ 2021-07-03 20:52:18 : 11888 steps taken, and 4073 accepted.
[1 : mcmc] Progress @ 2021-07-03 20:53:10 : 12070 steps taken, and 4050 accepted.
[0 : mcmc] Progress @ 2021-07-03 20:53:19 : 12023 steps taken, and 4118 accepted.
[1 : mcmc] Progress @ 2021-07-03 20:54:10 : 12194 steps taken, and 4094 accepted.
[0 : mcmc] Progress @ 2021-07-03 20:54:20 : 12148 steps taken, and 4155 accepted.
[0 : mcmc] Learn + convergence test @ 4160 samples accepted.
[0 : mcmc] Ready to check convergence and learn a new proposal covmat (waiting for the rest...)
[1 : mcmc] Progress @ 2021-07-03 20:55:10 : 12294 steps taken, and 4129 accepted.
[0 : mcmc] Progress @ 2021-07-03 20:55:20 : 12248 steps taken, and 4189 accepted.
[1 : mcmc] Progress @ 2021-07-03 20:56:11 : 12385 steps taken, and 4154 accepted.
[1 : mcmc] Learn + convergence test @ 4160 samples accepted.
[1 : mcmc] Ready to check convergence and learn a new proposal covmat (waiting for the rest...)
[0 : mcmc] Progress @ 2021-07-03 20:56:21 : 12359 steps taken, and 4229 accepted.
[0 : mcmc] All chains are ready to check convergence and learn a new proposal covmat
[0 : mcmc]  - Acceptance rate: 0.678 = avg([0.6845767923612235, 0.6714009038089089])
[0 : mcmc]  - Convergence of means: R-1 = 0.103002 after 8390 accepted steps = sum([4230, 4160])
[0 : mcmc]  - Updated covariance matrix of proposal pdf.
[1 : mcmc] Progress @ 2021-07-03 20:57:11 : 12489 steps taken, and 4186 accepted.
[0 : mcmc] Progress @ 2021-07-03 20:57:22 : 12464 steps taken, and 4267 accepted.
[1 : mcmc] Progress @ 2021-07-03 20:58:12 : 12604 steps taken, and 4225 accepted.
[0 : mcmc] Progress @ 2021-07-03 20:58:23 : 12575 steps taken, and 4299 accepted.
[0 : mcmc] Learn + convergence test @ 4320 samples accepted.
[0 : mcmc] Ready to check convergence and learn a new proposal covmat (waiting for the rest...)
[1 : mcmc] Progress @ 2021-07-03 20:59:15 : 12726 steps taken, and 4272 accepted.
[0 : mcmc] Progress @ 2021-07-03 20:59:24 : 12685 steps taken, and 4338 accepted.
[1 : mcmc] Progress @ 2021-07-03 21:00:16 : 12831 steps taken, and 4305 accepted.
[0 : mcmc] Progress @ 2021-07-03 21:00:25 : 12793 steps taken, and 4380 accepted.
[1 : mcmc] Learn + convergence test @ 4320 samples accepted.
[1 : mcmc] Ready to check convergence and learn a new proposal covmat (waiting for the rest...)
[0 : mcmc] All chains are ready to check convergence and learn a new proposal covmat
[0 : mcmc]  - Acceptance rate: 0.679 = avg([0.684974254953971, 0.6721643068305586])
[0 : mcmc]  - Convergence of means: R-1 = 0.119009 after 8710 accepted steps = sum([4390, 4320])
[0 : mcmc]  - Updated covariance matrix of proposal pdf.
[1 : mcmc] Progress @ 2021-07-03 21:01:17 : 12956 steps taken, and 4348 accepted.
[0 : mcmc] Progress @ 2021-07-03 21:01:26 : 12898 steps taken, and 4416 accepted.
[1 : mcmc] Progress @ 2021-07-03 21:02:18 : 13087 steps taken, and 4395 accepted.
[0 : mcmc] Progress @ 2021-07-03 21:02:27 : 13027 steps taken, and 4461 accepted.
[0 : mcmc] Learn + convergence test @ 4480 samples accepted.
[0 : mcmc] Ready to check convergence and learn a new proposal covmat (waiting for the rest...)
[1 : mcmc] Progress @ 2021-07-03 21:03:19 : 13194 steps taken, and 4424 accepted.
[0 : mcmc] Progress @ 2021-07-03 21:03:28 : 13160 steps taken, and 4507 accepted.
[1 : mcmc] Progress @ 2021-07-03 21:04:20 : 13305 steps taken, and 4462 accepted.
[0 : mcmc] Progress @ 2021-07-03 21:04:28 : 13270 steps taken, and 4546 accepted.
[1 : mcmc] Learn + convergence test @ 4480 samples accepted.
[1 : mcmc] Ready to check convergence and learn a new proposal covmat (waiting for the rest...)
[0 : mcmc] All chains are ready to check convergence and learn a new proposal covmat
[0 : mcmc]  - Acceptance rate: 0.678 = avg([0.6851684717208183, 0.6713622059043908])
[0 : mcmc]  - Convergence of means: R-1 = 0.128381 after 9035 accepted steps = sum([4555, 4480])
[0 : mcmc]  - Updated covariance matrix of proposal pdf.
[1 : mcmc] Progress @ 2021-07-03 21:05:20 : 13413 steps taken, and 4501 accepted.
[0 : mcmc] Progress @ 2021-07-03 21:05:29 : 13368 steps taken, and 4578 accepted.
[1 : mcmc] Progress @ 2021-07-03 21:06:22 : 13535 steps taken, and 4541 accepted.
[0 : mcmc] Progress @ 2021-07-03 21:06:30 : 13484 steps taken, and 4615 accepted.
[0 : mcmc] Learn + convergence test @ 4640 samples accepted.
[0 : mcmc] Ready to check convergence and learn a new proposal covmat (waiting for the rest...)
[1 : mcmc] Progress @ 2021-07-03 21:07:23 : 13642 steps taken, and 4576 accepted.
[0 : mcmc] Progress @ 2021-07-03 21:07:30 : 13586 steps taken, and 4645 accepted.
[1 : mcmc] Progress @ 2021-07-03 21:08:23 : 13756 steps taken, and 4618 accepted.
[0 : mcmc] Progress @ 2021-07-03 21:08:31 : 13700 steps taken, and 4684 accepted.
[1 : mcmc] Learn + convergence test @ 4640 samples accepted.
[1 : mcmc] Ready to check convergence and learn a new proposal covmat (waiting for the rest...)
[0 : mcmc] All chains are ready to check convergence and learn a new proposal covmat
[0 : mcmc]  - Acceptance rate: 0.678 = avg([0.6836511864900277, 0.6721715196291468])
[0 : mcmc]  - Convergence of means: R-1 = 0.123630 after 9336 accepted steps = sum([4696, 4640])
[0 : mcmc]  - Updated covariance matrix of proposal pdf.
[1 : mcmc] Progress @ 2021-07-03 21:09:23 : 13881 steps taken, and 4662 accepted.
[0 : mcmc] Progress @ 2021-07-03 21:09:32 : 13832 steps taken, and 4735 accepted.
[1 : mcmc] Progress @ 2021-07-03 21:10:25 : 14024 steps taken, and 4704 accepted.
[0 : mcmc] Progress @ 2021-07-03 21:10:33 : 13971 steps taken, and 4783 accepted.
[0 : mcmc] Learn + convergence test @ 4800 samples accepted.
[0 : mcmc] Ready to check convergence and learn a new proposal covmat (waiting for the rest...)
[1 : mcmc] Progress @ 2021-07-03 21:11:25 : 14137 steps taken, and 4743 accepted.
[0 : mcmc] Progress @ 2021-07-03 21:11:33 : 14075 steps taken, and 4826 accepted.
[1 : mcmc] Progress @ 2021-07-03 21:12:27 : 14253 steps taken, and 4782 accepted.
[0 : mcmc] Progress @ 2021-07-03 21:12:34 : 14190 steps taken, and 4862 accepted.
[1 : mcmc] Learn + convergence test @ 4800 samples accepted.
[1 : mcmc] Ready to check convergence and learn a new proposal covmat (waiting for the rest...)
[0 : mcmc] All chains are ready to check convergence and learn a new proposal covmat
[0 : mcmc]  - Acceptance rate: 0.678 = avg([0.6851877901251934, 0.6717044500419815])
[0 : mcmc]  - Convergence of means: R-1 = 0.083176 after 9671 accepted steps = sum([4871, 4800])
[0 : mcmc]  - Updated covariance matrix of proposal pdf.
[1 : mcmc] Progress @ 2021-07-03 21:13:27 : 14365 steps taken, and 4824 accepted.
[0 : mcmc] Progress @ 2021-07-03 21:13:34 : 14299 steps taken, and 4897 accepted.
[1 : mcmc] Progress @ 2021-07-03 21:14:28 : 14495 steps taken, and 4861 accepted.
[0 : mcmc] Progress @ 2021-07-03 21:14:35 : 14413 steps taken, and 4935 accepted.
[0 : mcmc] Learn + convergence test @ 4960 samples accepted.
[0 : mcmc] Ready to check convergence and learn a new proposal covmat (waiting for the rest...)
[1 : mcmc] Progress @ 2021-07-03 21:15:29 : 14595 steps taken, and 4898 accepted.
[0 : mcmc] Progress @ 2021-07-03 21:15:36 : 14547 steps taken, and 4978 accepted.
[1 : mcmc] Progress @ 2021-07-03 21:16:29 : 14700 steps taken, and 4935 accepted.
[0 : mcmc] Progress @ 2021-07-03 21:16:36 : 14654 steps taken, and 5015 accepted.
[1 : mcmc] Learn + convergence test @ 4960 samples accepted.
[1 : mcmc] Ready to check convergence and learn a new proposal covmat (waiting for the rest...)
[0 : mcmc] All chains are ready to check convergence and learn a new proposal covmat
[0 : mcmc]  - Acceptance rate: 0.679 = avg([0.6850190320826536, 0.6722689075630253])
[0 : mcmc]  - Convergence of means: R-1 = 0.059294 after 9999 accepted steps = sum([5039, 4960])
[0 : mcmc]  - Updated covariance matrix of proposal pdf.
[1 : mcmc] Progress @ 2021-07-03 21:17:29 : 14802 steps taken, and 4972 accepted.
[0 : mcmc] Progress @ 2021-07-03 21:17:37 : 14787 steps taken, and 5063 accepted.
[1 : mcmc] Progress @ 2021-07-03 21:18:30 : 14934 steps taken, and 5020 accepted.
[0 : mcmc] Progress @ 2021-07-03 21:18:37 : 14911 steps taken, and 5114 accepted.
[0 : mcmc] Learn + convergence test @ 5120 samples accepted.
[0 : mcmc] Ready to check convergence and learn a new proposal covmat (waiting for the rest...)
[1 : mcmc] Progress @ 2021-07-03 21:19:31 : 15050 steps taken, and 5060 accepted.
[0 : mcmc] Progress @ 2021-07-03 21:19:38 : 15037 steps taken, and 5153 accepted.
[1 : mcmc] Progress @ 2021-07-03 21:20:32 : 15159 steps taken, and 5094 accepted.
[0 : mcmc] Progress @ 2021-07-03 21:20:39 : 15156 steps taken, and 5192 accepted.
[1 : mcmc] Learn + convergence test @ 5120 samples accepted.
[1 : mcmc] Ready to check convergence and learn a new proposal covmat (waiting for the rest...)
[0 : mcmc] All chains are ready to check convergence and learn a new proposal covmat
[0 : mcmc]  - Acceptance rate: 0.679 = avg([0.6849927660134157, 0.6722689075630253])
[0 : mcmc]  - Convergence of means: R-1 = 0.032353 after 10328 accepted steps = sum([5208, 5120])
[0 : mcmc]  - Updated covariance matrix of proposal pdf.
[1 : mcmc] Progress @ 2021-07-03 21:21:33 : 15279 steps taken, and 5132 accepted.
[0 : mcmc] Progress @ 2021-07-03 21:21:40 : 15258 steps taken, and 5227 accepted.
[1 : mcmc] Progress @ 2021-07-03 21:22:33 : 15383 steps taken, and 5168 accepted.
[0 : mcmc] Progress @ 2021-07-03 21:22:40 : 15364 steps taken, and 5262 accepted.
[0 : mcmc] Learn + convergence test @ 5280 samples accepted.
[0 : mcmc] Ready to check convergence and learn a new proposal covmat (waiting for the rest...)
[1 : mcmc] Progress @ 2021-07-03 21:23:34 : 15520 steps taken, and 5207 accepted.
[0 : mcmc] Progress @ 2021-07-03 21:23:41 : 15494 steps taken, and 5299 accepted.
[1 : mcmc] Progress @ 2021-07-03 21:24:34 : 15641 steps taken, and 5244 accepted.
[0 : mcmc] Progress @ 2021-07-03 21:24:41 : 15604 steps taken, and 5340 accepted.
[1 : mcmc] Learn + convergence test @ 5280 samples accepted.
[1 : mcmc] Ready to check convergence and learn a new proposal covmat (waiting for the rest...)
[0 : mcmc] All chains are ready to check convergence and learn a new proposal covmat
[0 : mcmc]  - Acceptance rate: 0.678 = avg([0.6842105263157895, 0.670987418985894])
[0 : mcmc]  - Convergence of means: R-1 = 0.046149 after 10649 accepted steps = sum([5369, 5280])
[0 : mcmc]  - Updated covariance matrix of proposal pdf.
[1 : mcmc] Progress @ 2021-07-03 21:25:36 : 15748 steps taken, and 5280 accepted.
[0 : mcmc] Progress @ 2021-07-03 21:25:41 : 15711 steps taken, and 5371 accepted.
[1 : mcmc] Progress @ 2021-07-03 21:26:37 : 15849 steps taken, and 5314 accepted.
[0 : mcmc] Progress @ 2021-07-03 21:26:43 : 15839 steps taken, and 5424 accepted.
[0 : mcmc] Learn + convergence test @ 5440 samples accepted.
[0 : mcmc] Ready to check convergence and learn a new proposal covmat (waiting for the rest...)
[1 : mcmc] Progress @ 2021-07-03 21:27:39 : 15957 steps taken, and 5353 accepted.
[0 : mcmc] Progress @ 2021-07-03 21:27:43 : 15946 steps taken, and 5464 accepted.
[1 : mcmc] Progress @ 2021-07-03 21:28:39 : 16071 steps taken, and 5396 accepted.
[0 : mcmc] Progress @ 2021-07-03 21:28:44 : 16075 steps taken, and 5509 accepted.
[1 : mcmc] Progress @ 2021-07-03 21:29:40 : 16183 steps taken, and 5438 accepted.
[1 : mcmc] Learn + convergence test @ 5440 samples accepted.
[1 : mcmc] Ready to check convergence and learn a new proposal covmat (waiting for the rest...)
[0 : mcmc] All chains are ready to check convergence and learn a new proposal covmat
[0 : mcmc]  - Acceptance rate: 0.679 = avg([0.6855128046517383, 0.6724351050679852])
[0 : mcmc]  - Convergence of means: R-1 = 0.025412 after 10981 accepted steps = sum([5541, 5440])
[0 : mcmc]  - Updated covariance matrix of proposal pdf.
[0 : mcmc] Progress @ 2021-07-03 21:29:45 : 16172 steps taken, and 5542 accepted.
[1 : mcmc] Progress @ 2021-07-03 21:30:41 : 16283 steps taken, and 5476 accepted.
[0 : mcmc] Progress @ 2021-07-03 21:30:46 : 16277 steps taken, and 5579 accepted.
[0 : mcmc] Learn + convergence test @ 5600 samples accepted.
[0 : mcmc] Ready to check convergence and learn a new proposal covmat (waiting for the rest...)
[1 : mcmc] Progress @ 2021-07-03 21:31:42 : 16407 steps taken, and 5520 accepted.
[0 : mcmc] Progress @ 2021-07-03 21:31:47 : 16383 steps taken, and 5611 accepted.
[1 : mcmc] Progress @ 2021-07-03 21:32:42 : 16532 steps taken, and 5567 accepted.
[0 : mcmc] Progress @ 2021-07-03 21:32:48 : 16499 steps taken, and 5652 accepted.
[1 : mcmc] Learn + convergence test @ 5600 samples accepted.
[1 : mcmc] Ready to check convergence and learn a new proposal covmat (waiting for the rest...)
[0 : mcmc] All chains are ready to check convergence and learn a new proposal covmat
[0 : mcmc]  - Acceptance rate: 0.680 = avg([0.6850488717268011, 0.6742114134360703])
[0 : mcmc]  - Convergence of means: R-1 = 0.015942 after 11277 accepted steps = sum([5677, 5600])
[0 : mcmc]  - Updated covariance matrix of proposal pdf.
[1 : mcmc] Progress @ 2021-07-03 21:33:43 : 16645 steps taken, and 5610 accepted.
[0 : mcmc] Progress @ 2021-07-03 21:33:49 : 16612 steps taken, and 5687 accepted.
[1 : mcmc] Progress @ 2021-07-03 21:34:43 : 16746 steps taken, and 5644 accepted.
[0 : mcmc] Progress @ 2021-07-03 21:34:50 : 16718 steps taken, and 5717 accepted.
[1 : mcmc] Progress @ 2021-07-03 21:35:44 : 16837 steps taken, and 5679 accepted.
[0 : mcmc] Progress @ 2021-07-03 21:35:50 : 16826 steps taken, and 5754 accepted.
[0 : mcmc] Learn + convergence test @ 5760 samples accepted.
[0 : mcmc] Ready to check convergence and learn a new proposal covmat (waiting for the rest...)
[1 : mcmc] Progress @ 2021-07-03 21:36:45 : 16957 steps taken, and 5720 accepted.
[0 : mcmc] Progress @ 2021-07-03 21:36:51 : 16932 steps taken, and 5791 accepted.
[1 : mcmc] Progress @ 2021-07-03 21:37:45 : 17054 steps taken, and 5757 accepted.
[1 : mcmc] Learn + convergence test @ 5760 samples accepted.
[1 : mcmc] Ready to check convergence and learn a new proposal covmat (waiting for the rest...)
[0 : mcmc] All chains are ready to check convergence and learn a new proposal covmat
[0 : mcmc]  - Acceptance rate: 0.680 = avg([0.6840807701338343, 0.6755805770584096])
[0 : mcmc]  - Convergence of means: R-1 = 0.011683 after 11587 accepted steps = sum([5827, 5760])
[0 : mcmc]  - Updated covariance matrix of proposal pdf.
[0 : mcmc] Progress @ 2021-07-03 21:37:52 : 17046 steps taken, and 5830 accepted.
[1 : mcmc] Progress @ 2021-07-03 21:38:46 : 17165 steps taken, and 5793 accepted.
[0 : mcmc] Progress @ 2021-07-03 21:38:52 : 17153 steps taken, and 5865 accepted.
[1 : mcmc] Progress @ 2021-07-03 21:39:47 : 17263 steps taken, and 5822 accepted.
[0 : mcmc] Progress @ 2021-07-03 21:39:52 : 17263 steps taken, and 5899 accepted.
[0 : mcmc] Learn + convergence test @ 5920 samples accepted.
[0 : mcmc] Ready to check convergence and learn a new proposal covmat (waiting for the rest...)
[1 : mcmc] Progress @ 2021-07-03 21:40:48 : 17373 steps taken, and 5858 accepted.
[0 : mcmc] Progress @ 2021-07-03 21:40:53 : 17401 steps taken, and 5942 accepted.
[1 : mcmc] Progress @ 2021-07-03 21:41:49 : 17508 steps taken, and 5901 accepted.
[0 : mcmc] Progress @ 2021-07-03 21:41:54 : 17512 steps taken, and 5983 accepted.
[1 : mcmc] Learn + convergence test @ 5920 samples accepted.
[1 : mcmc] Ready to check convergence and learn a new proposal covmat (waiting for the rest...)
[0 : mcmc] All chains are ready to check convergence and learn a new proposal covmat
[0 : mcmc]  - Acceptance rate: 0.679 = avg([0.6833827216776841, 0.6746438746438747])
[0 : mcmc]  - Convergence of means: R-1 = 0.020648 after 11916 accepted steps = sum([5996, 5920])
[0 : mcmc]  - Updated covariance matrix of proposal pdf.
[1 : mcmc] Progress @ 2021-07-03 21:42:49 : 17622 steps taken, and 5936 accepted.
[0 : mcmc] Progress @ 2021-07-03 21:42:54 : 17621 steps taken, and 6019 accepted.
[1 : mcmc] Progress @ 2021-07-03 21:43:50 : 17727 steps taken, and 5966 accepted.
[0 : mcmc] Progress @ 2021-07-03 21:43:55 : 17721 steps taken, and 6046 accepted.
[0 : mcmc] Learn + convergence test @ 6080 samples accepted.
[0 : mcmc] Ready to check convergence and learn a new proposal covmat (waiting for the rest...)
[1 : mcmc] Progress @ 2021-07-03 21:44:51 : 17834 steps taken, and 6002 accepted.
[0 : mcmc] Progress @ 2021-07-03 21:44:56 : 17841 steps taken, and 6092 accepted.
[1 : mcmc] Progress @ 2021-07-03 21:45:51 : 17944 steps taken, and 6045 accepted.
[0 : mcmc] Progress @ 2021-07-03 21:45:56 : 17949 steps taken, and 6129 accepted.
[1 : mcmc] Learn + convergence test @ 6080 samples accepted.
[1 : mcmc] Ready to check convergence and learn a new proposal covmat (waiting for the rest...)
[0 : mcmc] All chains are ready to check convergence and learn a new proposal covmat
[0 : mcmc]  - Acceptance rate: 0.679 = avg([0.6827402726970402, 0.6744315030504714])
[0 : mcmc]  - Convergence of means: R-1 = 0.030694 after 12239 accepted steps = sum([6159, 6080])
[0 : mcmc]  - Updated covariance matrix of proposal pdf.
[1 : mcmc] Progress @ 2021-07-03 21:46:52 : 18048 steps taken, and 6083 accepted.
[0 : mcmc] Progress @ 2021-07-03 21:46:57 : 18064 steps taken, and 6167 accepted.
[1 : mcmc] Progress @ 2021-07-03 21:47:53 : 18149 steps taken, and 6120 accepted.
[0 : mcmc] Progress @ 2021-07-03 21:47:57 : 18201 steps taken, and 6213 accepted.
[0 : mcmc] Learn + convergence test @ 6240 samples accepted.
[0 : mcmc] Ready to check convergence and learn a new proposal covmat (waiting for the rest...)
[1 : mcmc] Progress @ 2021-07-03 21:48:53 : 18257 steps taken, and 6161 accepted.
[0 : mcmc] Progress @ 2021-07-03 21:48:58 : 18305 steps taken, and 6246 accepted.
[1 : mcmc] Progress @ 2021-07-03 21:49:53 : 18360 steps taken, and 6194 accepted.
[0 : mcmc] Progress @ 2021-07-03 21:49:58 : 18414 steps taken, and 6281 accepted.
[1 : mcmc] Progress @ 2021-07-03 21:50:54 : 18471 steps taken, and 6232 accepted.
[1 : mcmc] Learn + convergence test @ 6240 samples accepted.
[1 : mcmc] Ready to check convergence and learn a new proposal covmat (waiting for the rest...)
[0 : mcmc] Progress @ 2021-07-03 21:50:59 : 18528 steps taken, and 6321 accepted.
[0 : mcmc] All chains are ready to check convergence and learn a new proposal covmat
[0 : mcmc]  - Acceptance rate: 0.679 = avg([0.6823923135053438, 0.6751785327851114])
[0 : mcmc]  - Convergence of means: R-1 = 0.029242 after 12561 accepted steps = sum([6321, 6240])
[0 : mcmc]  - Updated covariance matrix of proposal pdf.
[1 : mcmc] Progress @ 2021-07-03 21:51:54 : 18617 steps taken, and 6282 accepted.
[0 : mcmc] Progress @ 2021-07-03 21:52:00 : 18644 steps taken, and 6361 accepted.
[1 : mcmc] Progress @ 2021-07-03 21:52:56 : 18726 steps taken, and 6323 accepted.
[0 : mcmc] Progress @ 2021-07-03 21:53:01 : 18748 steps taken, and 6390 accepted.
[0 : mcmc] Learn + convergence test @ 6400 samples accepted.
[0 : mcmc] Ready to check convergence and learn a new proposal covmat (waiting for the rest...)
[1 : mcmc] Progress @ 2021-07-03 21:53:56 : 18825 steps taken, and 6359 accepted.
[0 : mcmc] Progress @ 2021-07-03 21:54:02 : 18852 steps taken, and 6432 accepted.
[1 : mcmc] Learn + convergence test @ 6400 samples accepted.
[1 : mcmc] Ready to check convergence and learn a new proposal covmat (waiting for the rest...)
[0 : mcmc] All chains are ready to check convergence and learn a new proposal covmat
[0 : mcmc]  - Acceptance rate: 0.679 = avg([0.6826486429401204, 0.676032534065702])
[0 : mcmc]  - Convergence of means: R-1 = 0.027252 after 12864 accepted steps = sum([6464, 6400])
[0 : mcmc]  - Updated covariance matrix of proposal pdf.
[1 : mcmc] Progress @ 2021-07-03 21:54:57 : 18961 steps taken, and 6405 accepted.
[0 : mcmc] Progress @ 2021-07-03 21:55:03 : 18964 steps taken, and 6471 accepted.
[1 : mcmc] Progress @ 2021-07-03 21:55:57 : 19078 steps taken, and 6441 accepted.
[0 : mcmc] Progress @ 2021-07-03 21:56:05 : 19064 steps taken, and 6508 accepted.
[1 : mcmc] Progress @ 2021-07-03 21:56:59 : 19189 steps taken, and 6481 accepted.
[0 : mcmc] Progress @ 2021-07-03 21:57:05 : 19169 steps taken, and 6540 accepted.
[0 : mcmc] Learn + convergence test @ 6560 samples accepted.
[0 : mcmc] Ready to check convergence and learn a new proposal covmat (waiting for the rest...)
[1 : mcmc] Progress @ 2021-07-03 21:57:59 : 19299 steps taken, and 6515 accepted.
[0 : mcmc] Progress @ 2021-07-03 21:58:06 : 19276 steps taken, and 6570 accepted.
[1 : mcmc] Progress @ 2021-07-03 21:58:59 : 19419 steps taken, and 6556 accepted.
[1 : mcmc] Learn + convergence test @ 6560 samples accepted.
[1 : mcmc] Ready to check convergence and learn a new proposal covmat (waiting for the rest...)
[0 : mcmc] All chains are ready to check convergence and learn a new proposal covmat
[0 : mcmc]  - Acceptance rate: 0.678 = avg([0.6812551610239471, 0.6756617571325574])
[0 : mcmc]  - Convergence of means: R-1 = 0.031128 after 13160 accepted steps = sum([6600, 6560])
[0 : mcmc]  - Updated covariance matrix of proposal pdf.
[0 : mcmc] Progress @ 2021-07-03 21:59:07 : 19379 steps taken, and 6601 accepted.
[1 : mcmc] Progress @ 2021-07-03 22:00:00 : 19559 steps taken, and 6599 accepted.
[0 : mcmc] Progress @ 2021-07-03 22:00:07 : 19477 steps taken, and 6638 accepted.
[1 : mcmc] Progress @ 2021-07-03 22:01:01 : 19662 steps taken, and 6638 accepted.
[0 : mcmc] Progress @ 2021-07-03 22:01:08 : 19599 steps taken, and 6678 accepted.
[1 : mcmc] Progress @ 2021-07-03 22:02:01 : 19773 steps taken, and 6676 accepted.
[0 : mcmc] Progress @ 2021-07-03 22:02:09 : 19704 steps taken, and 6714 accepted.
[0 : mcmc] Learn + convergence test @ 6720 samples accepted.
[0 : mcmc] Ready to check convergence and learn a new proposal covmat (waiting for the rest...)
[1 : mcmc] Progress @ 2021-07-03 22:03:02 : 19882 steps taken, and 6714 accepted.
[0 : mcmc] Progress @ 2021-07-03 22:03:10 : 19818 steps taken, and 6753 accepted.
[1 : mcmc] Learn + convergence test @ 6720 samples accepted.
[1 : mcmc] Ready to check convergence and learn a new proposal covmat (waiting for the rest...)
[0 : mcmc] All chains are ready to check convergence and learn a new proposal covmat
[0 : mcmc]  - Acceptance rate: 0.679 = avg([0.6816025835099404, 0.6757164404223228])
[0 : mcmc]  - Convergence of means: R-1 = 0.055070 after 13474 accepted steps = sum([6754, 6720])
[0 : mcmc]  - Updated covariance matrix of proposal pdf.
[1 : mcmc] Progress @ 2021-07-03 22:04:02 : 20005 steps taken, and 6760 accepted.
[0 : mcmc] Progress @ 2021-07-03 22:04:10 : 19921 steps taken, and 6788 accepted.
[1 : mcmc] Progress @ 2021-07-03 22:05:02 : 20104 steps taken, and 6794 accepted.
[0 : mcmc] Progress @ 2021-07-03 22:05:10 : 20029 steps taken, and 6829 accepted.
[1 : mcmc] Progress @ 2021-07-03 22:06:03 : 20207 steps taken, and 6833 accepted.
[0 : mcmc] Progress @ 2021-07-03 22:06:11 : 20157 steps taken, and 6876 accepted.
[0 : mcmc] Learn + convergence test @ 6880 samples accepted.
[0 : mcmc] Ready to check convergence and learn a new proposal covmat (waiting for the rest...)
[1 : mcmc] Progress @ 2021-07-03 22:07:04 : 20323 steps taken, and 6874 accepted.
[1 : mcmc] Learn + convergence test @ 6880 samples accepted.
[1 : mcmc] Ready to check convergence and learn a new proposal covmat (waiting for the rest...)
[0 : mcmc] Progress @ 2021-07-03 22:07:12 : 20289 steps taken, and 6925 accepted.
[0 : mcmc] All chains are ready to check convergence and learn a new proposal covmat
[0 : mcmc]  - Acceptance rate: 0.680 = avg([0.6827681388012619, 0.6769654629538522])
[0 : mcmc]  - Convergence of means: R-1 = 0.052871 after 13806 accepted steps = sum([6926, 6880])
[0 : mcmc]  - Updated covariance matrix of proposal pdf.
[1 : mcmc] Progress @ 2021-07-03 22:08:05 : 20403 steps taken, and 6908 accepted.
[0 : mcmc] Progress @ 2021-07-03 22:08:13 : 20432 steps taken, and 6973 accepted.
[1 : mcmc] Progress @ 2021-07-03 22:09:05 : 20504 steps taken, and 6938 accepted.
[0 : mcmc] Progress @ 2021-07-03 22:09:14 : 20587 steps taken, and 7028 accepted.
[0 : mcmc] Learn + convergence test @ 7040 samples accepted.
[0 : mcmc] Ready to check convergence and learn a new proposal covmat (waiting for the rest...)
[1 : mcmc] Progress @ 2021-07-03 22:10:06 : 20609 steps taken, and 6969 accepted.
[0 : mcmc] Progress @ 2021-07-03 22:10:15 : 20696 steps taken, and 7065 accepted.
[1 : mcmc] Progress @ 2021-07-03 22:11:07 : 20730 steps taken, and 7015 accepted.
[0 : mcmc] Progress @ 2021-07-03 22:11:16 : 20814 steps taken, and 7105 accepted.
[1 : mcmc] Learn + convergence test @ 7040 samples accepted.
[1 : mcmc] Ready to check convergence and learn a new proposal covmat (waiting for the rest...)
[0 : mcmc] All chains are ready to check convergence and learn a new proposal covmat
[0 : mcmc]  - Acceptance rate: 0.680 = avg([0.6827420901246405, 0.6771183995383284])
[0 : mcmc]  - Convergence of means: R-1 = 0.042325 after 14161 accepted steps = sum([7121, 7040])
[0 : mcmc]  - Updated covariance matrix of proposal pdf.
[1 : mcmc] Progress @ 2021-07-03 22:12:08 : 20856 steps taken, and 7054 accepted.
[0 : mcmc] Progress @ 2021-07-03 22:12:17 : 20945 steps taken, and 7152 accepted.
[1 : mcmc] Progress @ 2021-07-03 22:13:08 : 20967 steps taken, and 7093 accepted.
[0 : mcmc] Progress @ 2021-07-03 22:13:18 : 21061 steps taken, and 7193 accepted.
[0 : mcmc] Learn + convergence test @ 7200 samples accepted.
[0 : mcmc] Ready to check convergence and learn a new proposal covmat (waiting for the rest...)
[1 : mcmc] Progress @ 2021-07-03 22:14:08 : 21061 steps taken, and 7124 accepted.
[0 : mcmc] Progress @ 2021-07-03 22:14:19 : 21167 steps taken, and 7230 accepted.
[1 : mcmc] Progress @ 2021-07-03 22:15:08 : 21190 steps taken, and 7167 accepted.
[0 : mcmc] Progress @ 2021-07-03 22:15:20 : 21278 steps taken, and 7265 accepted.
[1 : mcmc] Learn + convergence test @ 7200 samples accepted.
[1 : mcmc] Ready to check convergence and learn a new proposal covmat (waiting for the rest...)
[0 : mcmc] All chains are ready to check convergence and learn a new proposal covmat
[0 : mcmc]  - Acceptance rate: 0.680 = avg([0.6826616682286786, 0.6768825796747203])
[0 : mcmc]  - Convergence of means: R-1 = 0.047355 after 14484 accepted steps = sum([7284, 7200])
[0 : mcmc]  - Updated covariance matrix of proposal pdf.
[1 : mcmc] Progress @ 2021-07-03 22:16:09 : 21300 steps taken, and 7206 accepted.
[0 : mcmc] Progress @ 2021-07-03 22:16:20 : 21376 steps taken, and 7295 accepted.
[1 : mcmc] Progress @ 2021-07-03 22:17:09 : 21408 steps taken, and 7239 accepted.
[0 : mcmc] Progress @ 2021-07-03 22:17:21 : 21484 steps taken, and 7335 accepted.
[0 : mcmc] Learn + convergence test @ 7360 samples accepted.
[0 : mcmc] Ready to check convergence and learn a new proposal covmat (waiting for the rest...)
[1 : mcmc] Progress @ 2021-07-03 22:18:10 : 21508 steps taken, and 7273 accepted.
[0 : mcmc] Progress @ 2021-07-03 22:18:22 : 21605 steps taken, and 7377 accepted.
[1 : mcmc] Progress @ 2021-07-03 22:19:11 : 21629 steps taken, and 7312 accepted.
[0 : mcmc] Progress @ 2021-07-03 22:19:23 : 21732 steps taken, and 7418 accepted.
[1 : mcmc] Progress @ 2021-07-03 22:20:11 : 21738 steps taken, and 7350 accepted.
[0 : mcmc] Progress @ 2021-07-03 22:20:23 : 21841 steps taken, and 7452 accepted.
[1 : mcmc] Learn + convergence test @ 7360 samples accepted.
[1 : mcmc] Ready to check convergence and learn a new proposal covmat (waiting for the rest...)
[0 : mcmc] All chains are ready to check convergence and learn a new proposal covmat
[0 : mcmc]  - Acceptance rate: 0.680 = avg([0.6825382290998993, 0.6766571664981152])
[0 : mcmc]  - Convergence of means: R-1 = 0.042494 after 14814 accepted steps = sum([7454, 7360])
[0 : mcmc]  - Updated covariance matrix of proposal pdf.
[1 : mcmc] Progress @ 2021-07-03 22:21:12 : 21858 steps taken, and 7396 accepted.
[0 : mcmc] Progress @ 2021-07-03 22:21:24 : 21944 steps taken, and 7489 accepted.
[0 : mcmc] Learn + convergence test @ 7520 samples accepted.
[0 : mcmc] Ready to check convergence and learn a new proposal covmat (waiting for the rest...)
[1 : mcmc] Progress @ 2021-07-03 22:22:13 : 21974 steps taken, and 7436 accepted.
[0 : mcmc] Progress @ 2021-07-03 22:22:25 : 22061 steps taken, and 7532 accepted.
[1 : mcmc] Progress @ 2021-07-03 22:23:14 : 22085 steps taken, and 7474 accepted.
[0 : mcmc] Progress @ 2021-07-03 22:23:25 : 22164 steps taken, and 7570 accepted.
[1 : mcmc] Progress @ 2021-07-03 22:24:14 : 22191 steps taken, and 7509 accepted.
[0 : mcmc] Progress @ 2021-07-03 22:24:25 : 22260 steps taken, and 7604 accepted.
[1 : mcmc] Learn + convergence test @ 7520 samples accepted.
[1 : mcmc] Ready to check convergence and learn a new proposal covmat (waiting for the rest...)
[0 : mcmc] All chains are ready to check convergence and learn a new proposal covmat
[0 : mcmc]  - Acceptance rate: 0.680 = avg([0.6833602584814217, 0.6770505086882146])
[0 : mcmc]  - Convergence of means: R-1 = 0.047142 after 15134 accepted steps = sum([7614, 7520])
[0 : mcmc]  - Updated covariance matrix of proposal pdf.
[1 : mcmc] Progress @ 2021-07-03 22:25:14 : 22284 steps taken, and 7537 accepted.
[0 : mcmc] Progress @ 2021-07-03 22:25:25 : 22374 steps taken, and 7648 accepted.
[0 : mcmc] Learn + convergence test @ 7680 samples accepted.
[0 : mcmc] Ready to check convergence and learn a new proposal covmat (waiting for the rest...)
[1 : mcmc] Progress @ 2021-07-03 22:26:15 : 22386 steps taken, and 7569 accepted.
[0 : mcmc] Progress @ 2021-07-03 22:26:25 : 22493 steps taken, and 7688 accepted.
[1 : mcmc] Progress @ 2021-07-03 22:27:16 : 22486 steps taken, and 7605 accepted.
[0 : mcmc] Progress @ 2021-07-03 22:27:25 : 22607 steps taken, and 7727 accepted.
[1 : mcmc] Progress @ 2021-07-03 22:28:17 : 22579 steps taken, and 7638 accepted.
[0 : mcmc] Progress @ 2021-07-03 22:28:27 : 22714 steps taken, and 7764 accepted.
[1 : mcmc] Progress @ 2021-07-03 22:29:18 : 22691 steps taken, and 7673 accepted.
[1 : mcmc] Learn + convergence test @ 7680 samples accepted.
[1 : mcmc] Ready to check convergence and learn a new proposal covmat (waiting for the rest...)
[0 : mcmc] All chains are ready to check convergence and learn a new proposal covmat
[0 : mcmc]  - Acceptance rate: 0.680 = avg([0.6838737949167397, 0.6766519823788546])
[0 : mcmc]  - Convergence of means: R-1 = 0.033001 after 15483 accepted steps = sum([7803, 7680])
[0 : mcmc]  - Updated covariance matrix of proposal pdf.
[0 : mcmc] Progress @ 2021-07-03 22:29:28 : 22832 steps taken, and 7808 accepted.
[0 : mcmc] Learn + convergence test @ 7840 samples accepted.
[0 : mcmc] Ready to check convergence and learn a new proposal covmat (waiting for the rest...)
[1 : mcmc] Progress @ 2021-07-03 22:30:18 : 22814 steps taken, and 7714 accepted.
[0 : mcmc] Progress @ 2021-07-03 22:30:28 : 22961 steps taken, and 7848 accepted.
[1 : mcmc] Progress @ 2021-07-03 22:31:19 : 22973 steps taken, and 7767 accepted.
[0 : mcmc] Progress @ 2021-07-03 22:31:29 : 23071 steps taken, and 7889 accepted.
[1 : mcmc] Progress @ 2021-07-03 22:32:20 : 23013 steps taken, and 7782 accepted.
[0 : mcmc] Progress @ 2021-07-03 22:32:30 : 23181 steps taken, and 7925 accepted.
[1 : mcmc] Progress @ 2021-07-03 22:33:21 : 23132 steps taken, and 7820 accepted.
[0 : mcmc] Progress @ 2021-07-03 22:33:31 : 23310 steps taken, and 7970 accepted.
[1 : mcmc] Learn + convergence test @ 7840 samples accepted.
[1 : mcmc] Ready to check convergence and learn a new proposal covmat (waiting for the rest...)
[0 : mcmc] All chains are ready to check convergence and learn a new proposal covmat
[0 : mcmc]  - Acceptance rate: 0.680 = avg([0.6840030845685888, 0.6768540101873435])
[0 : mcmc]  - Convergence of means: R-1 = 0.026743 after 15823 accepted steps = sum([7983, 7840])
[0 : mcmc]  - Updated covariance matrix of proposal pdf.
[0 : mcmc] Learn + convergence test @ 8000 samples accepted.
[0 : mcmc] Ready to check convergence and learn a new proposal covmat (waiting for the rest...)
[1 : mcmc] Progress @ 2021-07-03 22:34:21 : 23233 steps taken, and 7859 accepted.
[0 : mcmc] Progress @ 2021-07-03 22:34:32 : 23428 steps taken, and 8015 accepted.
[1 : mcmc] Progress @ 2021-07-03 22:35:21 : 23329 steps taken, and 7892 accepted.
[0 : mcmc] Progress @ 2021-07-03 22:35:33 : 23553 steps taken, and 8056 accepted.
[1 : mcmc] Progress @ 2021-07-03 22:36:23 : 23461 steps taken, and 7939 accepted.
[0 : mcmc] Progress @ 2021-07-03 22:36:34 : 23660 steps taken, and 8092 accepted.
[1 : mcmc] Progress @ 2021-07-03 22:37:23 : 23563 steps taken, and 7977 accepted.
[0 : mcmc] Progress @ 2021-07-03 22:37:35 : 23771 steps taken, and 8125 accepted.
[1 : mcmc] Learn + convergence test @ 8000 samples accepted.
[1 : mcmc] Ready to check convergence and learn a new proposal covmat (waiting for the rest...)
[0 : mcmc] All chains are ready to check convergence and learn a new proposal covmat
[0 : mcmc]  - Acceptance rate: 0.681 = avg([0.6837334228638576, 0.6772773450728073])
[0 : mcmc]  - Convergence of means: R-1 = 0.023353 after 16146 accepted steps = sum([8146, 8000])
[0 : mcmc]  - Updated covariance matrix of proposal pdf.
[0 : mcmc] Learn + convergence test @ 8160 samples accepted.
[0 : mcmc] Ready to check convergence and learn a new proposal covmat (waiting for the rest...)
[1 : mcmc] Progress @ 2021-07-03 22:38:24 : 23668 steps taken, and 8011 accepted.
[0 : mcmc] Progress @ 2021-07-03 22:38:36 : 23898 steps taken, and 8171 accepted.
[1 : mcmc] Progress @ 2021-07-03 22:39:24 : 23789 steps taken, and 8051 accepted.
[0 : mcmc] Progress @ 2021-07-03 22:39:37 : 24002 steps taken, and 8199 accepted.
[1 : mcmc] Progress @ 2021-07-03 22:40:25 : 23905 steps taken, and 8092 accepted.
[0 : mcmc] Progress @ 2021-07-03 22:40:38 : 24123 steps taken, and 8241 accepted.
[1 : mcmc] Progress @ 2021-07-03 22:41:26 : 24020 steps taken, and 8126 accepted.
[0 : mcmc] Progress @ 2021-07-03 22:41:39 : 24187 steps taken, and 8261 accepted.
[1 : mcmc] Learn + convergence test @ 8160 samples accepted.
[1 : mcmc] Ready to check convergence and learn a new proposal covmat (waiting for the rest...)
[0 : mcmc] All chains are ready to check convergence and learn a new proposal covmat
[0 : mcmc]  - Acceptance rate: 0.680 = avg([0.683429513602638, 0.6774032873983065])
[0 : mcmc]  - Convergence of means: R-1 = 0.027142 after 16450 accepted steps = sum([8290, 8160])
[0 : mcmc]  - Updated covariance matrix of proposal pdf.
[1 : mcmc] Progress @ 2021-07-03 22:42:28 : 24117 steps taken, and 8163 accepted.
[0 : mcmc] Progress @ 2021-07-03 22:42:40 : 24291 steps taken, and 8301 accepted.
[0 : mcmc] Learn + convergence test @ 8320 samples accepted.
[0 : mcmc] Ready to check convergence and learn a new proposal covmat (waiting for the rest...)
[1 : mcmc] Progress @ 2021-07-03 22:43:29 : 24275 steps taken, and 8216 accepted.
[0 : mcmc] Progress @ 2021-07-03 22:43:40 : 24414 steps taken, and 8346 accepted.
[1 : mcmc] Progress @ 2021-07-03 22:44:30 : 24415 steps taken, and 8263 accepted.
[0 : mcmc] Progress @ 2021-07-03 22:44:41 : 24524 steps taken, and 8383 accepted.
[1 : mcmc] Progress @ 2021-07-03 22:45:30 : 24539 steps taken, and 8305 accepted.
[0 : mcmc] Progress @ 2021-07-03 22:45:42 : 24624 steps taken, and 8410 accepted.
[1 : mcmc] Learn + convergence test @ 8320 samples accepted.
[1 : mcmc] Ready to check convergence and learn a new proposal covmat (waiting for the rest...)
[0 : mcmc] All chains are ready to check convergence and learn a new proposal covmat
[0 : mcmc]  - Acceptance rate: 0.680 = avg([0.6831723354168358, 0.6771935536382875])
[0 : mcmc]  - Convergence of means: R-1 = 0.045105 after 16736 accepted steps = sum([8416, 8320])
[0 : mcmc]  - Updated covariance matrix of proposal pdf.
[1 : mcmc] Progress @ 2021-07-03 22:46:30 : 24682 steps taken, and 8351 accepted.
[0 : mcmc] Progress @ 2021-07-03 22:46:52 : 24724 steps taken, and 8445 accepted.
[1 : mcmc] Progress @ 2021-07-03 22:47:32 : 24776 steps taken, and 8385 accepted.
[0 : mcmc] Learn + convergence test @ 8480 samples accepted.
[0 : mcmc] Ready to check convergence and learn a new proposal covmat (waiting for the rest...)
[0 : mcmc] Progress @ 2021-07-03 22:47:53 : 24829 steps taken, and 8483 accepted.
[1 : mcmc] Progress @ 2021-07-03 22:48:33 : 24881 steps taken, and 8420 accepted.
[0 : mcmc] Progress @ 2021-07-03 22:48:53 : 24937 steps taken, and 8519 accepted.
[1 : mcmc] Progress @ 2021-07-03 22:49:35 : 25013 steps taken, and 8467 accepted.
[0 : mcmc] Progress @ 2021-07-03 22:49:54 : 25042 steps taken, and 8553 accepted.
[1 : mcmc] Learn + convergence test @ 8480 samples accepted.
[1 : mcmc] Ready to check convergence and learn a new proposal covmat (waiting for the rest...)
[0 : mcmc] All chains are ready to check convergence and learn a new proposal covmat
[0 : mcmc]  - Acceptance rate: 0.680 = avg([0.6831390707328756, 0.677208113719853])
[0 : mcmc]  - Convergence of means: R-1 = 0.059247 after 17037 accepted steps = sum([8557, 8480])
[0 : mcmc]  - Updated covariance matrix of proposal pdf.
[1 : mcmc] Progress @ 2021-07-03 22:50:36 : 25112 steps taken, and 8498 accepted.
[0 : mcmc] Progress @ 2021-07-03 22:50:54 : 25138 steps taken, and 8580 accepted.
[1 : mcmc] Progress @ 2021-07-03 22:51:37 : 25235 steps taken, and 8538 accepted.
[0 : mcmc] Progress @ 2021-07-03 22:51:54 : 25248 steps taken, and 8616 accepted.
[1 : mcmc] Progress @ 2021-07-03 22:52:38 : 25348 steps taken, and 8571 accepted.
[1 : mcmc] Progress @ 2021-07-03 22:53:40 : 25455 steps taken, and 8606 accepted.
[1 : mcmc] Learn + convergence test @ 8640 samples accepted.
[1 : mcmc] Ready to check convergence and learn a new proposal covmat (waiting for the rest...)
[1 : mcmc] Progress @ 2021-07-03 22:54:40 : 25575 steps taken, and 8651 accepted.
[1 : mcmc] Progress @ 2021-07-03 22:55:41 : 25708 steps taken, and 8697 accepted.
[1 : mcmc] Progress @ 2021-07-03 22:56:41 : 25815 steps taken, and 8732 accepted.
[1 : mcmc] Progress @ 2021-07-03 22:57:42 : 25914 steps taken, and 8763 accepted.
[1 : mcmc] Progress @ 2021-07-03 22:58:42 : 26025 steps taken, and 8795 accepted.
[1 : mcmc] Learn + convergence test @ 8800 samples accepted.
[1 : mcmc] Progress @ 2021-07-03 22:59:43 : 26126 steps taken, and 8827 accepted.
[1 : mcmc] Progress @ 2021-07-03 23:00:44 : 26233 steps taken, and 8860 accepted.
[1 : mcmc] Progress @ 2021-07-03 23:02:58 : 26325 steps taken, and 8887 accepted.
[1 : mcmc] Progress @ 2021-07-03 23:03:59 : 26436 steps taken, and 8928 accepted.
[1 : mcmc] Learn + convergence test @ 8960 samples accepted.
[1 : mcmc] Progress @ 2021-07-03 23:04:59 : 26547 steps taken, and 8964 accepted.
[1 : mcmc] Progress @ 2021-07-03 23:06:00 : 26648 steps taken, and 8999 accepted.
[1 : mcmc] Progress @ 2021-07-03 23:07:00 : 26771 steps taken, and 9036 accepted.
[1 : mcmc] Progress @ 2021-07-03 23:08:01 : 26881 steps taken, and 9076 accepted.
[1 : mcmc] Progress @ 2021-07-03 23:09:01 : 26998 steps taken, and 9118 accepted.
[1 : mcmc] Learn + convergence test @ 9120 samples accepted.
[1 : mcmc] Progress @ 2021-07-03 23:10:01 : 27103 steps taken, and 9154 accepted.
[1 : mcmc] Progress @ 2021-07-03 23:11:01 : 27206 steps taken, and 9194 accepted.
[1 : mcmc] Progress @ 2021-07-03 23:12:02 : 27303 steps taken, and 9230 accepted.
[1 : mcmc] Progress @ 2021-07-03 23:13:03 : 27432 steps taken, and 9275 accepted.
[1 : mcmc] Learn + convergence test @ 9280 samples accepted.
[1 : mcmc] Progress @ 2021-07-03 23:14:04 : 27536 steps taken, and 9309 accepted.
[1 : mcmc] Progress @ 2021-07-03 23:15:04 : 27645 steps taken, and 9351 accepted.
[1 : mcmc] Progress @ 2021-07-03 23:16:05 : 27751 steps taken, and 9388 accepted.
[1 : mcmc] Progress @ 2021-07-03 23:17:06 : 27855 steps taken, and 9419 accepted.
[1 : mcmc] Learn + convergence test @ 9440 samples accepted.
[1 : mcmc] Progress @ 2021-07-03 23:18:07 : 27966 steps taken, and 9460 accepted.
[1 : mcmc] Progress @ 2021-07-03 23:19:09 : 28074 steps taken, and 9495 accepted.
[1 : mcmc] Progress @ 2021-07-03 23:20:10 : 28132 steps taken, and 9509 accepted.
[1 : mcmc] Progress @ 2021-07-03 23:21:11 : 28244 steps taken, and 9542 accepted.
[1 : mcmc] Progress @ 2021-07-03 23:22:11 : 28349 steps taken, and 9580 accepted.
[1 : mcmc] Learn + convergence test @ 9600 samples accepted.
[1 : mcmc] Progress @ 2021-07-03 23:23:12 : 28468 steps taken, and 9624 accepted.
[1 : mcmc] Progress @ 2021-07-03 23:24:13 : 28583 steps taken, and 9667 accepted.
[1 : mcmc] Progress @ 2021-07-03 23:25:15 : 28716 steps taken, and 9714 accepted.
[1 : mcmc] Progress @ 2021-07-03 23:26:16 : 28826 steps taken, and 9752 accepted.
[1 : mcmc] Learn + convergence test @ 9760 samples accepted.
[1 : mcmc] Progress @ 2021-07-03 23:27:16 : 28934 steps taken, and 9787 accepted.
[1 : mcmc] Progress @ 2021-07-03 23:28:16 : 29044 steps taken, and 9821 accepted.
[1 : mcmc] Progress @ 2021-07-03 23:29:17 : 29160 steps taken, and 9855 accepted.
[1 : mcmc] Progress @ 2021-07-03 23:30:18 : 29264 steps taken, and 9890 accepted.
[1 : mcmc] Learn + convergence test @ 9920 samples accepted.
[1 : mcmc] Progress @ 2021-07-03 23:31:18 : 29364 steps taken, and 9927 accepted.
[1 : mcmc] Progress @ 2021-07-03 23:32:18 : 29475 steps taken, and 9964 accepted.
[1 : mcmc] Progress @ 2021-07-03 23:33:19 : 29582 steps taken, and 9998 accepted.
[1 : mcmc] Progress @ 2021-07-03 23:34:20 : 29695 steps taken, and 10040 accepted.
[1 : mcmc] Progress @ 2021-07-03 23:35:21 : 29801 steps taken, and 10078 accepted.
[1 : mcmc] Learn + convergence test @ 10080 samples accepted.
[1 : mcmc] Progress @ 2021-07-03 23:36:22 : 29930 steps taken, and 10122 accepted.
[1 : mcmc] Progress @ 2021-07-03 23:37:23 : 30042 steps taken, and 10163 accepted.
[1 : mcmc] Progress @ 2021-07-03 23:38:23 : 30157 steps taken, and 10195 accepted.
[1 : mcmc] Progress @ 2021-07-03 23:39:23 : 30274 steps taken, and 10230 accepted.
[1 : mcmc] Learn + convergence test @ 10240 samples accepted.
[1 : mcmc] Progress @ 2021-07-03 23:40:24 : 30385 steps taken, and 10264 accepted.
[1 : mcmc] Progress @ 2021-07-03 23:41:24 : 30492 steps taken, and 10300 accepted.
[1 : mcmc] Progress @ 2021-07-03 23:42:25 : 30610 steps taken, and 10339 accepted.
[1 : mcmc] Progress @ 2021-07-03 23:43:26 : 30729 steps taken, and 10380 accepted.
[1 : mcmc] Learn + convergence test @ 10400 samples accepted.
[1 : mcmc] Progress @ 2021-07-03 23:44:26 : 30832 steps taken, and 10414 accepted.
[1 : mcmc] Progress @ 2021-07-03 23:45:27 : 30939 steps taken, and 10443 accepted.
[1 : mcmc] Progress @ 2021-07-03 23:46:27 : 31042 steps taken, and 10479 accepted.
[1 : mcmc] Progress @ 2021-07-03 23:47:28 : 31150 steps taken, and 10515 accepted.
[1 : mcmc] Learn + convergence test @ 10560 samples accepted.
[1 : mcmc] Progress @ 2021-07-03 23:48:28 : 31314 steps taken, and 10574 accepted.
[1 : mcmc] Progress @ 2021-07-03 23:49:29 : 31430 steps taken, and 10615 accepted.
[1 : mcmc] Progress @ 2021-07-03 23:50:30 : 31550 steps taken, and 10658 accepted.
[1 : mcmc] Progress @ 2021-07-03 23:51:30 : 31658 steps taken, and 10696 accepted.
[1 : mcmc] Learn + convergence test @ 10720 samples accepted.
[1 : mcmc] Progress @ 2021-07-03 23:52:31 : 31772 steps taken, and 10734 accepted.
[1 : mcmc] Progress @ 2021-07-03 23:53:31 : 31869 steps taken, and 10767 accepted.
[1 : mcmc] Progress @ 2021-07-03 23:54:32 : 31978 steps taken, and 10810 accepted.
[1 : mcmc] Progress @ 2021-07-03 23:55:32 : 32086 steps taken, and 10842 accepted.
[1 : mcmc] Progress @ 2021-07-03 23:56:33 : 32192 steps taken, and 10877 accepted.
[1 : mcmc] Learn + convergence test @ 10880 samples accepted.
[1 : mcmc] Progress @ 2021-07-03 23:57:33 : 32322 steps taken, and 10917 accepted.
[1 : mcmc] Progress @ 2021-07-03 23:58:33 : 32434 steps taken, and 10950 accepted.
[1 : mcmc] Progress @ 2021-07-03 23:59:34 : 32547 steps taken, and 10991 accepted.
[1 : mcmc] Progress @ 2021-07-04 00:00:35 : 32661 steps taken, and 11031 accepted.
[1 : mcmc] Learn + convergence test @ 11040 samples accepted.
[1 : mcmc] Progress @ 2021-07-04 00:01:35 : 32770 steps taken, and 11071 accepted.
[1 : mcmc] Progress @ 2021-07-04 00:02:36 : 32876 steps taken, and 11107 accepted.
[1 : mcmc] Progress @ 2021-07-04 00:03:36 : 32982 steps taken, and 11143 accepted.
[1 : mcmc] Progress @ 2021-07-04 00:04:36 : 33075 steps taken, and 11173 accepted.
[1 : mcmc] Progress @ 2021-07-04 00:05:37 : 33153 steps taken, and 11196 accepted.
[1 : mcmc] Learn + convergence test @ 11200 samples accepted.
[1 : mcmc] Progress @ 2021-07-04 00:06:38 : 33266 steps taken, and 11239 accepted.
[1 : mcmc] Progress @ 2021-07-04 00:07:38 : 33397 steps taken, and 11285 accepted.
[1 : mcmc] Progress @ 2021-07-04 00:08:39 : 33522 steps taken, and 11329 accepted.
[1 : mcmc] Learn + convergence test @ 11360 samples accepted.
[1 : mcmc] Progress @ 2021-07-04 00:09:39 : 33629 steps taken, and 11364 accepted.
[1 : mcmc] Progress @ 2021-07-04 00:10:39 : 33770 steps taken, and 11409 accepted.
[1 : mcmc] Progress @ 2021-07-04 00:11:39 : 33874 steps taken, and 11448 accepted.
[1 : mcmc] Progress @ 2021-07-04 00:12:40 : 33978 steps taken, and 11484 accepted.
[1 : mcmc] Learn + convergence test @ 11520 samples accepted.
[1 : mcmc] Progress @ 2021-07-04 00:13:40 : 34087 steps taken, and 11521 accepted.
[1 : mcmc] Progress @ 2021-07-04 00:14:41 : 34162 steps taken, and 11546 accepted.
[1 : mcmc] Progress @ 2021-07-04 00:15:41 : 34266 steps taken, and 11583 accepted.
[1 : mcmc] Progress @ 2021-07-04 00:16:42 : 34375 steps taken, and 11619 accepted.
[1 : mcmc] Progress @ 2021-07-04 00:17:43 : 34481 steps taken, and 11656 accepted.
[1 : mcmc] Learn + convergence test @ 11680 samples accepted.
[1 : mcmc] Progress @ 2021-07-04 00:18:43 : 34589 steps taken, and 11699 accepted.
[1 : mcmc] Progress @ 2021-07-04 00:19:43 : 34716 steps taken, and 11738 accepted.
[1 : mcmc] Progress @ 2021-07-04 00:20:44 : 34827 steps taken, and 11779 accepted.
[1 : mcmc] Progress @ 2021-07-04 00:21:46 : 34933 steps taken, and 11820 accepted.
[1 : mcmc] Learn + convergence test @ 11840 samples accepted.
[1 : mcmc] Progress @ 2021-07-04 00:22:47 : 35049 steps taken, and 11861 accepted.
[1 : mcmc] Progress @ 2021-07-04 00:23:48 : 35171 steps taken, and 11893 accepted.
[1 : mcmc] Progress @ 2021-07-04 00:24:48 : 35280 steps taken, and 11937 accepted.
[1 : mcmc] Progress @ 2021-07-04 00:25:48 : 35378 steps taken, and 11972 accepted.
[1 : mcmc] Learn + convergence test @ 12000 samples accepted.
[1 : mcmc] Progress @ 2021-07-04 00:26:48 : 35482 steps taken, and 12009 accepted.
[1 : mcmc] Progress @ 2021-07-04 00:27:49 : 35581 steps taken, and 12042 accepted.
[1 : mcmc] Progress @ 2021-07-04 00:28:50 : 35692 steps taken, and 12085 accepted.
[1 : mcmc] Progress @ 2021-07-04 00:29:50 : 35803 steps taken, and 12126 accepted.
[1 : mcmc] Learn + convergence test @ 12160 samples accepted.
[1 : mcmc] Progress @ 2021-07-04 00:30:50 : 35930 steps taken, and 12172 accepted.
[1 : mcmc] Progress @ 2021-07-04 00:31:50 : 36023 steps taken, and 12199 accepted.
[1 : mcmc] Progress @ 2021-07-04 00:32:51 : 36132 steps taken, and 12237 accepted.
[1 : mcmc] Progress @ 2021-07-04 00:33:52 : 36249 steps taken, and 12279 accepted.
[1 : mcmc] Progress @ 2021-07-04 00:34:53 : 36349 steps taken, and 12306 accepted.
[1 : mcmc] Learn + convergence test @ 12320 samples accepted.
[1 : mcmc] Progress @ 2021-07-04 00:35:54 : 36466 steps taken, and 12354 accepted.
[1 : mcmc] Progress @ 2021-07-04 00:36:55 : 36580 steps taken, and 12395 accepted.
[1 : mcmc] Progress @ 2021-07-04 00:37:56 : 36687 steps taken, and 12430 accepted.
[1 : mcmc] Progress @ 2021-07-04 00:38:57 : 36801 steps taken, and 12469 accepted.
[1 : mcmc] Learn + convergence test @ 12480 samples accepted.
[1 : mcmc] Progress @ 2021-07-04 00:39:59 : 36929 steps taken, and 12510 accepted.
[1 : mcmc] Progress @ 2021-07-04 00:40:59 : 37051 steps taken, and 12549 accepted.
[1 : mcmc] Progress @ 2021-07-04 00:42:00 : 37160 steps taken, and 12588 accepted.
[1 : mcmc] Progress @ 2021-07-04 00:43:01 : 37267 steps taken, and 12625 accepted.
[1 : mcmc] Learn + convergence test @ 12640 samples accepted.
[1 : mcmc] Progress @ 2021-07-04 00:44:01 : 37384 steps taken, and 12662 accepted.
[1 : mcmc] Progress @ 2021-07-04 00:45:01 : 37529 steps taken, and 12706 accepted.
[1 : mcmc] Progress @ 2021-07-04 00:46:01 : 37654 steps taken, and 12751 accepted.
[1 : mcmc] Progress @ 2021-07-04 00:47:02 : 37696 steps taken, and 12762 accepted.
[1 : mcmc] Learn + convergence test @ 12800 samples accepted.
[1 : mcmc] Progress @ 2021-07-04 00:48:02 : 37816 steps taken, and 12803 accepted.
[1 : mcmc] Progress @ 2021-07-04 00:49:03 : 37924 steps taken, and 12839 accepted.
[1 : mcmc] Progress @ 2021-07-04 00:50:04 : 38048 steps taken, and 12879 accepted.
[1 : mcmc] Progress @ 2021-07-04 00:51:05 : 38168 steps taken, and 12921 accepted.
[1 : mcmc] Learn + convergence test @ 12960 samples accepted.
[1 : mcmc] Progress @ 2021-07-04 00:52:06 : 38276 steps taken, and 12964 accepted.
[1 : mcmc] Progress @ 2021-07-04 00:53:06 : 38385 steps taken, and 13006 accepted.
[1 : mcmc] Progress @ 2021-07-04 00:54:06 : 38492 steps taken, and 13041 accepted.
[1 : mcmc] Progress @ 2021-07-04 00:55:06 : 38596 steps taken, and 13073 accepted.
[1 : mcmc] Progress @ 2021-07-04 00:56:06 : 38715 steps taken, and 13115 accepted.
[1 : mcmc] Learn + convergence test @ 13120 samples accepted.
[1 : mcmc] Progress @ 2021-07-04 00:57:07 : 38822 steps taken, and 13150 accepted.
[1 : mcmc] Progress @ 2021-07-04 00:58:07 : 38942 steps taken, and 13185 accepted.
[1 : mcmc] Progress @ 2021-07-04 00:59:08 : 39053 steps taken, and 13222 accepted.
[1 : mcmc] Progress @ 2021-07-04 01:00:08 : 39168 steps taken, and 13263 accepted.
[1 : mcmc] Learn + convergence test @ 13280 samples accepted.
[1 : mcmc] Progress @ 2021-07-04 01:01:09 : 39278 steps taken, and 13302 accepted.
[1 : mcmc] Progress @ 2021-07-04 01:02:10 : 39377 steps taken, and 13333 accepted.
[1 : mcmc] Progress @ 2021-07-04 01:03:10 : 39492 steps taken, and 13377 accepted.
[1 : mcmc] Progress @ 2021-07-04 01:04:11 : 39599 steps taken, and 13412 accepted.
[1 : mcmc] Learn + convergence test @ 13440 samples accepted.
[1 : mcmc] Progress @ 2021-07-04 01:05:12 : 39697 steps taken, and 13443 accepted.
[1 : mcmc] Progress @ 2021-07-04 01:06:13 : 39818 steps taken, and 13488 accepted.
[1 : mcmc] Progress @ 2021-07-04 01:07:13 : 39955 steps taken, and 13529 accepted.
[1 : mcmc] Progress @ 2021-07-04 01:08:13 : 40073 steps taken, and 13570 accepted.
[1 : mcmc] Learn + convergence test @ 13600 samples accepted.
[1 : mcmc] Progress @ 2021-07-04 01:09:14 : 40185 steps taken, and 13614 accepted.
[1 : mcmc] Progress @ 2021-07-04 01:10:15 : 40313 steps taken, and 13659 accepted.
[1 : mcmc] Progress @ 2021-07-04 01:11:16 : 40418 steps taken, and 13698 accepted.
[1 : mcmc] Progress @ 2021-07-04 01:12:17 : 40517 steps taken, and 13737 accepted.
[1 : mcmc] Learn + convergence test @ 13760 samples accepted.
[1 : mcmc] Progress @ 2021-07-04 01:13:17 : 40622 steps taken, and 13771 accepted.
[1 : mcmc] Progress @ 2021-07-04 01:14:17 : 40729 steps taken, and 13803 accepted.
[1 : mcmc] Progress @ 2021-07-04 01:15:18 : 40811 steps taken, and 13827 accepted.
[1 : mcmc] Progress @ 2021-07-04 01:16:18 : 40910 steps taken, and 13857 accepted.
[1 : mcmc] Progress @ 2021-07-04 01:17:19 : 41019 steps taken, and 13895 accepted.
[1 : mcmc] Learn + convergence test @ 13920 samples accepted.
[1 : mcmc] Progress @ 2021-07-04 01:18:20 : 41129 steps taken, and 13937 accepted.
[1 : mcmc] Progress @ 2021-07-04 01:19:20 : 41226 steps taken, and 13967 accepted.
[1 : mcmc] Progress @ 2021-07-04 01:20:22 : 41328 steps taken, and 14001 accepted.
[1 : mcmc] Progress @ 2021-07-04 01:21:23 : 41428 steps taken, and 14037 accepted.
[1 : mcmc] Progress @ 2021-07-04 01:22:24 : 41533 steps taken, and 14064 accepted.
[1 : mcmc] Learn + convergence test @ 14080 samples accepted.
[1 : mcmc] Progress @ 2021-07-04 01:23:24 : 41649 steps taken, and 14100 accepted.
[1 : mcmc] Progress @ 2021-07-04 01:24:24 : 41748 steps taken, and 14127 accepted.
[1 : mcmc] Progress @ 2021-07-04 01:25:26 : 41879 steps taken, and 14174 accepted.
[1 : mcmc] Progress @ 2021-07-04 01:26:26 : 41992 steps taken, and 14211 accepted.
[1 : mcmc] Learn + convergence test @ 14240 samples accepted.
[1 : mcmc] Progress @ 2021-07-04 01:27:26 : 42109 steps taken, and 14253 accepted.
[1 : mcmc] Progress @ 2021-07-04 01:28:27 : 42210 steps taken, and 14292 accepted.
[1 : mcmc] Progress @ 2021-07-04 01:29:28 : 42293 steps taken, and 14319 accepted.
[1 : mcmc] Progress @ 2021-07-04 01:30:29 : 42414 steps taken, and 14360 accepted.
[1 : mcmc] Progress @ 2021-07-04 01:31:30 : 42517 steps taken, and 14393 accepted.
[1 : mcmc] Learn + convergence test @ 14400 samples accepted.
[1 : mcmc] Progress @ 2021-07-04 01:32:30 : 42622 steps taken, and 14429 accepted.
[1 : mcmc] Progress @ 2021-07-04 01:33:31 : 42724 steps taken, and 14463 accepted.
[1 : mcmc] Progress @ 2021-07-04 01:34:32 : 42860 steps taken, and 14510 accepted.
[1 : mcmc] Progress @ 2021-07-04 01:35:32 : 42971 steps taken, and 14552 accepted.
[1 : mcmc] Learn + convergence test @ 14560 samples accepted.
[1 : mcmc] Progress @ 2021-07-04 01:36:34 : 43090 steps taken, and 14591 accepted.
[1 : mcmc] Progress @ 2021-07-04 01:37:35 : 43213 steps taken, and 14629 accepted.
[1 : mcmc] Progress @ 2021-07-04 01:38:35 : 43311 steps taken, and 14662 accepted.
[1 : mcmc] Progress @ 2021-07-04 01:39:36 : 43409 steps taken, and 14696 accepted.
[1 : mcmc] Learn + convergence test @ 14720 samples accepted.
[1 : mcmc] Progress @ 2021-07-04 01:40:38 : 43523 steps taken, and 14737 accepted.
[1 : mcmc] Progress @ 2021-07-04 01:41:38 : 43652 steps taken, and 14778 accepted.
[1 : mcmc] Progress @ 2021-07-04 01:42:38 : 43781 steps taken, and 14827 accepted.
[1 : mcmc] Progress @ 2021-07-04 01:43:38 : 43906 steps taken, and 14865 accepted.
[1 : mcmc] Learn + convergence test @ 14880 samples accepted.
[1 : mcmc] Progress @ 2021-07-04 01:44:39 : 44033 steps taken, and 14908 accepted.
[1 : mcmc] Progress @ 2021-07-04 01:45:39 : 44133 steps taken, and 14937 accepted.
[1 : mcmc] Progress @ 2021-07-04 01:46:40 : 44243 steps taken, and 14975 accepted.
[1 : mcmc] Progress @ 2021-07-04 01:47:41 : 44350 steps taken, and 15015 accepted.
[1 : mcmc] Learn + convergence test @ 15040 samples accepted.
[1 : mcmc] Progress @ 2021-07-04 01:48:41 : 44470 steps taken, and 15053 accepted.
[1 : mcmc] Progress @ 2021-07-04 01:49:42 : 44586 steps taken, and 15099 accepted.
[1 : mcmc] Progress @ 2021-07-04 01:50:43 : 44688 steps taken, and 15128 accepted.
[1 : mcmc] Progress @ 2021-07-04 01:51:43 : 44794 steps taken, and 15166 accepted.
[1 : mcmc] Learn + convergence test @ 15200 samples accepted.
[1 : mcmc] Progress @ 2021-07-04 01:52:44 : 44906 steps taken, and 15202 accepted.
[1 : mcmc] Progress @ 2021-07-04 01:53:45 : 45032 steps taken, and 15244 accepted.
[1 : mcmc] Progress @ 2021-07-04 01:54:46 : 45143 steps taken, and 15282 accepted.
[1 : mcmc] Progress @ 2021-07-04 01:55:46 : 45254 steps taken, and 15317 accepted.
[1 : mcmc] Progress @ 2021-07-04 01:56:46 : 45363 steps taken, and 15355 accepted.
[1 : mcmc] Learn + convergence test @ 15360 samples accepted.
[1 : mcmc] Progress @ 2021-07-04 01:57:47 : 45477 steps taken, and 15400 accepted.
[1 : mcmc] Progress @ 2021-07-04 01:58:47 : 45579 steps taken, and 15436 accepted.
[1 : mcmc] Progress @ 2021-07-04 01:59:48 : 45680 steps taken, and 15471 accepted.
[1 : mcmc] Progress @ 2021-07-04 02:00:49 : 45793 steps taken, and 15510 accepted.
[1 : mcmc] Learn + convergence test @ 15520 samples accepted.
[1 : mcmc] Progress @ 2021-07-04 02:01:50 : 45908 steps taken, and 15553 accepted.
[1 : mcmc] Progress @ 2021-07-04 02:02:51 : 46016 steps taken, and 15594 accepted.
[1 : mcmc] Progress @ 2021-07-04 02:03:51 : 46126 steps taken, and 15630 accepted.
[1 : mcmc] Progress @ 2021-07-04 02:04:52 : 46241 steps taken, and 15673 accepted.
[1 : mcmc] Learn + convergence test @ 15680 samples accepted.
[1 : mcmc] Progress @ 2021-07-04 02:05:53 : 46352 steps taken, and 15712 accepted.
[1 : mcmc] Progress @ 2021-07-04 02:06:53 : 46468 steps taken, and 15746 accepted.
[1 : mcmc] Progress @ 2021-07-04 02:07:55 : 46574 steps taken, and 15780 accepted.
[1 : mcmc] Progress @ 2021-07-04 02:08:55 : 46684 steps taken, and 15814 accepted.
[1 : mcmc] Learn + convergence test @ 15840 samples accepted.
[1 : mcmc] Progress @ 2021-07-04 02:09:55 : 46818 steps taken, and 15852 accepted.
[1 : mcmc] Progress @ 2021-07-04 02:10:55 : 46972 steps taken, and 15898 accepted.
[1 : mcmc] Progress @ 2021-07-04 02:11:56 : 47083 steps taken, and 15934 accepted.
[1 : mcmc] Progress @ 2021-07-04 02:12:56 : 47199 steps taken, and 15973 accepted.
[1 : mcmc] Learn + convergence test @ 16000 samples accepted.
[1 : mcmc] Progress @ 2021-07-04 02:13:58 : 47307 steps taken, and 16015 accepted.
[1 : mcmc] Progress @ 2021-07-04 02:14:59 : 47414 steps taken, and 16050 accepted.
[1 : mcmc] Progress @ 2021-07-04 02:16:00 : 47512 steps taken, and 16083 accepted.
[1 : mcmc] Progress @ 2021-07-04 02:17:01 : 47648 steps taken, and 16126 accepted.
[1 : mcmc] Learn + convergence test @ 16160 samples accepted.
[1 : mcmc] Progress @ 2021-07-04 02:18:01 : 47762 steps taken, and 16172 accepted.
[1 : mcmc] Progress @ 2021-07-04 02:19:02 : 47877 steps taken, and 16209 accepted.
[1 : mcmc] Progress @ 2021-07-04 02:20:03 : 47991 steps taken, and 16239 accepted.
[1 : mcmc] Progress @ 2021-07-04 02:21:04 : 48119 steps taken, and 16282 accepted.
[1 : mcmc] Learn + convergence test @ 16320 samples accepted.
[1 : mcmc] Progress @ 2021-07-04 02:22:04 : 48293 steps taken, and 16337 accepted.
[1 : mcmc] Progress @ 2021-07-04 02:23:05 : 48396 steps taken, and 16368 accepted.
[1 : mcmc] Progress @ 2021-07-04 02:24:06 : 48512 steps taken, and 16405 accepted.
[1 : mcmc] Progress @ 2021-07-04 02:25:06 : 48621 steps taken, and 16445 accepted.
[1 : mcmc] Learn + convergence test @ 16480 samples accepted.
[1 : mcmc] Progress @ 2021-07-04 02:26:07 : 48743 steps taken, and 16491 accepted.
[1 : mcmc] Progress @ 2021-07-04 02:27:08 : 48860 steps taken, and 16531 accepted.
[1 : mcmc] Progress @ 2021-07-04 02:28:09 : 48984 steps taken, and 16578 accepted.
[1 : mcmc] Progress @ 2021-07-04 02:29:09 : 49106 steps taken, and 16618 accepted.
[1 : mcmc] Learn + convergence test @ 16640 samples accepted.
[1 : mcmc] *ERROR* Waiting for too long for all chains to be ready. Maybe one of them is stuck or died unexpectedly?
--------------------------------------------------------------------------
MPI_ABORT was invoked on rank 1 in communicator MPI_COMM_WORLD
with errorcode 1.

NOTE: invoking MPI_ABORT causes Open MPI to kill all MPI processes.
You may or may not see output from other processes, depending on
exactly when Open MPI kills them.
--------------------------------------------------------------------------
slurmstepd: error: *** STEP 4905348.0 ON e10-12 CANCELLED AT 2021-07-04T02:29:49 ***
srun: Job step aborted: Waiting up to 32 seconds for job step to finish.
srun: error: e13-39: task 1: Exited with exit code 1
srun: error: e10-12: task 0: Killed
