==========================================
SLURM_JOB_ID = 4905408
SLURM_JOB_NODELIST = d06-[23-24]
TMPDIR = /tmp/SLURM_4905408
==========================================
[0 : output_mpi] Output to be read-from/written-into folder 'chains', with prefix 'dmb_n6_1GeV_vr0_run2'
[0 : classy] Importing *local* classy from /home1/davidvng/repos/class_dme
[1 : classy] Importing *local* classy from /home1/davidvng/repos/class_dme
 Initializing Planck likelihood, version Plik_v22_cmbonly_like                                                                                                                                                                                                                                                                                                                                                                                                                                                                                               
 Initializing Planck likelihood, version Plik_v22_cmbonly_like                                                                                                                                                                                                                                                                                                                                                                                                                                                                                               
[1 : classy] *WARNING* Requesting BB for ell>50 or lensing Cl's: using a non-linear code is recommended (and you are not using any). To activate it, set 'non_linear: halofit|hmcode|...' in classy's 'extra_args'.
[0 : classy] *WARNING* Requesting BB for ell>50 or lensing Cl's: using a non-linear code is recommended (and you are not using any). To activate it, set 'non_linear: halofit|hmcode|...' in classy's 'extra_args'.
[1 : mcmc] Getting initial point... (this may take a few seconds)
[1 : prior] Reference values or pdf's for some parameters were not provided. Sampling from the prior instead for those parameters.
[0 : mcmc] Getting initial point... (this may take a few seconds)
[0 : prior] Reference values or pdf's for some parameters were not provided. Sampling from the prior instead for those parameters.
[0 : model] Measuring speeds... (this may take a few seconds)
[0 : model] Setting measured speeds (per sec): {planck_2018_highl_plik.TTTEEE_lite: 225.0, planck_2018_lensing.clik: 746.0, classy: 0.693}
[0 : mcmc] *WARNING* Dragging disabled: speed ratio and fast-to-slow ratio not large enough.
[0 : mcmc] Oversampling with factors:
[0 : mcmc] * 1 : ['logA', 'n_s', 'theta_s_1e2', 'omega_b', 'omega_dmb', 'log10sigma_dmb', 'tau_reio']
[0 : mcmc] * 8 : ['A_planck']
[1 : mcmc] *WARNING* Dragging disabled: speed ratio and fast-to-slow ratio not large enough.
[0 : mcmc] Covariance matrix loaded for params ['omega_b', 'tau_reio', 'logA', 'n_s', 'A_planck']
[0 : mcmc] Missing proposal covariance for params ['theta_s_1e2', 'omega_dmb', 'log10sigma_dmb']
[0 : prior] *WARNING* Reference pdf not defined or improper for some parameters. Using prior's sigma instead for them.
[0 : mcmc] Covariance matrix not complete. We will start learning the covariance of the proposal earlier: R-1 = 50 (would be 30 if all params loaded).
[1 : mcmc] Initial point: logA:3.049197, n_s:0.9634554, theta_s_1e2:1.041609, omega_b:0.02256833, omega_dmb:0.1209238, log10sigma_dmb:-11.9995, tau_reio:0.05199821, A_planck:0.9973534
[0 : mcmc] Initial point: logA:3.050574, n_s:0.9707117, theta_s_1e2:1.041624, omega_b:0.02224752, omega_dmb:0.119021, log10sigma_dmb:-18.45557, tau_reio:0.05412221, A_planck:1.003326
[1 : mcmc] Sampling!
[0 : mcmc] Sampling!
[1 : mcmc] Progress @ 2021-07-03 19:44:21 : 1 steps taken, and 0 accepted.
[0 : mcmc] Progress @ 2021-07-03 19:44:22 : 1 steps taken, and 0 accepted.
[1 : mcmc] Progress @ 2021-07-03 19:46:34 : 81 steps taken, and 21 accepted.
[0 : mcmc] Progress @ 2021-07-03 20:11:48 : 39 steps taken, and 8 accepted.
[0 : mcmc] Progress @ 2021-07-03 20:12:49 : 157 steps taken, and 46 accepted.
[0 : mcmc] Progress @ 2021-07-03 20:13:49 : 233 steps taken, and 69 accepted.
[0 : mcmc] Progress @ 2021-07-03 20:14:50 : 339 steps taken, and 102 accepted.
[0 : mcmc] Progress @ 2021-07-03 20:16:42 : 364 steps taken, and 108 accepted.
[0 : mcmc] Progress @ 2021-07-03 20:17:43 : 456 steps taken, and 131 accepted.
[0 : mcmc] Progress @ 2021-07-03 20:20:10 : 472 steps taken, and 136 accepted.
[0 : mcmc] Learn + convergence test @ 140 samples accepted.
[0 : mcmc] Ready to check convergence and learn a new proposal covmat (waiting for the rest...)
[0 : mcmc] Progress @ 2021-07-03 20:21:11 : 521 steps taken, and 147 accepted.
[0 : mcmc] Progress @ 2021-07-03 20:22:11 : 648 steps taken, and 184 accepted.
[0 : mcmc] Progress @ 2021-07-03 20:23:12 : 750 steps taken, and 210 accepted.
[0 : mcmc] Progress @ 2021-07-03 20:24:13 : 879 steps taken, and 242 accepted.
[0 : mcmc] Progress @ 2021-07-03 20:25:14 : 1009 steps taken, and 276 accepted.
[0 : mcmc] Learn + convergence test @ 280 samples accepted.
[0 : mcmc] Progress @ 2021-07-03 20:41:06 : 1069 steps taken, and 293 accepted.
[1 : mcmc] Progress @ 2021-07-03 20:42:57 : 91 steps taken, and 25 accepted.
[1 : mcmc] Progress @ 2021-07-03 20:44:07 : 96 steps taken, and 26 accepted.
[1 : mcmc] Progress @ 2021-07-03 20:45:08 : 199 steps taken, and 58 accepted.
[0 : mcmc] Progress @ 2021-07-03 20:46:03 : 1110 steps taken, and 307 accepted.
[1 : mcmc] Progress @ 2021-07-03 20:48:19 : 266 steps taken, and 78 accepted.
[1 : mcmc] Progress @ 2021-07-03 20:49:19 : 386 steps taken, and 112 accepted.
[1 : mcmc] Learn + convergence test @ 140 samples accepted.
[1 : mcmc] Ready to check convergence and learn a new proposal covmat (waiting for the rest...)
[0 : mcmc] Progress @ 2021-07-03 21:11:02 : 1168 steps taken, and 324 accepted.
[0 : mcmc] All chains are ready to check convergence and learn a new proposal covmat
[0 : mcmc]  - Acceptance rate: 0.567 = avg([0.5584192439862543, 0.5857740585774058])
[0 : mcmc]  - Convergence of means: R-1 = 5.035595 after 465 accepted steps = sum([325, 140])
[0 : mcmc]  - Updated covariance matrix of proposal pdf.
[1 : mcmc] Progress @ 2021-07-03 21:11:04 : 481 steps taken, and 140 accepted.
[0 : mcmc] Progress @ 2021-07-03 21:12:02 : 1267 steps taken, and 361 accepted.
[1 : mcmc] Progress @ 2021-07-03 21:12:06 : 587 steps taken, and 175 accepted.
[0 : mcmc] Progress @ 2021-07-03 21:13:02 : 1368 steps taken, and 393 accepted.
[1 : mcmc] Progress @ 2021-07-03 21:13:07 : 683 steps taken, and 206 accepted.
[0 : mcmc] Learn + convergence test @ 420 samples accepted.
[0 : mcmc] Ready to check convergence and learn a new proposal covmat (waiting for the rest...)
[0 : mcmc] Progress @ 2021-07-03 21:14:02 : 1488 steps taken, and 433 accepted.
[1 : mcmc] Progress @ 2021-07-03 21:14:07 : 789 steps taken, and 246 accepted.
[1 : mcmc] Learn + convergence test @ 280 samples accepted.
[1 : mcmc] Ready to check convergence and learn a new proposal covmat (waiting for the rest...)
[0 : mcmc] All chains are ready to check convergence and learn a new proposal covmat
[0 : mcmc]  - Acceptance rate: 0.613 = avg([0.5969773299748111, 0.639269406392694])
[0 : mcmc]  - Convergence of means: R-1 = 0.624214 after 754 accepted steps = sum([474, 280])
[0 : mcmc]  - Updated covariance matrix of proposal pdf.
[0 : mcmc] Progress @ 2021-07-03 21:15:02 : 1611 steps taken, and 483 accepted.
[1 : mcmc] Progress @ 2021-07-03 21:15:08 : 908 steps taken, and 290 accepted.
[0 : mcmc] Progress @ 2021-07-03 21:16:02 : 1718 steps taken, and 523 accepted.
[1 : mcmc] Progress @ 2021-07-03 21:16:09 : 1029 steps taken, and 325 accepted.
[1 : mcmc] Progress @ 2021-07-03 21:17:10 : 1146 steps taken, and 366 accepted.
[0 : mcmc] Progress @ 2021-07-03 21:17:34 : 1799 steps taken, and 546 accepted.
[0 : mcmc] Learn + convergence test @ 560 samples accepted.
[0 : mcmc] Ready to check convergence and learn a new proposal covmat (waiting for the rest...)
[1 : mcmc] Progress @ 2021-07-03 21:18:10 : 1219 steps taken, and 393 accepted.
[0 : mcmc] Progress @ 2021-07-03 21:18:34 : 1898 steps taken, and 585 accepted.
[1 : mcmc] Learn + convergence test @ 420 samples accepted.
[1 : mcmc] Ready to check convergence and learn a new proposal covmat (waiting for the rest...)
[0 : mcmc] All chains are ready to check convergence and learn a new proposal covmat
[0 : mcmc]  - Acceptance rate: 0.631 = avg([0.6206185567010309, 0.6461538461538462])
[0 : mcmc]  - Convergence of means: R-1 = 2.291127 after 1022 accepted steps = sum([602, 420])
[0 : mcmc]  - Updated covariance matrix of proposal pdf.
[1 : mcmc] Progress @ 2021-07-03 21:19:11 : 1325 steps taken, and 428 accepted.
[0 : mcmc] Progress @ 2021-07-03 21:19:35 : 1996 steps taken, and 623 accepted.
[0 : mcmc] Progress @ 2021-07-03 21:20:35 : 2108 steps taken, and 661 accepted.
[0 : mcmc] Progress @ 2021-07-03 21:21:36 : 2209 steps taken, and 694 accepted.
[0 : mcmc] Learn + convergence test @ 700 samples accepted.
[0 : mcmc] Ready to check convergence and learn a new proposal covmat (waiting for the rest...)
[0 : mcmc] Progress @ 2021-07-03 21:23:54 : 2230 steps taken, and 702 accepted.
[0 : mcmc] Progress @ 2021-07-03 21:24:54 : 2328 steps taken, and 741 accepted.
[0 : mcmc] Progress @ 2021-07-03 21:25:56 : 2436 steps taken, and 778 accepted.
[0 : mcmc] Progress @ 2021-07-03 21:26:57 : 2552 steps taken, and 829 accepted.
[0 : mcmc] Learn + convergence test @ 840 samples accepted.
[0 : mcmc] Progress @ 2021-07-03 21:27:58 : 2642 steps taken, and 860 accepted.
[0 : mcmc] Progress @ 2021-07-03 21:28:58 : 2765 steps taken, and 904 accepted.
[0 : mcmc] Progress @ 2021-07-03 21:30:00 : 2862 steps taken, and 941 accepted.
[0 : mcmc] Progress @ 2021-07-03 21:31:01 : 2940 steps taken, and 970 accepted.
[0 : mcmc] Learn + convergence test @ 980 samples accepted.
[0 : mcmc] Progress @ 2021-07-03 21:32:01 : 3048 steps taken, and 1011 accepted.
[0 : mcmc] Progress @ 2021-07-03 21:33:01 : 3169 steps taken, and 1056 accepted.
[0 : mcmc] Progress @ 2021-07-03 21:34:03 : 3271 steps taken, and 1104 accepted.
[0 : mcmc] Learn + convergence test @ 1120 samples accepted.
[0 : mcmc] Progress @ 2021-07-03 21:44:09 : 3364 steps taken, and 1141 accepted.
[0 : mcmc] Progress @ 2021-07-03 21:45:10 : 3462 steps taken, and 1175 accepted.
[0 : mcmc] Progress @ 2021-07-03 21:48:49 : 3504 steps taken, and 1193 accepted.
[0 : mcmc] Progress @ 2021-07-03 21:57:58 : 3539 steps taken, and 1205 accepted.
[0 : mcmc] Progress @ 2021-07-03 21:58:59 : 3628 steps taken, and 1237 accepted.
[0 : mcmc] Learn + convergence test @ 1260 samples accepted.
[0 : mcmc] Progress @ 2021-07-03 22:00:00 : 3724 steps taken, and 1273 accepted.
[0 : mcmc] Progress @ 2021-07-03 22:01:00 : 3814 steps taken, and 1305 accepted.
[0 : mcmc] Progress @ 2021-07-03 22:02:01 : 3907 steps taken, and 1334 accepted.
[0 : mcmc] Progress @ 2021-07-03 22:03:01 : 4029 steps taken, and 1377 accepted.
[0 : mcmc] Learn + convergence test @ 1400 samples accepted.
[0 : mcmc] Progress @ 2021-07-03 22:04:02 : 4138 steps taken, and 1419 accepted.
[0 : mcmc] Progress @ 2021-07-03 22:05:03 : 4243 steps taken, and 1459 accepted.
[0 : mcmc] Progress @ 2021-07-03 22:06:04 : 4328 steps taken, and 1489 accepted.
[0 : mcmc] Progress @ 2021-07-03 22:07:06 : 4439 steps taken, and 1530 accepted.
[0 : mcmc] Learn + convergence test @ 1540 samples accepted.
[0 : mcmc] Progress @ 2021-07-03 22:08:07 : 4531 steps taken, and 1566 accepted.
[1 : mcmc] Progress @ 2021-07-03 22:27:05 : 1354 steps taken, and 437 accepted.
[0 : mcmc] Progress @ 2021-07-03 22:30:03 : 4624 steps taken, and 1602 accepted.
[0 : mcmc] Progress @ 2021-07-03 22:31:04 : 4675 steps taken, and 1621 accepted.
[0 : mcmc] Progress @ 2021-07-03 22:32:04 : 4775 steps taken, and 1656 accepted.
[0 : mcmc] Learn + convergence test @ 1680 samples accepted.
[0 : mcmc] Progress @ 2021-07-03 22:33:05 : 4874 steps taken, and 1688 accepted.
[1 : mcmc] Progress @ 2021-07-03 22:39:49 : 1382 steps taken, and 443 accepted.
[1 : mcmc] Progress @ 2021-07-03 22:40:49 : 1471 steps taken, and 477 accepted.
[0 : mcmc] Progress @ 2021-07-03 22:41:14 : 4987 steps taken, and 1723 accepted.
[1 : mcmc] Progress @ 2021-07-03 22:41:50 : 1568 steps taken, and 513 accepted.
[0 : mcmc] Progress @ 2021-07-03 22:42:35 : 4992 steps taken, and 1724 accepted.
[1 : mcmc] Progress @ 2021-07-03 22:42:52 : 1672 steps taken, and 550 accepted.
[1 : mcmc] Learn + convergence test @ 560 samples accepted.
[1 : mcmc] Ready to check convergence and learn a new proposal covmat (waiting for the rest...)
[0 : mcmc] Progress @ 2021-07-03 23:36:30 : 5026 steps taken, and 1736 accepted.
[0 : mcmc] All chains are ready to check convergence and learn a new proposal covmat
[0 : mcmc]  - Acceptance rate: 0.684 = avg([0.6914808917197452, 0.660377358490566])
[0 : mcmc]  - Convergence of means: R-1 = 0.903686 after 2297 accepted steps = sum([1737, 560])
[0 : mcmc]  - Updated covariance matrix of proposal pdf.
[1 : mcmc] Progress @ 2021-07-03 23:36:33 : 1699 steps taken, and 560 accepted.
[1 : mcmc] Progress @ 2021-07-03 23:37:33 : 1810 steps taken, and 592 accepted.
[0 : mcmc] Progress @ 2021-07-03 23:38:06 : 5051 steps taken, and 1744 accepted.
[1 : mcmc] Progress @ 2021-07-03 23:38:33 : 1924 steps taken, and 636 accepted.
[1 : mcmc] Progress @ 2021-07-03 23:39:34 : 2058 steps taken, and 680 accepted.
[1 : mcmc] Learn + convergence test @ 700 samples accepted.
[1 : mcmc] Ready to check convergence and learn a new proposal covmat (waiting for the rest...)
[1 : mcmc] Progress @ 2021-07-03 23:40:36 : 2151 steps taken, and 714 accepted.
[0 : mcmc] Progress @ 2021-07-03 23:43:27 : 5072 steps taken, and 1749 accepted.
[0 : mcmc] Progress @ 2021-07-03 23:44:27 : 5171 steps taken, and 1790 accepted.
[0 : mcmc] Learn + convergence test @ 1820 samples accepted.
[0 : mcmc] Ready to check convergence and learn a new proposal covmat (waiting for the rest...)
[0 : mcmc] All chains are ready to check convergence and learn a new proposal covmat
[1 : mcmc] Progress @ 2021-07-04 01:11:27 : 2183 steps taken, and 727 accepted.
[0 : mcmc]  - Acceptance rate: 0.685 = avg([0.6925418569254186, 0.6672777268560953])
[0 : mcmc]  - Convergence of means: R-1 = 0.327530 after 2548 accepted steps = sum([1820, 728])
[0 : mcmc]  - Updated covariance matrix of proposal pdf.
[0 : mcmc] Progress @ 2021-07-04 01:11:27 : 5262 steps taken, and 1821 accepted.
[1 : mcmc] Progress @ 2021-07-04 01:12:28 : 2289 steps taken, and 759 accepted.
[1 : mcmc] Progress @ 2021-07-04 01:16:08 : 2324 steps taken, and 773 accepted.
[1 : mcmc] Progress @ 2021-07-04 01:19:03 : 2325 steps taken, and 773 accepted.
[0 : mcmc] Progress @ 2021-07-04 01:19:49 : 5281 steps taken, and 1824 accepted.
[1 : mcmc] Progress @ 2021-07-04 01:20:04 : 2441 steps taken, and 815 accepted.
[1 : mcmc] Learn + convergence test @ 840 samples accepted.
[1 : mcmc] Ready to check convergence and learn a new proposal covmat (waiting for the rest...)
[0 : mcmc] Progress @ 2021-07-04 01:20:50 : 5373 steps taken, and 1850 accepted.
[1 : mcmc] Progress @ 2021-07-04 01:21:05 : 2576 steps taken, and 865 accepted.
[1 : mcmc] Progress @ 2021-07-04 01:22:05 : 2649 steps taken, and 890 accepted.
[1 : mcmc] Progress @ 2021-07-04 01:23:05 : 2736 steps taken, and 919 accepted.
[1 : mcmc] Progress @ 2021-07-04 01:24:06 : 2840 steps taken, and 957 accepted.
[0 : mcmc] Progress @ 2021-07-04 01:24:17 : 5374 steps taken, and 1850 accepted.
[0 : mcmc] Progress @ 2021-07-04 01:25:17 : 5478 steps taken, and 1886 accepted.
[0 : mcmc] Progress @ 2021-07-04 01:32:20 : 5491 steps taken, and 1890 accepted.
[0 : mcmc] Progress @ 2021-07-04 01:33:20 : 5594 steps taken, and 1926 accepted.
[0 : mcmc] Learn + convergence test @ 1960 samples accepted.
[0 : mcmc] Ready to check convergence and learn a new proposal covmat (waiting for the rest...)
[0 : mcmc] All chains are ready to check convergence and learn a new proposal covmat
[1 : mcmc] Progress @ 2021-07-04 02:08:33 : 2845 steps taken, and 959 accepted.
[0 : mcmc]  - Acceptance rate: 0.684 = avg([0.688443976115209, 0.6751054852320675])
[0 : mcmc]  - Convergence of means: R-1 = 0.592653 after 2920 accepted steps = sum([1960, 960])
[0 : mcmc]  - Updated covariance matrix of proposal pdf.
[0 : mcmc] Progress @ 2021-07-04 02:08:33 : 5699 steps taken, and 1960 accepted.
[1 : mcmc] Learn + convergence test @ 980 samples accepted.
[1 : mcmc] Ready to check convergence and learn a new proposal covmat (waiting for the rest...)
[1 : mcmc] Progress @ 2021-07-04 02:09:34 : 2936 steps taken, and 991 accepted.
[0 : mcmc] Progress @ 2021-07-04 02:09:46 : 5790 steps taken, and 1993 accepted.
[0 : mcmc] Progress @ 2021-07-04 02:10:47 : 5899 steps taken, and 2034 accepted.
[0 : mcmc] Progress @ 2021-07-04 02:11:48 : 5995 steps taken, and 2067 accepted.
[0 : mcmc] Learn + convergence test @ 2100 samples accepted.
[0 : mcmc] Ready to check convergence and learn a new proposal covmat (waiting for the rest...)
[0 : mcmc] All chains are ready to check convergence and learn a new proposal covmat
[1 : mcmc] Progress @ 2021-07-04 02:16:46 : 3050 steps taken, and 1028 accepted.
[0 : mcmc]  - Acceptance rate: 0.684 = avg([0.6885245901639344, 0.6747540983606557])
[0 : mcmc]  - Convergence of means: R-1 = 0.423824 after 3129 accepted steps = sum([2100, 1029])
[0 : mcmc]  - Updated covariance matrix of proposal pdf.
[0 : mcmc] Progress @ 2021-07-04 02:16:49 : 6105 steps taken, and 2100 accepted.
[1 : mcmc] Progress @ 2021-07-04 02:17:47 : 3178 steps taken, and 1071 accepted.
[0 : mcmc] Progress @ 2021-07-04 02:17:50 : 6219 steps taken, and 2142 accepted.
[0 : mcmc] Progress @ 2021-07-04 02:19:07 : 6246 steps taken, and 2150 accepted.
[0 : mcmc] Progress @ 2021-07-04 02:20:08 : 6343 steps taken, and 2183 accepted.
[1 : mcmc] Progress @ 2021-07-04 02:20:48 : 3241 steps taken, and 1093 accepted.
[0 : mcmc] Progress @ 2021-07-04 02:21:08 : 6474 steps taken, and 2232 accepted.
[0 : mcmc] Learn + convergence test @ 2240 samples accepted.
[0 : mcmc] Ready to check convergence and learn a new proposal covmat (waiting for the rest...)
[0 : mcmc] Progress @ 2021-07-04 02:22:09 : 6585 steps taken, and 2274 accepted.
[0 : mcmc] Progress @ 2021-07-04 02:23:09 : 6680 steps taken, and 2305 accepted.
[1 : mcmc] Progress @ 2021-07-04 02:23:21 : 3297 steps taken, and 1112 accepted.
[1 : mcmc] Learn + convergence test @ 1120 samples accepted.
[1 : mcmc] Ready to check convergence and learn a new proposal covmat (waiting for the rest...)
[0 : mcmc] All chains are ready to check convergence and learn a new proposal covmat
[0 : mcmc]  - Acceptance rate: 0.685 = avg([0.6900445765230312, 0.6759203379601689])
[0 : mcmc]  - Convergence of means: R-1 = 0.273661 after 3442 accepted steps = sum([2322, 1120])
[0 : mcmc]  - Updated covariance matrix of proposal pdf.
[0 : mcmc] Progress @ 2021-07-04 02:24:10 : 6778 steps taken, and 2340 accepted.
[1 : mcmc] Progress @ 2021-07-04 02:24:21 : 3373 steps taken, and 1137 accepted.
[0 : mcmc] Learn + convergence test @ 2380 samples accepted.
[0 : mcmc] Ready to check convergence and learn a new proposal covmat (waiting for the rest...)
[0 : mcmc] Progress @ 2021-07-04 02:25:11 : 6903 steps taken, and 2383 accepted.
[1 : mcmc] Progress @ 2021-07-04 02:25:21 : 3470 steps taken, and 1172 accepted.
[0 : mcmc] Progress @ 2021-07-04 02:26:11 : 7007 steps taken, and 2415 accepted.
[1 : mcmc] Progress @ 2021-07-04 02:27:06 : 3560 steps taken, and 1201 accepted.
[1 : mcmc] Progress @ 2021-07-04 02:28:07 : 3660 steps taken, and 1235 accepted.
[0 : mcmc] Progress @ 2021-07-04 02:28:33 : 7106 steps taken, and 2451 accepted.
[1 : mcmc] Progress @ 2021-07-04 02:29:07 : 3673 steps taken, and 1239 accepted.
[1 : mcmc] Learn + convergence test @ 1260 samples accepted.
[1 : mcmc] Ready to check convergence and learn a new proposal covmat (waiting for the rest...)
[0 : mcmc] Progress @ 2021-07-04 02:32:48 : 7143 steps taken, and 2463 accepted.
[0 : mcmc] All chains are ready to check convergence and learn a new proposal covmat
[0 : mcmc]  - Acceptance rate: 0.686 = avg([0.6901960784313725, 0.6766917293233082])
[0 : mcmc]  - Convergence of means: R-1 = 0.188333 after 3724 accepted steps = sum([2464, 1260])
[0 : mcmc]  - Updated covariance matrix of proposal pdf.
[1 : mcmc] Progress @ 2021-07-04 02:32:50 : 3727 steps taken, and 1260 accepted.
[1 : mcmc] Progress @ 2021-07-04 02:41:11 : 3822 steps taken, and 1293 accepted.
[1 : mcmc] Progress @ 2021-07-04 02:42:11 : 3898 steps taken, and 1325 accepted.
[1 : mcmc] Progress @ 2021-07-04 02:43:12 : 3988 steps taken, and 1352 accepted.
[0 : mcmc] Progress @ 2021-07-04 02:43:38 : 7195 steps taken, and 2481 accepted.
[1 : mcmc] Progress @ 2021-07-04 02:44:13 : 4099 steps taken, and 1390 accepted.
[1 : mcmc] Learn + convergence test @ 1400 samples accepted.
[1 : mcmc] Ready to check convergence and learn a new proposal covmat (waiting for the rest...)
[0 : mcmc] Progress @ 2021-07-04 02:44:39 : 7294 steps taken, and 2516 accepted.
[0 : mcmc] Learn + convergence test @ 2520 samples accepted.
[0 : mcmc] Ready to check convergence and learn a new proposal covmat (waiting for the rest...)
[0 : mcmc] All chains are ready to check convergence and learn a new proposal covmat
[0 : mcmc]  - Acceptance rate: 0.687 = avg([0.6906001644286106, 0.680019305019305])
[0 : mcmc]  - Convergence of means: R-1 = 0.161078 after 3929 accepted steps = sum([2520, 1409])
[0 : mcmc]  - Updated covariance matrix of proposal pdf.
[1 : mcmc] Progress @ 2021-07-04 02:45:15 : 4187 steps taken, and 1424 accepted.
[0 : mcmc] Progress @ 2021-07-04 02:45:39 : 7392 steps taken, and 2551 accepted.
[1 : mcmc] Progress @ 2021-07-04 02:46:16 : 4318 steps taken, and 1474 accepted.
[0 : mcmc] Progress @ 2021-07-04 02:46:40 : 7493 steps taken, and 2582 accepted.
[1 : mcmc] Progress @ 2021-07-04 02:47:16 : 4420 steps taken, and 1511 accepted.
[0 : mcmc] Progress @ 2021-07-04 02:47:40 : 7612 steps taken, and 2624 accepted.
[1 : mcmc] Learn + convergence test @ 1540 samples accepted.
[1 : mcmc] Ready to check convergence and learn a new proposal covmat (waiting for the rest...)
[1 : mcmc] Progress @ 2021-07-04 02:48:17 : 4514 steps taken, and 1543 accepted.
[0 : mcmc] Progress @ 2021-07-04 02:48:43 : 7647 steps taken, and 2635 accepted.
[0 : mcmc] Learn + convergence test @ 2660 samples accepted.
[0 : mcmc] Ready to check convergence and learn a new proposal covmat (waiting for the rest...)
[0 : mcmc] All chains are ready to check convergence and learn a new proposal covmat
[1 : mcmc] Progress @ 2021-07-04 02:58:13 : 4518 steps taken, and 1543 accepted.
[0 : mcmc]  - Acceptance rate: 0.687 = avg([0.6898340248962656, 0.6828836797877046])
[0 : mcmc]  - Convergence of means: R-1 = 0.210136 after 4204 accepted steps = sum([2660, 1544])
[0 : mcmc]  - Updated covariance matrix of proposal pdf.
[0 : mcmc] Progress @ 2021-07-04 02:58:15 : 7717 steps taken, and 2660 accepted.
[1 : mcmc] Progress @ 2021-07-04 02:59:13 : 4577 steps taken, and 1562 accepted.
[0 : mcmc] Progress @ 2021-07-04 02:59:16 : 7823 steps taken, and 2699 accepted.
[0 : mcmc] Progress @ 2021-07-04 03:00:18 : 7918 steps taken, and 2729 accepted.
[0 : mcmc] Progress @ 2021-07-04 03:01:18 : 8020 steps taken, and 2768 accepted.
[0 : mcmc] Learn + convergence test @ 2800 samples accepted.
[0 : mcmc] Ready to check convergence and learn a new proposal covmat (waiting for the rest...)
[0 : mcmc] Progress @ 2021-07-04 03:02:18 : 8119 steps taken, and 2800 accepted.
[0 : mcmc] Progress @ 2021-07-04 03:03:19 : 8237 steps taken, and 2842 accepted.
[1 : mcmc] Progress @ 2021-07-04 03:03:56 : 4609 steps taken, and 1575 accepted.
[0 : mcmc] Progress @ 2021-07-04 03:04:20 : 8318 steps taken, and 2870 accepted.
[1 : mcmc] Progress @ 2021-07-04 03:04:57 : 4723 steps taken, and 1614 accepted.
[0 : mcmc] Progress @ 2021-07-04 03:05:21 : 8432 steps taken, and 2906 accepted.
[1 : mcmc] Progress @ 2021-07-04 03:05:58 : 4828 steps taken, and 1646 accepted.
[1 : mcmc] Learn + convergence test @ 1680 samples accepted.
[1 : mcmc] Ready to check convergence and learn a new proposal covmat (waiting for the rest...)
[0 : mcmc] Progress @ 2021-07-04 03:08:16 : 8512 steps taken, and 2933 accepted.
[0 : mcmc] All chains are ready to check convergence and learn a new proposal covmat
[0 : mcmc]  - Acceptance rate: 0.688 = avg([0.689703808180536, 0.6837606837606838])
[0 : mcmc]  - Convergence of means: R-1 = 0.114567 after 4614 accepted steps = sum([2934, 1680])
[0 : mcmc]  - Updated covariance matrix of proposal pdf.
[1 : mcmc] Progress @ 2021-07-04 03:08:16 : 4917 steps taken, and 1680 accepted.
[0 : mcmc] Learn + convergence test @ 2940 samples accepted.
[0 : mcmc] Ready to check convergence and learn a new proposal covmat (waiting for the rest...)
[1 : mcmc] Progress @ 2021-07-04 03:09:17 : 5037 steps taken, and 1724 accepted.
[1 : mcmc] Progress @ 2021-07-04 03:10:17 : 5122 steps taken, and 1749 accepted.
[1 : mcmc] Progress @ 2021-07-04 03:11:17 : 5202 steps taken, and 1780 accepted.
[1 : mcmc] Progress @ 2021-07-04 03:12:52 : 5230 steps taken, and 1788 accepted.
[1 : mcmc] Progress @ 2021-07-04 03:13:52 : 5285 steps taken, and 1803 accepted.
[1 : mcmc] Learn + convergence test @ 1820 samples accepted.
[1 : mcmc] Ready to check convergence and learn a new proposal covmat (waiting for the rest...)
[0 : mcmc] Progress @ 2021-07-04 03:17:05 : 8602 steps taken, and 2959 accepted.
[0 : mcmc] All chains are ready to check convergence and learn a new proposal covmat
[0 : mcmc]  - Acceptance rate: 0.686 = avg([0.6885322167946034, 0.6819033345822405])
[0 : mcmc]  - Convergence of means: R-1 = 0.151951 after 4780 accepted steps = sum([2960, 1820])
[0 : mcmc]  - Updated covariance matrix of proposal pdf.
[1 : mcmc] Progress @ 2021-07-04 03:17:05 : 5342 steps taken, and 1821 accepted.
[1 : mcmc] Progress @ 2021-07-04 03:18:06 : 5444 steps taken, and 1856 accepted.
[1 : mcmc] Progress @ 2021-07-04 03:19:37 : 5450 steps taken, and 1857 accepted.
[1 : mcmc] Progress @ 2021-07-04 04:00:24 : 5503 steps taken, and 1875 accepted.
[1 : mcmc] Progress @ 2021-07-04 04:01:24 : 5600 steps taken, and 1905 accepted.
[1 : mcmc] Progress @ 2021-07-04 04:02:36 : 5633 steps taken, and 1915 accepted.
[0 : mcmc] Progress @ 2021-07-04 04:26:57 : 8610 steps taken, and 2960 accepted.
[0 : mcmc] Progress @ 2021-07-04 04:27:58 : 8694 steps taken, and 2993 accepted.
[0 : mcmc] Progress @ 2021-07-04 04:28:58 : 8801 steps taken, and 3030 accepted.
[0 : mcmc] Progress @ 2021-07-04 04:29:59 : 8905 steps taken, and 3069 accepted.
[0 : mcmc] Learn + convergence test @ 3080 samples accepted.
[0 : mcmc] Ready to check convergence and learn a new proposal covmat (waiting for the rest...)
[0 : mcmc] Progress @ 2021-07-04 04:31:00 : 9005 steps taken, and 3103 accepted.
[0 : mcmc] Progress @ 2021-07-04 04:32:00 : 9111 steps taken, and 3143 accepted.
[0 : mcmc] Progress @ 2021-07-04 04:33:01 : 9206 steps taken, and 3175 accepted.
[0 : mcmc] Progress @ 2021-07-04 04:35:33 : 9238 steps taken, and 3187 accepted.
[0 : mcmc] Progress @ 2021-07-04 04:39:17 : 9289 steps taken, and 3203 accepted.
[0 : mcmc] Progress @ 2021-07-04 04:45:55 : 9297 steps taken, and 3205 accepted.
[0 : mcmc] Learn + convergence test @ 3220 samples accepted.
[1 : mcmc] Progress @ 2021-07-04 04:50:54 : 5699 steps taken, and 1937 accepted.
[1 : mcmc] Learn + convergence test @ 1960 samples accepted.
[1 : mcmc] Ready to check convergence and learn a new proposal covmat (waiting for the rest...)
[0 : mcmc] Progress @ 2021-07-04 04:59:52 : 9379 steps taken, and 3230 accepted.
[0 : mcmc] All chains are ready to check convergence and learn a new proposal covmat
[0 : mcmc]  - Acceptance rate: 0.686 = avg([0.6890595009596929, 0.6817391304347826])
[0 : mcmc]  - Convergence of means: R-1 = 0.110491 after 5191 accepted steps = sum([3231, 1960])
[0 : mcmc]  - Updated covariance matrix of proposal pdf.
[1 : mcmc] Progress @ 2021-07-04 04:59:58 : 5754 steps taken, and 1961 accepted.
[0 : mcmc] Progress @ 2021-07-04 05:00:53 : 9477 steps taken, and 3267 accepted.
[0 : mcmc] Progress @ 2021-07-04 05:01:54 : 9570 steps taken, and 3299 accepted.
[0 : mcmc] Progress @ 2021-07-04 05:02:54 : 9658 steps taken, and 3327 accepted.
[1 : mcmc] Progress @ 2021-07-04 05:06:08 : 5835 steps taken, and 1990 accepted.
[0 : mcmc] Progress @ 2021-07-04 05:19:29 : 9670 steps taken, and 3330 accepted.
[1 : mcmc] Progress @ 2021-07-04 05:33:13 : 5847 steps taken, and 1994 accepted.
[1 : mcmc] Progress @ 2021-07-04 05:34:13 : 5916 steps taken, and 2016 accepted.
[1 : mcmc] Progress @ 2021-07-04 05:38:46 : 5932 steps taken, and 2021 accepted.
[1 : mcmc] Progress @ 2021-07-04 05:39:47 : 6038 steps taken, and 2055 accepted.
[1 : mcmc] Progress @ 2021-07-04 05:40:48 : 6149 steps taken, and 2093 accepted.
[1 : mcmc] Progress @ 2021-07-04 06:04:41 : 6150 steps taken, and 2093 accepted.
[1 : mcmc] Learn + convergence test @ 2100 samples accepted.
[1 : mcmc] Ready to check convergence and learn a new proposal covmat (waiting for the rest...)
[1 : mcmc] Progress @ 2021-07-04 06:05:42 : 6249 steps taken, and 2121 accepted.
[1 : mcmc] Progress @ 2021-07-04 06:06:42 : 6366 steps taken, and 2164 accepted.
[0 : mcmc] Progress @ 2021-07-04 07:55:05 : 9742 steps taken, and 3354 accepted.
[0 : mcmc] Learn + convergence test @ 3360 samples accepted.
[0 : mcmc] Ready to check convergence and learn a new proposal covmat (waiting for the rest...)
[0 : mcmc] All chains are ready to check convergence and learn a new proposal covmat
[1 : mcmc] Progress @ 2021-07-04 07:59:07 : 6382 steps taken, and 2168 accepted.
[0 : mcmc]  - Acceptance rate: 0.685 = avg([0.6890894175553732, 0.6799373040752351])
[0 : mcmc]  - Convergence of means: R-1 = 0.049285 after 5529 accepted steps = sum([3360, 2169])
[0 : mcmc]  - Updated covariance matrix of proposal pdf.
[0 : mcmc] Progress @ 2021-07-04 07:59:07 : 9757 steps taken, and 3360 accepted.
[0 : mcmc] Progress @ 2021-07-04 08:00:08 : 9865 steps taken, and 3393 accepted.
[0 : mcmc] Progress @ 2021-07-04 08:01:09 : 9985 steps taken, and 3439 accepted.
[0 : mcmc] Progress @ 2021-07-04 08:02:10 : 10097 steps taken, and 3477 accepted.
[0 : mcmc] Learn + convergence test @ 3500 samples accepted.
[0 : mcmc] Ready to check convergence and learn a new proposal covmat (waiting for the rest...)
[0 : mcmc] Progress @ 2021-07-04 08:03:10 : 10214 steps taken, and 3523 accepted.
[1 : mcmc] Progress @ 2021-07-04 08:03:30 : 6394 steps taken, and 2172 accepted.
[0 : mcmc] Progress @ 2021-07-04 08:04:11 : 10323 steps taken, and 3559 accepted.
[0 : mcmc] Progress @ 2021-07-04 08:05:12 : 10421 steps taken, and 3594 accepted.
[0 : mcmc] Progress @ 2021-07-04 08:06:31 : 10511 steps taken, and 3621 accepted.
[0 : mcmc] Learn + convergence test @ 3640 samples accepted.
[0 : mcmc] Progress @ 2021-07-04 08:08:32 : 10584 steps taken, and 3641 accepted.
[0 : mcmc] Progress @ 2021-07-04 08:09:33 : 10691 steps taken, and 3681 accepted.
[0 : mcmc] Progress @ 2021-07-04 08:12:24 : 10763 steps taken, and 3707 accepted.
[0 : mcmc] Progress @ 2021-07-04 08:17:02 : 10829 steps taken, and 3726 accepted.
[0 : mcmc] Progress @ 2021-07-04 08:49:51 : 10876 steps taken, and 3739 accepted.
[0 : mcmc] Progress @ 2021-07-04 08:50:52 : 10975 steps taken, and 3765 accepted.
[0 : mcmc] Learn + convergence test @ 3780 samples accepted.
[0 : mcmc] Progress @ 2021-07-04 08:54:24 : 11026 steps taken, and 3781 accepted.
[0 : mcmc] Progress @ 2021-07-04 09:04:36 : 11100 steps taken, and 3804 accepted.
[1 : mcmc] Progress @ 2021-07-04 09:05:20 : 6406 steps taken, and 2175 accepted.
[0 : mcmc] Progress @ 2021-07-04 09:05:36 : 11215 steps taken, and 3838 accepted.
[1 : mcmc] Progress @ 2021-07-04 09:06:21 : 6503 steps taken, and 2221 accepted.
[0 : mcmc] Progress @ 2021-07-04 09:06:38 : 11324 steps taken, and 3873 accepted.
[1 : mcmc] Learn + convergence test @ 2240 samples accepted.
[1 : mcmc] Ready to check convergence and learn a new proposal covmat (waiting for the rest...)
[0 : mcmc] All chains are ready to check convergence and learn a new proposal covmat
[0 : mcmc]  - Acceptance rate: 0.685 = avg([0.6844985875706214, 0.684805869764598])
[0 : mcmc]  - Convergence of means: R-1 = 0.050976 after 6117 accepted steps = sum([3877, 2240])
[0 : mcmc]  - Updated covariance matrix of proposal pdf.
[1 : mcmc] Progress @ 2021-07-04 09:07:21 : 6608 steps taken, and 2264 accepted.
[0 : mcmc] Progress @ 2021-07-04 09:07:38 : 11413 steps taken, and 3900 accepted.
[1 : mcmc] Progress @ 2021-07-04 09:08:23 : 6689 steps taken, and 2292 accepted.
[1 : mcmc] Progress @ 2021-07-04 09:13:20 : 6693 steps taken, and 2294 accepted.
[1 : mcmc] Progress @ 2021-07-04 09:14:21 : 6778 steps taken, and 2321 accepted.
[1 : mcmc] Progress @ 2021-07-04 09:15:21 : 6883 steps taken, and 2353 accepted.
[1 : mcmc] Learn + convergence test @ 2380 samples accepted.
[1 : mcmc] Ready to check convergence and learn a new proposal covmat (waiting for the rest...)
[1 : mcmc] Progress @ 2021-07-04 09:16:22 : 7005 steps taken, and 2391 accepted.
[1 : mcmc] Progress @ 2021-07-04 09:18:22 : 7076 steps taken, and 2417 accepted.
[1 : mcmc] Progress @ 2021-07-04 09:19:22 : 7180 steps taken, and 2453 accepted.
[1 : mcmc] Progress @ 2021-07-04 09:20:22 : 7282 steps taken, and 2489 accepted.
[1 : mcmc] Learn + convergence test @ 2520 samples accepted.
[1 : mcmc] Progress @ 2021-07-04 09:21:23 : 7378 steps taken, and 2523 accepted.
[1 : mcmc] Progress @ 2021-07-04 09:22:23 : 7474 steps taken, and 2550 accepted.
[1 : mcmc] Progress @ 2021-07-04 09:23:24 : 7575 steps taken, and 2580 accepted.
[1 : mcmc] Progress @ 2021-07-04 09:24:30 : 7631 steps taken, and 2599 accepted.
[1 : mcmc] Progress @ 2021-07-04 09:25:31 : 7744 steps taken, and 2639 accepted.
[1 : mcmc] Learn + convergence test @ 2660 samples accepted.
[1 : mcmc] Progress @ 2021-07-04 09:26:31 : 7847 steps taken, and 2673 accepted.
[1 : mcmc] Progress @ 2021-07-04 09:42:31 : 7899 steps taken, and 2689 accepted.
[1 : mcmc] Progress @ 2021-07-04 09:43:32 : 7997 steps taken, and 2728 accepted.
[1 : mcmc] Progress @ 2021-07-04 09:44:33 : 8155 steps taken, and 2781 accepted.
[1 : mcmc] Learn + convergence test @ 2800 samples accepted.
[1 : mcmc] Progress @ 2021-07-04 09:46:01 : 8241 steps taken, and 2807 accepted.
[1 : mcmc] Progress @ 2021-07-04 09:52:15 : 8275 steps taken, and 2816 accepted.
[1 : mcmc] Progress @ 2021-07-04 09:53:16 : 8376 steps taken, and 2850 accepted.
[1 : mcmc] Progress @ 2021-07-04 09:54:48 : 8449 steps taken, and 2876 accepted.
[1 : mcmc] Progress @ 2021-07-04 10:02:10 : 8495 steps taken, and 2885 accepted.
[1 : mcmc] Progress @ 2021-07-04 10:03:11 : 8615 steps taken, and 2924 accepted.
[0 : mcmc] Progress @ 2021-07-04 10:03:31 : 11434 steps taken, and 3908 accepted.
[1 : mcmc] Learn + convergence test @ 2940 samples accepted.
[1 : mcmc] Progress @ 2021-07-04 10:04:12 : 8661 steps taken, and 2940 accepted.
[1 : mcmc] Progress @ 2021-07-04 10:05:13 : 8755 steps taken, and 2977 accepted.
[1 : mcmc] Progress @ 2021-07-04 10:06:13 : 8866 steps taken, and 3015 accepted.
[1 : mcmc] Progress @ 2021-07-04 10:07:14 : 8977 steps taken, and 3053 accepted.
[1 : mcmc] Learn + convergence test @ 3080 samples accepted.
[1 : mcmc] Progress @ 2021-07-04 10:08:15 : 9070 steps taken, and 3085 accepted.
[1 : mcmc] Progress @ 2021-07-04 10:09:16 : 9121 steps taken, and 3098 accepted.
[1 : mcmc] Progress @ 2021-07-04 10:10:16 : 9221 steps taken, and 3134 accepted.
[1 : mcmc] Progress @ 2021-07-04 10:12:55 : 9310 steps taken, and 3161 accepted.
[1 : mcmc] Progress @ 2021-07-04 10:13:56 : 9415 steps taken, and 3200 accepted.
[1 : mcmc] Learn + convergence test @ 3220 samples accepted.
[1 : mcmc] Progress @ 2021-07-04 10:14:57 : 9513 steps taken, and 3234 accepted.
[1 : mcmc] Progress @ 2021-07-04 10:15:57 : 9632 steps taken, and 3271 accepted.
[1 : mcmc] Progress @ 2021-07-04 10:16:58 : 9738 steps taken, and 3303 accepted.
[1 : mcmc] Progress @ 2021-07-04 10:17:58 : 9845 steps taken, and 3337 accepted.
[1 : mcmc] Learn + convergence test @ 3360 samples accepted.
[1 : mcmc] Progress @ 2021-07-04 10:18:59 : 9949 steps taken, and 3371 accepted.
[1 : mcmc] Progress @ 2021-07-04 10:27:24 : 10073 steps taken, and 3417 accepted.
[0 : mcmc] Progress @ 2021-07-04 10:45:08 : 11440 steps taken, and 3910 accepted.
[0 : mcmc] Learn + convergence test @ 3920 samples accepted.
[0 : mcmc] Ready to check convergence and learn a new proposal covmat (waiting for the rest...)
[0 : mcmc] All chains are ready to check convergence and learn a new proposal covmat
[1 : mcmc] Progress @ 2021-07-04 12:11:12 : 10096 steps taken, and 3425 accepted.
[0 : mcmc]  - Acceptance rate: 0.681 = avg([0.6836414370422044, 0.6788191004557163])
[0 : mcmc]  - Convergence of means: R-1 = 0.044575 after 7346 accepted steps = sum([3920, 3426])
[0 : mcmc]  - Updated covariance matrix of proposal pdf.
[0 : mcmc] Progress @ 2021-07-04 12:11:14 : 11473 steps taken, and 3920 accepted.
[0 : mcmc] Progress @ 2021-07-04 12:12:15 : 11545 steps taken, and 3946 accepted.
[1 : mcmc] Progress @ 2021-07-04 12:12:15 : 10149 steps taken, and 3441 accepted.
[0 : mcmc] Progress @ 2021-07-04 12:13:15 : 11646 steps taken, and 3979 accepted.
[1 : mcmc] Progress @ 2021-07-04 12:13:16 : 10237 steps taken, and 3468 accepted.
[0 : mcmc] Progress @ 2021-07-04 12:14:16 : 11760 steps taken, and 4014 accepted.
[0 : mcmc] Progress @ 2021-07-04 12:15:16 : 11867 steps taken, and 4049 accepted.
[0 : mcmc] Learn + convergence test @ 4060 samples accepted.
[0 : mcmc] Ready to check convergence and learn a new proposal covmat (waiting for the rest...)
[0 : mcmc] Progress @ 2021-07-04 12:16:18 : 11998 steps taken, and 4091 accepted.
[0 : mcmc] Progress @ 2021-07-04 12:17:18 : 12085 steps taken, and 4115 accepted.
[0 : mcmc] Progress @ 2021-07-04 12:18:19 : 12200 steps taken, and 4153 accepted.
[0 : mcmc] Progress @ 2021-07-04 12:19:20 : 12291 steps taken, and 4182 accepted.
[0 : mcmc] Learn + convergence test @ 4200 samples accepted.
[0 : mcmc] Progress @ 2021-07-04 12:20:21 : 12399 steps taken, and 4222 accepted.
[0 : mcmc] Progress @ 2021-07-04 12:21:22 : 12508 steps taken, and 4260 accepted.
[0 : mcmc] Progress @ 2021-07-04 12:22:22 : 12593 steps taken, and 4289 accepted.
[0 : mcmc] Progress @ 2021-07-04 12:23:22 : 12692 steps taken, and 4325 accepted.
[0 : mcmc] Progress @ 2021-07-04 12:29:56 : 12721 steps taken, and 4338 accepted.
[0 : mcmc] Learn + convergence test @ 4340 samples accepted.
[0 : mcmc] Progress @ 2021-07-04 12:30:57 : 12821 steps taken, and 4372 accepted.
[1 : mcmc] Progress @ 2021-07-04 12:31:30 : 10275 steps taken, and 3484 accepted.
[0 : mcmc] Progress @ 2021-07-04 12:31:58 : 12930 steps taken, and 4412 accepted.
[0 : mcmc] Progress @ 2021-07-04 12:34:41 : 12941 steps taken, and 4413 accepted.
[0 : mcmc] Progress @ 2021-07-04 12:35:42 : 13045 steps taken, and 4451 accepted.
[0 : mcmc] Learn + convergence test @ 4480 samples accepted.
[0 : mcmc] Progress @ 2021-07-04 12:36:42 : 13144 steps taken, and 4483 accepted.
[0 : mcmc] Progress @ 2021-07-04 12:37:43 : 13278 steps taken, and 4526 accepted.
[0 : mcmc] Progress @ 2021-07-04 12:43:11 : 13291 steps taken, and 4531 accepted.
[1 : mcmc] Progress @ 2021-07-04 12:44:02 : 10327 steps taken, and 3498 accepted.
[1 : mcmc] Learn + convergence test @ 3500 samples accepted.
[1 : mcmc] Ready to check convergence and learn a new proposal covmat (waiting for the rest...)
[0 : mcmc] Progress @ 2021-07-04 12:45:23 : 13314 steps taken, and 4540 accepted.
[0 : mcmc] All chains are ready to check convergence and learn a new proposal covmat
[0 : mcmc]  - Acceptance rate: 0.680 = avg([0.6823441021788129, 0.6777691711851278])
[0 : mcmc]  - Convergence of means: R-1 = 0.041105 after 8041 accepted steps = sum([4541, 3500])
[0 : mcmc]  - Updated covariance matrix of proposal pdf.
[1 : mcmc] Progress @ 2021-07-04 12:45:25 : 10331 steps taken, and 3500 accepted.
[0 : mcmc] Progress @ 2021-07-04 12:46:25 : 13419 steps taken, and 4577 accepted.
[1 : mcmc] Progress @ 2021-07-04 12:46:26 : 10415 steps taken, and 3523 accepted.
[0 : mcmc] Progress @ 2021-07-04 12:47:25 : 13524 steps taken, and 4616 accepted.
[0 : mcmc] Learn + convergence test @ 4620 samples accepted.
[0 : mcmc] Ready to check convergence and learn a new proposal covmat (waiting for the rest...)
[0 : mcmc] Progress @ 2021-07-04 12:48:25 : 13644 steps taken, and 4661 accepted.
[0 : mcmc] Progress @ 2021-07-04 12:49:26 : 13739 steps taken, and 4693 accepted.
[0 : mcmc] Progress @ 2021-07-04 13:45:05 : 13797 steps taken, and 4709 accepted.
[0 : mcmc] Progress @ 2021-07-04 13:46:06 : 13893 steps taken, and 4745 accepted.
[0 : mcmc] Learn + convergence test @ 4760 samples accepted.
[0 : mcmc] Progress @ 2021-07-04 13:47:07 : 14035 steps taken, and 4792 accepted.
[0 : mcmc] Progress @ 2021-07-04 13:48:07 : 14161 steps taken, and 4835 accepted.
[1 : mcmc] Progress @ 2021-07-04 13:59:03 : 10424 steps taken, and 3525 accepted.
[0 : mcmc] Progress @ 2021-07-04 13:59:40 : 14228 steps taken, and 4860 accepted.
[1 : mcmc] Progress @ 2021-07-04 14:00:03 : 10538 steps taken, and 3564 accepted.
[1 : mcmc] Progress @ 2021-07-04 14:01:23 : 10610 steps taken, and 3590 accepted.
[1 : mcmc] Progress @ 2021-07-04 14:02:23 : 10706 steps taken, and 3625 accepted.
[1 : mcmc] Learn + convergence test @ 3640 samples accepted.
[1 : mcmc] Ready to check convergence and learn a new proposal covmat (waiting for the rest...)
[0 : mcmc] Progress @ 2021-07-04 14:08:16 : 14247 steps taken, and 4865 accepted.
[0 : mcmc] All chains are ready to check convergence and learn a new proposal covmat
[0 : mcmc]  - Acceptance rate: 0.680 = avg([0.6832350463352991, 0.676454190670879])
[0 : mcmc]  - Convergence of means: R-1 = 0.042831 after 8506 accepted steps = sum([4866, 3640])
[0 : mcmc]  - Updated covariance matrix of proposal pdf.
[1 : mcmc] Progress @ 2021-07-04 14:08:17 : 10765 steps taken, and 3640 accepted.
[1 : mcmc] Progress @ 2021-07-04 14:09:17 : 10875 steps taken, and 3681 accepted.
[1 : mcmc] Progress @ 2021-07-04 14:10:17 : 10967 steps taken, and 3710 accepted.
[0 : mcmc] Progress @ 2021-07-04 14:10:19 : 14274 steps taken, and 4873 accepted.
[1 : mcmc] Progress @ 2021-07-04 14:11:18 : 11080 steps taken, and 3752 accepted.
[1 : mcmc] Learn + convergence test @ 3780 samples accepted.
[1 : mcmc] Ready to check convergence and learn a new proposal covmat (waiting for the rest...)
[1 : mcmc] Progress @ 2021-07-04 14:12:19 : 11191 steps taken, and 3797 accepted.
[1 : mcmc] Progress @ 2021-07-04 14:13:20 : 11308 steps taken, and 3840 accepted.
[1 : mcmc] Progress @ 2021-07-04 14:14:20 : 11411 steps taken, and 3876 accepted.
[1 : mcmc] Progress @ 2021-07-04 14:22:00 : 11468 steps taken, and 3897 accepted.
[1 : mcmc] Learn + convergence test @ 3920 samples accepted.
[1 : mcmc] Progress @ 2021-07-04 14:23:01 : 11574 steps taken, and 3937 accepted.
[1 : mcmc] Progress @ 2021-07-04 14:24:02 : 11722 steps taken, and 3982 accepted.
[1 : mcmc] Progress @ 2021-07-04 14:25:04 : 11768 steps taken, and 4000 accepted.
[1 : mcmc] Progress @ 2021-07-04 14:26:05 : 11874 steps taken, and 4039 accepted.
[1 : mcmc] Learn + convergence test @ 4060 samples accepted.
[1 : mcmc] Progress @ 2021-07-04 14:27:06 : 11957 steps taken, and 4069 accepted.
[1 : mcmc] Progress @ 2021-07-04 14:28:06 : 12062 steps taken, and 4108 accepted.
[1 : mcmc] Progress @ 2021-07-04 14:29:07 : 12164 steps taken, and 4144 accepted.
[1 : mcmc] Progress @ 2021-07-04 14:30:08 : 12267 steps taken, and 4180 accepted.
[1 : mcmc] Learn + convergence test @ 4200 samples accepted.
[1 : mcmc] Progress @ 2021-07-04 14:31:08 : 12362 steps taken, and 4213 accepted.
[1 : mcmc] Progress @ 2021-07-04 14:32:09 : 12465 steps taken, and 4246 accepted.
[1 : mcmc] Progress @ 2021-07-04 14:33:45 : 12527 steps taken, and 4270 accepted.
[1 : mcmc] Progress @ 2021-07-04 14:34:45 : 12636 steps taken, and 4303 accepted.
[1 : mcmc] Progress @ 2021-07-04 14:35:46 : 12742 steps taken, and 4339 accepted.
[1 : mcmc] Learn + convergence test @ 4340 samples accepted.
[1 : mcmc] Progress @ 2021-07-04 14:36:47 : 12825 steps taken, and 4371 accepted.
[1 : mcmc] Progress @ 2021-07-04 14:37:48 : 12940 steps taken, and 4416 accepted.
[1 : mcmc] Progress @ 2021-07-04 14:38:49 : 13056 steps taken, and 4461 accepted.
[1 : mcmc] Learn + convergence test @ 4480 samples accepted.
[1 : mcmc] Progress @ 2021-07-04 14:57:22 : 13144 steps taken, and 4491 accepted.
[1 : mcmc] Progress @ 2021-07-04 14:58:22 : 13243 steps taken, and 4524 accepted.
[1 : mcmc] Progress @ 2021-07-04 14:59:23 : 13356 steps taken, and 4553 accepted.
[0 : mcmc] Progress @ 2021-07-04 15:11:28 : 14277 steps taken, and 4874 accepted.
[1 : mcmc] Progress @ 2021-07-04 15:13:47 : 13415 steps taken, and 4577 accepted.
[0 : mcmc] Progress @ 2021-07-04 15:13:58 : 14297 steps taken, and 4882 accepted.
[1 : mcmc] Progress @ 2021-07-04 15:15:05 : 13474 steps taken, and 4595 accepted.
[1 : mcmc] Learn + convergence test @ 4620 samples accepted.
[1 : mcmc] Progress @ 2021-07-04 15:16:05 : 13567 steps taken, and 4623 accepted.
[1 : mcmc] Progress @ 2021-07-04 15:27:19 : 13638 steps taken, and 4644 accepted.
[1 : mcmc] Progress @ 2021-07-04 15:28:20 : 13741 steps taken, and 4681 accepted.
[1 : mcmc] Progress @ 2021-07-04 15:29:21 : 13826 steps taken, and 4715 accepted.
[1 : mcmc] Progress @ 2021-07-04 15:30:22 : 13932 steps taken, and 4754 accepted.
[1 : mcmc] Learn + convergence test @ 4760 samples accepted.
[1 : mcmc] Progress @ 2021-07-04 15:35:06 : 14032 steps taken, and 4785 accepted.
[1 : mcmc] Progress @ 2021-07-04 15:36:07 : 14133 steps taken, and 4821 accepted.
[1 : mcmc] Progress @ 2021-07-04 15:38:30 : 14138 steps taken, and 4821 accepted.
[1 : mcmc] Progress @ 2021-07-04 15:40:21 : 14198 steps taken, and 4837 accepted.
[1 : mcmc] Progress @ 2021-07-04 15:41:22 : 14306 steps taken, and 4876 accepted.
[1 : mcmc] Learn + convergence test @ 4900 samples accepted.
[1 : mcmc] Progress @ 2021-07-04 15:42:22 : 14427 steps taken, and 4920 accepted.
[1 : mcmc] Progress @ 2021-07-04 15:43:22 : 14554 steps taken, and 4965 accepted.
[0 : mcmc] Progress @ 2021-07-04 15:59:27 : 14300 steps taken, and 4882 accepted.
[0 : mcmc] Progress @ 2021-07-04 16:04:23 : 14327 steps taken, and 4890 accepted.
[0 : mcmc] Learn + convergence test @ 4900 samples accepted.
[0 : mcmc] Ready to check convergence and learn a new proposal covmat (waiting for the rest...)
[0 : mcmc] All chains are ready to check convergence and learn a new proposal covmat
[1 : mcmc] Progress @ 2021-07-04 16:06:39 : 14590 steps taken, and 4978 accepted.
[0 : mcmc]  - Acceptance rate: 0.683 = avg([0.6827365194370907, 0.6826158486427201])
[0 : mcmc]  - Convergence of means: R-1 = 0.036626 after 9879 accepted steps = sum([4900, 4979])
[0 : mcmc]  - Updated covariance matrix of proposal pdf.
[0 : mcmc] Progress @ 2021-07-04 16:06:39 : 14360 steps taken, and 4900 accepted.
[1 : mcmc] Progress @ 2021-07-04 16:07:40 : 14720 steps taken, and 5024 accepted.
[0 : mcmc] Progress @ 2021-07-04 16:07:40 : 14462 steps taken, and 4936 accepted.
[1 : mcmc] Learn + convergence test @ 5040 samples accepted.
[1 : mcmc] Ready to check convergence and learn a new proposal covmat (waiting for the rest...)
[1 : mcmc] Progress @ 2021-07-04 16:09:22 : 14826 steps taken, and 5057 accepted.
[1 : mcmc] Progress @ 2021-07-04 16:10:23 : 14915 steps taken, and 5091 accepted.
[1 : mcmc] Progress @ 2021-07-04 16:11:23 : 15025 steps taken, and 5129 accepted.
[0 : mcmc] Progress @ 2021-07-04 16:20:45 : 14503 steps taken, and 4949 accepted.
[0 : mcmc] Progress @ 2021-07-04 16:26:14 : 14513 steps taken, and 4951 accepted.
[1 : mcmc] Progress @ 2021-07-04 16:28:06 : 15068 steps taken, and 5140 accepted.
[0 : mcmc] Progress @ 2021-07-04 16:28:36 : 14564 steps taken, and 4966 accepted.
[1 : mcmc] Progress @ 2021-07-04 16:30:49 : 15087 steps taken, and 5145 accepted.
[0 : mcmc] Progress @ 2021-07-04 16:31:22 : 14579 steps taken, and 4970 accepted.
[0 : mcmc] Progress @ 2021-07-04 16:32:23 : 14690 steps taken, and 5004 accepted.
[1 : mcmc] Progress @ 2021-07-04 16:33:11 : 15110 steps taken, and 5152 accepted.
[1 : mcmc] Progress @ 2021-07-04 16:36:17 : 15187 steps taken, and 5176 accepted.
[1 : mcmc] Learn + convergence test @ 5180 samples accepted.
[1 : mcmc] Progress @ 2021-07-04 16:37:17 : 15293 steps taken, and 5214 accepted.
[0 : mcmc] Progress @ 2021-07-04 16:37:31 : 14747 steps taken, and 5020 accepted.
[0 : mcmc] Learn + convergence test @ 5040 samples accepted.
[0 : mcmc] Ready to check convergence and learn a new proposal covmat (waiting for the rest...)
[0 : mcmc] All chains are ready to check convergence and learn a new proposal covmat
[0 : mcmc]  - Acceptance rate: 0.682 = avg([0.6808050790220181, 0.6822320499479708])
[0 : mcmc]  - Convergence of means: R-1 = 0.035339 after 10285 accepted steps = sum([5040, 5245])
[0 : mcmc]  - Updated covariance matrix of proposal pdf.
[1 : mcmc] Progress @ 2021-07-04 16:38:18 : 15398 steps taken, and 5249 accepted.
[0 : mcmc] Progress @ 2021-07-04 16:38:32 : 14849 steps taken, and 5052 accepted.
[0 : mcmc] Progress @ 2021-07-04 16:39:33 : 14955 steps taken, and 5082 accepted.
[0 : mcmc] Progress @ 2021-07-04 16:40:33 : 15048 steps taken, and 5109 accepted.
[1 : mcmc] Progress @ 2021-07-04 16:41:09 : 15454 steps taken, and 5268 accepted.
[0 : mcmc] Progress @ 2021-07-04 17:11:13 : 15070 steps taken, and 5116 accepted.
[0 : mcmc] Progress @ 2021-07-04 17:12:14 : 15173 steps taken, and 5150 accepted.
[0 : mcmc] Learn + convergence test @ 5180 samples accepted.
[0 : mcmc] Ready to check convergence and learn a new proposal covmat (waiting for the rest...)
[0 : mcmc] Progress @ 2021-07-04 17:13:14 : 15278 steps taken, and 5194 accepted.
[0 : mcmc] Progress @ 2021-07-04 17:14:15 : 15393 steps taken, and 5222 accepted.
[0 : mcmc] Progress @ 2021-07-04 17:15:15 : 15501 steps taken, and 5260 accepted.
[0 : mcmc] Progress @ 2021-07-04 17:16:16 : 15620 steps taken, and 5300 accepted.
[0 : mcmc] Learn + convergence test @ 5320 samples accepted.
[0 : mcmc] Progress @ 2021-07-04 17:17:16 : 15723 steps taken, and 5329 accepted.
[0 : mcmc] Progress @ 2021-07-04 17:23:47 : 15741 steps taken, and 5337 accepted.
[1 : mcmc] Progress @ 2021-07-04 17:33:03 : 15462 steps taken, and 5272 accepted.
[1 : mcmc] Progress @ 2021-07-04 17:34:03 : 15568 steps taken, and 5310 accepted.
[1 : mcmc] Learn + convergence test @ 5320 samples accepted.
[1 : mcmc] Ready to check convergence and learn a new proposal covmat (waiting for the rest...)
[0 : mcmc] Progress @ 2021-07-04 17:52:39 : 15825 steps taken, and 5366 accepted.
[0 : mcmc] All chains are ready to check convergence and learn a new proposal covmat
[0 : mcmc]  - Acceptance rate: 0.680 = avg([0.6784224497535077, 0.6824887748556767])
[0 : mcmc]  - Convergence of means: R-1 = 0.037056 after 10687 accepted steps = sum([5367, 5320])
[0 : mcmc]  - Updated covariance matrix of proposal pdf.
[1 : mcmc] Progress @ 2021-07-04 17:52:39 : 15593 steps taken, and 5320 accepted.
[0 : mcmc] Progress @ 2021-07-04 17:53:39 : 15877 steps taken, and 5384 accepted.
[1 : mcmc] Progress @ 2021-07-04 17:53:40 : 15717 steps taken, and 5363 accepted.
[0 : mcmc] Progress @ 2021-07-04 17:54:40 : 15997 steps taken, and 5425 accepted.
[1 : mcmc] Progress @ 2021-07-04 17:54:41 : 15812 steps taken, and 5394 accepted.
[0 : mcmc] Learn + convergence test @ 5460 samples accepted.
[0 : mcmc] Ready to check convergence and learn a new proposal covmat (waiting for the rest...)
[0 : mcmc] Progress @ 2021-07-04 17:55:41 : 16117 steps taken, and 5464 accepted.
[1 : mcmc] Progress @ 2021-07-04 17:56:06 : 15906 steps taken, and 5423 accepted.
[0 : mcmc] Progress @ 2021-07-04 17:56:41 : 16239 steps taken, and 5506 accepted.
[1 : mcmc] Progress @ 2021-07-04 17:57:06 : 16008 steps taken, and 5459 accepted.
[1 : mcmc] Learn + convergence test @ 5460 samples accepted.
[1 : mcmc] Ready to check convergence and learn a new proposal covmat (waiting for the rest...)
[0 : mcmc] All chains are ready to check convergence and learn a new proposal covmat
[0 : mcmc]  - Acceptance rate: 0.680 = avg([0.6782469923889025, 0.6819033345822405])
[0 : mcmc]  - Convergence of means: R-1 = 0.040582 after 10985 accepted steps = sum([5525, 5460])
[0 : mcmc]  - Updated covariance matrix of proposal pdf.
[1 : mcmc] Progress @ 2021-07-04 17:58:06 : 16117 steps taken, and 5489 accepted.
[1 : mcmc] Progress @ 2021-07-04 17:59:06 : 16221 steps taken, and 5525 accepted.
[1 : mcmc] Progress @ 2021-07-04 18:00:08 : 16313 steps taken, and 5555 accepted.
[1 : mcmc] Progress @ 2021-07-04 18:01:09 : 16390 steps taken, and 5583 accepted.
[1 : mcmc] Learn + convergence test @ 5600 samples accepted.
[1 : mcmc] Ready to check convergence and learn a new proposal covmat (waiting for the rest...)
[1 : mcmc] Progress @ 2021-07-04 18:02:12 : 16460 steps taken, and 5606 accepted.
[0 : mcmc] Progress @ 2021-07-04 18:03:24 : 16323 steps taken, and 5534 accepted.
[0 : mcmc] Progress @ 2021-07-04 18:10:07 : 16341 steps taken, and 5540 accepted.
[0 : mcmc] Progress @ 2021-07-04 18:25:24 : 16407 steps taken, and 5559 accepted.
[0 : mcmc] Progress @ 2021-07-04 18:26:54 : 16427 steps taken, and 5564 accepted.
[0 : mcmc] Progress @ 2021-07-04 18:31:39 : 16432 steps taken, and 5565 accepted.
[0 : mcmc] Progress @ 2021-07-04 18:32:40 : 16519 steps taken, and 5592 accepted.
[0 : mcmc] Learn + convergence test @ 5600 samples accepted.
[0 : mcmc] Ready to check convergence and learn a new proposal covmat (waiting for the rest...)
[0 : mcmc] All chains are ready to check convergence and learn a new proposal covmat
[1 : mcmc] Progress @ 2021-07-04 19:15:51 : 16496 steps taken, and 5619 accepted.
[0 : mcmc]  - Acceptance rate: 0.679 = avg([0.6771463119709794, 0.681459924821147])
[0 : mcmc]  - Convergence of means: R-1 = 0.028257 after 11220 accepted steps = sum([5600, 5620])
[0 : mcmc]  - Updated covariance matrix of proposal pdf.
[0 : mcmc] Progress @ 2021-07-04 19:15:51 : 16546 steps taken, and 5601 accepted.
[0 : mcmc] Progress @ 2021-07-04 19:16:52 : 16654 steps taken, and 5642 accepted.
[0 : mcmc] Progress @ 2021-07-04 19:17:53 : 16770 steps taken, and 5679 accepted.
[0 : mcmc] Progress @ 2021-07-04 19:18:55 : 16879 steps taken, and 5715 accepted.
[0 : mcmc] Learn + convergence test @ 5740 samples accepted.
[0 : mcmc] Ready to check convergence and learn a new proposal covmat (waiting for the rest...)
[0 : mcmc] Progress @ 2021-07-04 19:19:56 : 17006 steps taken, and 5755 accepted.
[1 : mcmc] Progress @ 2021-07-04 19:20:49 : 16549 steps taken, and 5634 accepted.
[1 : mcmc] Progress @ 2021-07-04 19:23:50 : 16628 steps taken, and 5667 accepted.
[1 : mcmc] Progress @ 2021-07-04 19:24:52 : 16736 steps taken, and 5709 accepted.
[1 : mcmc] Learn + convergence test @ 5740 samples accepted.
[1 : mcmc] Ready to check convergence and learn a new proposal covmat (waiting for the rest...)
[0 : mcmc] Progress @ 2021-07-04 20:06:41 : 17058 steps taken, and 5775 accepted.
[0 : mcmc] All chains are ready to check convergence and learn a new proposal covmat
[0 : mcmc]  - Acceptance rate: 0.680 = avg([0.6773777412923654, 0.6827643630308077])
[0 : mcmc]  - Convergence of means: R-1 = 0.019818 after 11516 accepted steps = sum([5776, 5740])
[0 : mcmc]  - Updated covariance matrix of proposal pdf.
[1 : mcmc] Progress @ 2021-07-04 20:06:41 : 16817 steps taken, and 5740 accepted.
[0 : mcmc] Progress @ 2021-07-04 20:09:15 : 17095 steps taken, and 5786 accepted.
[0 : mcmc] Progress @ 2021-07-04 20:10:15 : 17161 steps taken, and 5808 accepted.
[0 : mcmc] Progress @ 2021-07-04 20:26:49 : 17204 steps taken, and 5822 accepted.
[0 : mcmc] Progress @ 2021-07-04 20:27:51 : 17297 steps taken, and 5858 accepted.
[0 : mcmc] Progress @ 2021-07-04 20:45:34 : 17316 steps taken, and 5862 accepted.
[0 : mcmc] Learn + convergence test @ 5880 samples accepted.
[0 : mcmc] Ready to check convergence and learn a new proposal covmat (waiting for the rest...)
[0 : mcmc] Progress @ 2021-07-04 20:46:35 : 17408 steps taken, and 5892 accepted.
[0 : mcmc] Progress @ 2021-07-04 20:47:36 : 17508 steps taken, and 5918 accepted.
[0 : mcmc] Progress @ 2021-07-04 20:48:37 : 17642 steps taken, and 5954 accepted.
[0 : mcmc] Progress @ 2021-07-04 20:49:38 : 17735 steps taken, and 5984 accepted.
[0 : mcmc] Learn + convergence test @ 6020 samples accepted.
[0 : mcmc] Progress @ 2021-07-04 20:50:39 : 17853 steps taken, and 6028 accepted.
[1 : mcmc] Progress @ 2021-07-04 21:07:04 : 16850 steps taken, and 5749 accepted.
[1 : mcmc] Progress @ 2021-07-04 21:10:35 : 16873 steps taken, and 5757 accepted.
[1 : mcmc] Progress @ 2021-07-04 21:11:36 : 16916 steps taken, and 5773 accepted.
[1 : mcmc] Progress @ 2021-07-04 21:16:28 : 16984 steps taken, and 5798 accepted.
[1 : mcmc] Progress @ 2021-07-04 21:17:29 : 17079 steps taken, and 5828 accepted.
[1 : mcmc] Progress @ 2021-07-04 21:23:25 : 17096 steps taken, and 5833 accepted.
[1 : mcmc] Learn + convergence test @ 5880 samples accepted.
[1 : mcmc] Ready to check convergence and learn a new proposal covmat (waiting for the rest...)
[0 : mcmc] Progress @ 2021-07-04 21:41:11 : 17858 steps taken, and 6029 accepted.
[0 : mcmc] All chains are ready to check convergence and learn a new proposal covmat
[0 : mcmc]  - Acceptance rate: 0.679 = avg([0.6754788842836339, 0.6833236490412551])
[0 : mcmc]  - Convergence of means: R-1 = 0.013446 after 11910 accepted steps = sum([6030, 5880])
[0 : mcmc]  - Updated covariance matrix of proposal pdf.
[1 : mcmc] Progress @ 2021-07-04 21:41:12 : 17213 steps taken, and 5880 accepted.
[0 : mcmc] Progress @ 2021-07-04 21:42:12 : 17965 steps taken, and 6066 accepted.
[1 : mcmc] Progress @ 2021-07-04 21:42:14 : 17329 steps taken, and 5917 accepted.
[0 : mcmc] Progress @ 2021-07-04 21:43:12 : 18072 steps taken, and 6103 accepted.
[1 : mcmc] Progress @ 2021-07-04 21:43:14 : 17462 steps taken, and 5964 accepted.
[0 : mcmc] Progress @ 2021-07-04 21:44:12 : 18171 steps taken, and 6131 accepted.
[1 : mcmc] Progress @ 2021-07-04 21:44:15 : 17572 steps taken, and 6004 accepted.
[1 : mcmc] Learn + convergence test @ 6020 samples accepted.
[1 : mcmc] Ready to check convergence and learn a new proposal covmat (waiting for the rest...)
[0 : mcmc] Progress @ 2021-07-04 21:45:13 : 18221 steps taken, and 6144 accepted.
[1 : mcmc] Progress @ 2021-07-04 21:45:16 : 17695 steps taken, and 6042 accepted.
[0 : mcmc] Learn + convergence test @ 6160 samples accepted.
[0 : mcmc] Ready to check convergence and learn a new proposal covmat (waiting for the rest...)
[0 : mcmc] All chains are ready to check convergence and learn a new proposal covmat
[0 : mcmc]  - Acceptance rate: 0.679 = avg([0.6746987951807228, 0.6829048263419035])
[0 : mcmc]  - Convergence of means: R-1 = 0.015457 after 12216 accepted steps = sum([6160, 6056])
[0 : mcmc]  - Updated covariance matrix of proposal pdf.
[0 : mcmc] Progress @ 2021-07-04 21:46:14 : 18319 steps taken, and 6176 accepted.
[0 : mcmc] Progress @ 2021-07-04 21:47:15 : 18420 steps taken, and 6212 accepted.
[1 : mcmc] Progress @ 2021-07-04 21:47:58 : 17756 steps taken, and 6061 accepted.
[0 : mcmc] Progress @ 2021-07-04 21:48:15 : 18551 steps taken, and 6248 accepted.
[1 : mcmc] Progress @ 2021-07-04 21:48:59 : 17861 steps taken, and 6099 accepted.
[0 : mcmc] Progress @ 2021-07-04 21:49:27 : 18616 steps taken, and 6269 accepted.
[0 : mcmc] Learn + convergence test @ 6300 samples accepted.
[0 : mcmc] Ready to check convergence and learn a new proposal covmat (waiting for the rest...)
[0 : mcmc] Progress @ 2021-07-04 21:50:28 : 18717 steps taken, and 6301 accepted.
[1 : mcmc] Progress @ 2021-07-04 21:50:52 : 17938 steps taken, and 6128 accepted.
[1 : mcmc] Progress @ 2021-07-04 21:53:36 : 18023 steps taken, and 6154 accepted.
[1 : mcmc] Learn + convergence test @ 6160 samples accepted.
[1 : mcmc] Ready to check convergence and learn a new proposal covmat (waiting for the rest...)
[0 : mcmc] Progress @ 2021-07-04 21:58:16 : 18727 steps taken, and 6303 accepted.
[0 : mcmc] All chains are ready to check convergence and learn a new proposal covmat
[0 : mcmc]  - Acceptance rate: 0.678 = avg([0.673360393078402, 0.6831540423644228])
[0 : mcmc]  - Convergence of means: R-1 = 0.015840 after 12464 accepted steps = sum([6304, 6160])
[0 : mcmc]  - Updated covariance matrix of proposal pdf.
[1 : mcmc] Progress @ 2021-07-04 21:58:17 : 18037 steps taken, and 6160 accepted.
[0 : mcmc] Progress @ 2021-07-04 21:59:16 : 18837 steps taken, and 6337 accepted.
[0 : mcmc] Progress @ 2021-07-04 22:00:17 : 18940 steps taken, and 6367 accepted.
[1 : mcmc] Progress @ 2021-07-04 22:00:43 : 18143 steps taken, and 6198 accepted.
[0 : mcmc] Progress @ 2021-07-04 22:01:19 : 19040 steps taken, and 6400 accepted.
[1 : mcmc] Progress @ 2021-07-04 22:01:43 : 18242 steps taken, and 6233 accepted.
[1 : mcmc] Progress @ 2021-07-04 22:02:44 : 18321 steps taken, and 6263 accepted.
[1 : mcmc] Progress @ 2021-07-04 22:04:49 : 18387 steps taken, and 6281 accepted.
[0 : mcmc] Progress @ 2021-07-04 22:04:55 : 19084 steps taken, and 6415 accepted.
[1 : mcmc] Learn + convergence test @ 6300 samples accepted.
[1 : mcmc] Ready to check convergence and learn a new proposal covmat (waiting for the rest...)
[1 : mcmc] Progress @ 2021-07-04 22:05:49 : 18477 steps taken, and 6311 accepted.
[0 : mcmc] Progress @ 2021-07-04 22:08:31 : 19101 steps taken, and 6419 accepted.
[0 : mcmc] Learn + convergence test @ 6440 samples accepted.
[0 : mcmc] Ready to check convergence and learn a new proposal covmat (waiting for the rest...)
[0 : mcmc] All chains are ready to check convergence and learn a new proposal covmat
[1 : mcmc] Progress @ 2021-07-04 23:26:41 : 18489 steps taken, and 6316 accepted.
[0 : mcmc]  - Acceptance rate: 0.678 = avg([0.672514619883041, 0.6833621808740805])
[0 : mcmc]  - Convergence of means: R-1 = 0.009210 after 12757 accepted steps = sum([6440, 6317])
[0 : mcmc]  - Updated covariance matrix of proposal pdf.
[0 : mcmc] Progress @ 2021-07-04 23:26:41 : 19157 steps taken, and 6440 accepted.
[1 : mcmc] Progress @ 2021-07-04 23:27:41 : 18579 steps taken, and 6351 accepted.
[0 : mcmc] Progress @ 2021-07-04 23:27:42 : 19252 steps taken, and 6476 accepted.
[1 : mcmc] Progress @ 2021-07-04 23:28:43 : 18678 steps taken, and 6382 accepted.
[1 : mcmc] Progress @ 2021-07-04 23:29:43 : 18783 steps taken, and 6413 accepted.
[1 : mcmc] Learn + convergence test @ 6440 samples accepted.
[1 : mcmc] Ready to check convergence and learn a new proposal covmat (waiting for the rest...)
[1 : mcmc] Progress @ 2021-07-04 23:43:32 : 18862 steps taken, and 6450 accepted.
[1 : mcmc] Progress @ 2021-07-04 23:44:34 : 18956 steps taken, and 6483 accepted.
[1 : mcmc] Progress @ 2021-07-04 23:48:44 : 19054 steps taken, and 6514 accepted.
[1 : mcmc] Progress @ 2021-07-04 23:49:45 : 19165 steps taken, and 6552 accepted.
[1 : mcmc] Learn + convergence test @ 6580 samples accepted.
[1 : mcmc] Progress @ 2021-07-04 23:50:45 : 19294 steps taken, and 6600 accepted.
[1 : mcmc] Progress @ 2021-07-04 23:51:46 : 19427 steps taken, and 6643 accepted.
[1 : mcmc] Progress @ 2021-07-04 23:53:59 : 19518 steps taken, and 6674 accepted.
[1 : mcmc] Progress @ 2021-07-04 23:55:00 : 19622 steps taken, and 6714 accepted.
[1 : mcmc] Learn + convergence test @ 6720 samples accepted.
[1 : mcmc] Progress @ 2021-07-04 23:56:00 : 19720 steps taken, and 6747 accepted.
[1 : mcmc] Progress @ 2021-07-04 23:57:01 : 19847 steps taken, and 6787 accepted.
[1 : mcmc] Progress @ 2021-07-04 23:58:03 : 19947 steps taken, and 6820 accepted.
[1 : mcmc] Progress @ 2021-07-05 00:16:30 : 19990 steps taken, and 6836 accepted.
[1 : mcmc] Learn + convergence test @ 6860 samples accepted.
[1 : mcmc] Progress @ 2021-07-05 00:17:31 : 20110 steps taken, and 6876 accepted.
[1 : mcmc] Progress @ 2021-07-05 00:18:31 : 20208 steps taken, and 6906 accepted.
[1 : mcmc] Progress @ 2021-07-05 00:19:32 : 20318 steps taken, and 6948 accepted.
[1 : mcmc] Progress @ 2021-07-05 00:20:32 : 20405 steps taken, and 6980 accepted.
[1 : mcmc] Progress @ 2021-07-05 00:22:45 : 20419 steps taken, and 6984 accepted.
[1 : mcmc] Learn + convergence test @ 7000 samples accepted.
[1 : mcmc] Progress @ 2021-07-05 00:30:07 : 20509 steps taken, and 7014 accepted.
[1 : mcmc] Progress @ 2021-07-05 00:31:07 : 20642 steps taken, and 7055 accepted.
[1 : mcmc] Progress @ 2021-07-05 00:32:07 : 20747 steps taken, and 7093 accepted.
[1 : mcmc] Progress @ 2021-07-05 00:33:08 : 20864 steps taken, and 7138 accepted.
[1 : mcmc] Learn + convergence test @ 7140 samples accepted.
[1 : mcmc] Progress @ 2021-07-05 00:34:39 : 20910 steps taken, and 7153 accepted.
[1 : mcmc] Progress @ 2021-07-05 00:35:40 : 20977 steps taken, and 7179 accepted.
[1 : mcmc] Progress @ 2021-07-05 00:36:40 : 21096 steps taken, and 7218 accepted.
[1 : mcmc] Progress @ 2021-07-05 00:37:42 : 21194 steps taken, and 7253 accepted.
[1 : mcmc] Learn + convergence test @ 7280 samples accepted.
[1 : mcmc] Progress @ 2021-07-05 00:47:05 : 21284 steps taken, and 7285 accepted.
[1 : mcmc] Progress @ 2021-07-05 00:56:01 : 21293 steps taken, and 7288 accepted.
[1 : mcmc] Progress @ 2021-07-05 00:57:02 : 21397 steps taken, and 7328 accepted.
[1 : mcmc] Progress @ 2021-07-05 00:58:02 : 21494 steps taken, and 7362 accepted.
[1 : mcmc] Progress @ 2021-07-05 01:03:07 : 21504 steps taken, and 7366 accepted.
[1 : mcmc] Progress @ 2021-07-05 01:04:07 : 21606 steps taken, and 7406 accepted.
[1 : mcmc] Learn + convergence test @ 7420 samples accepted.
[1 : mcmc] Progress @ 2021-07-05 01:05:07 : 21711 steps taken, and 7444 accepted.
[1 : mcmc] Progress @ 2021-07-05 01:06:08 : 21834 steps taken, and 7476 accepted.
[1 : mcmc] Progress @ 2021-07-05 01:07:08 : 21966 steps taken, and 7523 accepted.
[1 : mcmc] Progress @ 2021-07-05 01:08:51 : 21999 steps taken, and 7538 accepted.
[1 : mcmc] Progress @ 2021-07-05 02:15:58 : 22004 steps taken, and 7540 accepted.
[1 : mcmc] Learn + convergence test @ 7560 samples accepted.
[1 : mcmc] Progress @ 2021-07-05 02:16:59 : 22101 steps taken, and 7577 accepted.
[1 : mcmc] Progress @ 2021-07-05 02:18:00 : 22204 steps taken, and 7614 accepted.
[1 : mcmc] Progress @ 2021-07-05 02:19:01 : 22334 steps taken, and 7655 accepted.
[1 : mcmc] Learn + convergence test @ 7700 samples accepted.
[1 : mcmc] Progress @ 2021-07-05 02:20:02 : 22445 steps taken, and 7703 accepted.
[1 : mcmc] Progress @ 2021-07-05 02:21:03 : 22536 steps taken, and 7734 accepted.
[1 : mcmc] Progress @ 2021-07-05 02:35:30 : 22621 steps taken, and 7761 accepted.
[1 : mcmc] Progress @ 2021-07-05 02:36:31 : 22747 steps taken, and 7811 accepted.
[1 : mcmc] Progress @ 2021-07-05 02:51:13 : 22770 steps taken, and 7817 accepted.
[1 : mcmc] Learn + convergence test @ 7840 samples accepted.
[1 : mcmc] Progress @ 2021-07-05 02:52:13 : 22871 steps taken, and 7852 accepted.
[1 : mcmc] Progress @ 2021-07-05 03:07:49 : 22939 steps taken, and 7872 accepted.
[1 : mcmc] Progress @ 2021-07-05 03:09:42 : 22969 steps taken, and 7879 accepted.
[1 : mcmc] Progress @ 2021-07-05 03:10:59 : 23012 steps taken, and 7891 accepted.
[1 : mcmc] Progress @ 2021-07-05 03:12:00 : 23116 steps taken, and 7931 accepted.
[1 : mcmc] Progress @ 2021-07-05 03:13:00 : 23218 steps taken, and 7968 accepted.
[0 : mcmc] Progress @ 2021-07-05 03:24:25 : 19306 steps taken, and 6493 accepted.
[0 : mcmc] Progress @ 2021-07-05 03:25:25 : 19429 steps taken, and 6532 accepted.
[0 : mcmc] Progress @ 2021-07-05 03:26:25 : 19528 steps taken, and 6569 accepted.
[0 : mcmc] Learn + convergence test @ 6580 samples accepted.
[0 : mcmc] Ready to check convergence and learn a new proposal covmat (waiting for the rest...)
[0 : mcmc] All chains are ready to check convergence and learn a new proposal covmat
[1 : mcmc] Progress @ 2021-07-05 03:40:22 : 23229 steps taken, and 7970 accepted.
[0 : mcmc]  - Acceptance rate: 0.680 = avg([0.6730769230769231, 0.686326846908903])
[0 : mcmc]  - Convergence of means: R-1 = 0.026987 after 14551 accepted steps = sum([6580, 7971])
[0 : mcmc]  - Updated covariance matrix of proposal pdf.
[0 : mcmc] Progress @ 2021-07-05 03:40:22 : 19557 steps taken, and 6580 accepted.
[1 : mcmc] Learn + convergence test @ 7980 samples accepted.
[1 : mcmc] Ready to check convergence and learn a new proposal covmat (waiting for the rest...)
[1 : mcmc] Progress @ 2021-07-05 03:41:22 : 23330 steps taken, and 8006 accepted.
[0 : mcmc] Progress @ 2021-07-05 03:41:23 : 19611 steps taken, and 6596 accepted.
[1 : mcmc] Progress @ 2021-07-05 03:42:23 : 23418 steps taken, and 8037 accepted.
[1 : mcmc] Progress @ 2021-07-05 03:43:23 : 23536 steps taken, and 8073 accepted.
[0 : mcmc] Progress @ 2021-07-05 03:44:23 : 19724 steps taken, and 6635 accepted.
[1 : mcmc] Progress @ 2021-07-05 03:44:25 : 23604 steps taken, and 8094 accepted.
[1 : mcmc] Learn + convergence test @ 8120 samples accepted.
[0 : mcmc] Progress @ 2021-07-05 03:45:24 : 19841 steps taken, and 6679 accepted.
[1 : mcmc] Progress @ 2021-07-05 03:45:26 : 23718 steps taken, and 8133 accepted.
[0 : mcmc] Progress @ 2021-07-05 03:46:24 : 19972 steps taken, and 6719 accepted.
[0 : mcmc] Learn + convergence test @ 6720 samples accepted.
[0 : mcmc] Ready to check convergence and learn a new proposal covmat (waiting for the rest...)
[0 : mcmc] All chains are ready to check convergence and learn a new proposal covmat
[1 : mcmc] Progress @ 2021-07-05 03:53:48 : 23785 steps taken, and 8152 accepted.
[0 : mcmc]  - Acceptance rate: 0.680 = avg([0.6730769230769231, 0.6855869492095527])
[0 : mcmc]  - Convergence of means: R-1 = 0.030958 after 14873 accepted steps = sum([6720, 8153])
[0 : mcmc]  - Updated covariance matrix of proposal pdf.
[0 : mcmc] Progress @ 2021-07-05 03:53:50 : 19974 steps taken, and 6720 accepted.
[0 : mcmc] Progress @ 2021-07-05 03:54:51 : 20069 steps taken, and 6754 accepted.
[0 : mcmc] Progress @ 2021-07-05 03:55:51 : 20192 steps taken, and 6795 accepted.
[0 : mcmc] Progress @ 2021-07-05 03:56:52 : 20305 steps taken, and 6832 accepted.
[0 : mcmc] Learn + convergence test @ 6860 samples accepted.
[0 : mcmc] Ready to check convergence and learn a new proposal covmat (waiting for the rest...)
[0 : mcmc] Progress @ 2021-07-05 03:57:53 : 20414 steps taken, and 6870 accepted.
[0 : mcmc] Progress @ 2021-07-05 04:00:35 : 20464 steps taken, and 6885 accepted.
[0 : mcmc] Progress @ 2021-07-05 04:01:36 : 20518 steps taken, and 6904 accepted.
[1 : mcmc] Progress @ 2021-07-05 04:12:13 : 23794 steps taken, and 8154 accepted.
[1 : mcmc] Progress @ 2021-07-05 04:13:14 : 23903 steps taken, and 8189 accepted.
[1 : mcmc] Progress @ 2021-07-05 04:14:15 : 24004 steps taken, and 8225 accepted.
[0 : mcmc] Progress @ 2021-07-05 04:16:28 : 20532 steps taken, and 6905 accepted.
[0 : mcmc] Progress @ 2021-07-05 04:17:29 : 20632 steps taken, and 6942 accepted.
[1 : mcmc] Progress @ 2021-07-05 04:19:22 : 24067 steps taken, and 8248 accepted.
[1 : mcmc] Learn + convergence test @ 8260 samples accepted.
[1 : mcmc] Ready to check convergence and learn a new proposal covmat (waiting for the rest...)
[0 : mcmc] Progress @ 2021-07-05 04:23:11 : 20663 steps taken, and 6953 accepted.
[0 : mcmc] All chains are ready to check convergence and learn a new proposal covmat
[0 : mcmc]  - Acceptance rate: 0.680 = avg([0.6731848983543078, 0.6855340692173625])
[0 : mcmc]  - Convergence of means: R-1 = 0.028569 after 15214 accepted steps = sum([6954, 8260])
[0 : mcmc]  - Updated covariance matrix of proposal pdf.
[1 : mcmc] Progress @ 2021-07-05 04:23:12 : 24102 steps taken, and 8260 accepted.
[0 : mcmc] Progress @ 2021-07-05 04:24:11 : 20771 steps taken, and 6989 accepted.
[1 : mcmc] Progress @ 2021-07-05 04:24:13 : 24206 steps taken, and 8299 accepted.
[0 : mcmc] Learn + convergence test @ 7000 samples accepted.
[0 : mcmc] Ready to check convergence and learn a new proposal covmat (waiting for the rest...)
[0 : mcmc] Progress @ 2021-07-05 04:25:11 : 20898 steps taken, and 7032 accepted.
[0 : mcmc] Progress @ 2021-07-05 04:26:12 : 21010 steps taken, and 7067 accepted.
[0 : mcmc] Progress @ 2021-07-05 04:27:12 : 21106 steps taken, and 7097 accepted.
[0 : mcmc] Learn + convergence test @ 7140 samples accepted.
[0 : mcmc] Progress @ 2021-07-05 04:28:13 : 21218 steps taken, and 7143 accepted.
[0 : mcmc] Progress @ 2021-07-05 04:29:15 : 21327 steps taken, and 7181 accepted.
[0 : mcmc] Progress @ 2021-07-05 04:30:15 : 21427 steps taken, and 7219 accepted.
[0 : mcmc] Progress @ 2021-07-05 04:31:16 : 21561 steps taken, and 7258 accepted.
[0 : mcmc] Learn + convergence test @ 7280 samples accepted.
[0 : mcmc] Progress @ 2021-07-05 04:32:17 : 21699 steps taken, and 7304 accepted.
[0 : mcmc] Progress @ 2021-07-05 04:33:17 : 21820 steps taken, and 7349 accepted.
[0 : mcmc] Progress @ 2021-07-05 04:34:18 : 21931 steps taken, and 7384 accepted.
[0 : mcmc] Learn + convergence test @ 7420 samples accepted.
[0 : mcmc] Progress @ 2021-07-05 04:41:12 : 22048 steps taken, and 7426 accepted.
[0 : mcmc] Progress @ 2021-07-05 04:42:13 : 22148 steps taken, and 7459 accepted.
[0 : mcmc] Progress @ 2021-07-05 04:43:13 : 22256 steps taken, and 7499 accepted.
[0 : mcmc] Progress @ 2021-07-05 04:44:14 : 22366 steps taken, and 7534 accepted.
[0 : mcmc] Progress @ 2021-07-05 05:00:52 : 22379 steps taken, and 7536 accepted.
[0 : mcmc] Progress @ 2021-07-05 05:01:52 : 22419 steps taken, and 7553 accepted.
[0 : mcmc] Learn + convergence test @ 7560 samples accepted.
[0 : mcmc] Progress @ 2021-07-05 05:02:54 : 22518 steps taken, and 7584 accepted.
[0 : mcmc] Progress @ 2021-07-05 05:03:55 : 22640 steps taken, and 7627 accepted.
[0 : mcmc] Progress @ 2021-07-05 05:04:56 : 22744 steps taken, and 7663 accepted.
[0 : mcmc] Progress @ 2021-07-05 05:05:57 : 22840 steps taken, and 7696 accepted.
[0 : mcmc] Learn + convergence test @ 7700 samples accepted.
[0 : mcmc] Progress @ 2021-07-05 05:08:53 : 22913 steps taken, and 7720 accepted.
[0 : mcmc] Progress @ 2021-07-05 05:09:54 : 23011 steps taken, and 7752 accepted.
[0 : mcmc] Progress @ 2021-07-05 05:10:54 : 23128 steps taken, and 7790 accepted.
[0 : mcmc] Progress @ 2021-07-05 05:11:55 : 23232 steps taken, and 7829 accepted.
[0 : mcmc] Learn + convergence test @ 7840 samples accepted.
[0 : mcmc] Progress @ 2021-07-05 05:12:56 : 23351 steps taken, and 7870 accepted.
[0 : mcmc] Progress @ 2021-07-05 05:13:57 : 23471 steps taken, and 7913 accepted.
[0 : mcmc] Progress @ 2021-07-05 05:14:57 : 23570 steps taken, and 7942 accepted.
[0 : mcmc] Progress @ 2021-07-05 05:15:58 : 23670 steps taken, and 7977 accepted.
[0 : mcmc] Learn + convergence test @ 7980 samples accepted.
[0 : mcmc] Progress @ 2021-07-05 05:16:58 : 23769 steps taken, and 8008 accepted.
[0 : mcmc] Progress @ 2021-07-05 05:17:59 : 23887 steps taken, and 8045 accepted.
[0 : mcmc] Progress @ 2021-07-05 05:19:46 : 23922 steps taken, and 8055 accepted.
[0 : mcmc] Progress @ 2021-07-05 05:20:46 : 24021 steps taken, and 8087 accepted.
[0 : mcmc] Progress @ 2021-07-05 05:21:47 : 24110 steps taken, and 8118 accepted.
[0 : mcmc] Learn + convergence test @ 8120 samples accepted.
[0 : mcmc] Progress @ 2021-07-05 05:22:48 : 24213 steps taken, and 8155 accepted.
[0 : mcmc] Progress @ 2021-07-05 05:23:48 : 24335 steps taken, and 8197 accepted.
[0 : mcmc] Progress @ 2021-07-05 05:24:48 : 24449 steps taken, and 8234 accepted.
[0 : mcmc] Progress @ 2021-07-05 05:26:13 : 24543 steps taken, and 8258 accepted.
[0 : mcmc] Learn + convergence test @ 8260 samples accepted.
[0 : mcmc] Progress @ 2021-07-05 05:28:26 : 24566 steps taken, and 8265 accepted.
[0 : mcmc] Progress @ 2021-07-05 05:29:27 : 24574 steps taken, and 8269 accepted.
[0 : mcmc] Progress @ 2021-07-05 05:30:38 : 24599 steps taken, and 8278 accepted.
[0 : mcmc] Progress @ 2021-07-05 05:31:39 : 24706 steps taken, and 8321 accepted.
[1 : mcmc] Progress @ 2021-07-05 05:40:20 : 24231 steps taken, and 8306 accepted.
[1 : mcmc] Progress @ 2021-07-05 05:41:20 : 24336 steps taken, and 8342 accepted.
[1 : mcmc] Progress @ 2021-07-05 05:42:21 : 24449 steps taken, and 8380 accepted.
[1 : mcmc] Learn + convergence test @ 8400 samples accepted.
[1 : mcmc] Ready to check convergence and learn a new proposal covmat (waiting for the rest...)
[0 : mcmc] Progress @ 2021-07-05 07:38:14 : 24808 steps taken, and 8363 accepted.
[0 : mcmc] All chains are ready to check convergence and learn a new proposal covmat
[0 : mcmc]  - Acceptance rate: 0.680 = avg([0.6743529791179553, 0.6852667645619187])
[0 : mcmc]  - Convergence of means: R-1 = 0.016306 after 16764 accepted steps = sum([8364, 8400])
[0 : mcmc]  - Updated covariance matrix of proposal pdf.
[1 : mcmc] Progress @ 2021-07-05 07:38:16 : 24519 steps taken, and 8400 accepted.
[0 : mcmc] Learn + convergence test @ 8400 samples accepted.
[0 : mcmc] Ready to check convergence and learn a new proposal covmat (waiting for the rest...)
[0 : mcmc] Progress @ 2021-07-05 07:39:16 : 24915 steps taken, and 8403 accepted.
[1 : mcmc] Progress @ 2021-07-05 07:39:17 : 24602 steps taken, and 8428 accepted.
[0 : mcmc] Progress @ 2021-07-05 07:40:17 : 25022 steps taken, and 8439 accepted.
[1 : mcmc] Progress @ 2021-07-05 07:40:17 : 24719 steps taken, and 8466 accepted.
[1 : mcmc] Progress @ 2021-07-05 07:41:18 : 24839 steps taken, and 8510 accepted.
[0 : mcmc] Progress @ 2021-07-05 07:41:18 : 25124 steps taken, and 8473 accepted.
[1 : mcmc] Learn + convergence test @ 8540 samples accepted.
[1 : mcmc] Ready to check convergence and learn a new proposal covmat (waiting for the rest...)
[0 : mcmc] Progress @ 2021-07-05 07:42:43 : 25189 steps taken, and 8489 accepted.
[0 : mcmc] All chains are ready to check convergence and learn a new proposal covmat
[0 : mcmc]  - Acceptance rate: 0.680 = avg([0.6741840705153657, 0.6855032910579547])
[0 : mcmc]  - Convergence of means: R-1 = 0.009743 after 17030 accepted steps = sum([8490, 8540])
[0 : mcmc]  - Updated covariance matrix of proposal pdf.
[1 : mcmc] Progress @ 2021-07-05 07:42:43 : 24919 steps taken, and 8540 accepted.
[1 : mcmc] Progress @ 2021-07-05 07:43:43 : 25029 steps taken, and 8576 accepted.
[0 : mcmc] Progress @ 2021-07-05 07:44:42 : 25271 steps taken, and 8516 accepted.
[1 : mcmc] Progress @ 2021-07-05 07:44:44 : 25151 steps taken, and 8616 accepted.
[0 : mcmc] Learn + convergence test @ 8540 samples accepted.
[0 : mcmc] Ready to check convergence and learn a new proposal covmat (waiting for the rest...)
[0 : mcmc] Progress @ 2021-07-05 07:45:44 : 25365 steps taken, and 8549 accepted.
[1 : mcmc] Progress @ 2021-07-05 07:45:44 : 25257 steps taken, and 8652 accepted.
[0 : mcmc] Progress @ 2021-07-05 07:46:44 : 25481 steps taken, and 8590 accepted.
[1 : mcmc] Progress @ 2021-07-05 07:46:45 : 25332 steps taken, and 8676 accepted.
[1 : mcmc] Learn + convergence test @ 8680 samples accepted.
[1 : mcmc] Ready to check convergence and learn a new proposal covmat (waiting for the rest...)
[0 : mcmc] All chains are ready to check convergence and learn a new proposal covmat
[0 : mcmc]  - Acceptance rate: 0.680 = avg([0.6742507453318688, 0.6850288059348117])
[0 : mcmc]  - Convergence of means: R-1 = 0.008716 after 17274 accepted steps = sum([8594, 8680])
[0 : mcmc]  - Convergence of bounds: R-1 = 0.079746 after 17274 accepted steps = sum([8594, 8680])
[0 : mcmc] The run has converged!
----
clik version 3be036bbb4f9
  plik_cmbonly
Checking likelihood '/home1/davidvng/repos/cobaya-packages/data/planck_2018/baseline/plc_3.0/hi_l/plik_lite/plik_lite_v22_TTTEEE.clik' on test data. got -292.286 expected -292.286 (diff -3.86228e-09)
----
Checking lensing likelihood '/home1/davidvng/repos/cobaya-packages/data/planck_2018/baseline/plc_3.0/lensing/smicadx12_Dec5_ftl_mv2_ndclpp_p_teb_consext8.clik_lensing' on test data. got -4.42102
[0 : mcmc] Sampling complete after 17274 accepted steps.
----
clik version 3be036bbb4f9
  plik_cmbonly
Checking likelihood '/home1/davidvng/repos/cobaya-packages/data/planck_2018/baseline/plc_3.0/hi_l/plik_lite/plik_lite_v22_TTTEEE.clik' on test data. got -292.286 expected -292.286 (diff -3.86228e-09)
----
Checking lensing likelihood '/home1/davidvng/repos/cobaya-packages/data/planck_2018/baseline/plc_3.0/lensing/smicadx12_Dec5_ftl_mv2_ndclpp_p_teb_consext8.clik_lensing' on test data. got -4.42102
[d06-23:26397:0:26397] rc_verbs_iface.c:65   send completion with error: transport retry counter exceeded qpn 0x18bb wrid 0x6 vendor_err 0x81
==== backtrace (tid:  26397) ====
 0 0x00000000000532a3 ucs_debug_print_backtrace()  /build/csul/spack-stage-ucx-1.8.0-o6fhjkqszinevp3soi5szm76tkw3tjl2/spack-src/src/ucs/debug/debug.c:625
 1 0x000000000002659b uct_rc_verbs_handle_failure()  /build/csul/spack-stage-ucx-1.8.0-o6fhjkqszinevp3soi5szm76tkw3tjl2/spack-src/src/uct/ib/rc/verbs/rc_verbs_iface.c:63
 2 0x0000000000026b7d uct_rc_verbs_iface_poll_tx()  /build/csul/spack-stage-ucx-1.8.0-o6fhjkqszinevp3soi5szm76tkw3tjl2/spack-src/src/uct/ib/rc/verbs/rc_verbs_iface.c:104
 3 0x0000000000026b7d uct_rc_verbs_iface_progress()  /build/csul/spack-stage-ucx-1.8.0-o6fhjkqszinevp3soi5szm76tkw3tjl2/spack-src/src/uct/ib/rc/verbs/rc_verbs_iface.c:132
 4 0x000000000002a95a ucs_callbackq_dispatch()  /build/csul/spack-stage-ucx-1.8.0-o6fhjkqszinevp3soi5szm76tkw3tjl2/spack-src/src/ucs/datastruct/callbackq.h:211
 5 0x000000000002a95a uct_worker_progress()  /build/csul/spack-stage-ucx-1.8.0-o6fhjkqszinevp3soi5szm76tkw3tjl2/spack-src/src/uct/api/uct.h:2221
 6 0x000000000002a95a ucp_worker_progress()  /build/csul/spack-stage-ucx-1.8.0-o6fhjkqszinevp3soi5szm76tkw3tjl2/spack-src/src/ucp/core/ucp_worker.c:1951
 7 0x000000000009c2b4 opal_common_ucx_wait_all_requests()  common_ucx.c:0
 8 0x000000000009c831 opal_common_ucx_del_procs_nofence()  ???:0
 9 0x000000000009c859 opal_common_ucx_del_procs()  ???:0
10 0x00000000001c3d69 mca_pml_ucx_del_procs()  ???:0
11 0x0000000000078e57 ompi_mpi_finalize()  ???:0
12 0x00000000000550de __pyx_f_6mpi4py_3MPI_atexit()  /tmp/pip-install-gm3_9gqw/mpi4py/src/mpi4py.MPI.c:7612
13 0x000000000010cd81 call_ll_exitfuncs()  /tmp/build/80754af9/python_1578519979997/work/Python/pylifecycle.c:2285
14 0x000000000010cd81 Py_FinalizeEx()  /tmp/build/80754af9/python_1578519979997/work/Python/pylifecycle.c:1372
15 0x000000000025e229 Py_Exit()  /tmp/build/80754af9/python_1578519979997/work/Python/pylifecycle.c:2295
16 0x000000000025e26d handle_system_exit()  /tmp/build/80754af9/python_1578519979997/work/Python/pythonrun.c:658
17 0x000000000025e2c4 _PyErr_PrintEx()  /tmp/build/80754af9/python_1578519979997/work/Python/pythonrun.c:668
18 0x0000000000110d8a PyRun_SimpleFileExFlags()  /tmp/build/80754af9/python_1578519979997/work/Python/pythonrun.c:434
19 0x00000000002614ed pymain_run_file()  /tmp/build/80754af9/python_1578519979997/work/Modules/main.c:387
20 0x00000000002614ed _Py_XDECREF()  /tmp/build/80754af9/python_1578519979997/work/Include/object.h:541
21 0x00000000002614ed pymain_run_file()  /tmp/build/80754af9/python_1578519979997/work/Modules/main.c:388
22 0x00000000002614ed pymain_run_python()  /tmp/build/80754af9/python_1578519979997/work/Modules/main.c:571
23 0x00000000002614ed Py_RunMain()  /tmp/build/80754af9/python_1578519979997/work/Modules/main.c:650
24 0x00000000002616e9 Py_BytesMain()  /tmp/build/80754af9/python_1578519979997/work/Modules/main.c:1082
25 0x0000000000022555 __libc_start_main()  ???:0
26 0x0000000000201c13 _start()  /home/rdonnelly/mc/conda-bld/compilers_linux-64_1534865402226/work/.build/src/glibc-2.12.2/csu/../sysdeps/x86_64/elf/start.S:103
=================================
[d06-23:26397] *** Process received signal ***
[d06-23:26397] Signal: Aborted (6)
[d06-23:26397] Signal code:  (-6)
[d06-23:26397] [ 0] /usr/lib64/libpthread.so.0(+0xf630)[0x7fdd05879630]
[d06-23:26397] [ 1] /usr/lib64/libc.so.6(gsignal+0x37)[0x7fdd054d2387]
[d06-23:26397] [ 2] /usr/lib64/libc.so.6(abort+0x148)[0x7fdd054d3a78]
[d06-23:26397] [ 3] /spack/apps/linux-centos7-x86_64/gcc-8.3.0/ucx-1.8.0-o6fhjkqszinevp3soi5szm76tkw3tjl2/lib/libucs.so.0(ucs_fatal_error_message+0x55)[0x7fdcc1ad1105]
[d06-23:26397] [ 4] /spack/apps/linux-centos7-x86_64/gcc-8.3.0/ucx-1.8.0-o6fhjkqszinevp3soi5szm76tkw3tjl2/lib/libucs.so.0(+0x56b92)[0x7fdcc1ad5b92]
[d06-23:26397] [ 5] /spack/apps/linux-centos7-x86_64/gcc-8.3.0/ucx-1.8.0-o6fhjkqszinevp3soi5szm76tkw3tjl2/lib/libucs.so.0(ucs_log_dispatch+0xc4)[0x7fdcc1ad5cb4]
[d06-23:26397] [ 6] /spack/apps/linux-centos7-x86_64/gcc-8.3.0/ucx-1.8.0-o6fhjkqszinevp3soi5szm76tkw3tjl2/lib/ucx/libuct_ib.so.0(+0x2659b)[0x7fdcbd94659b]
[d06-23:26397] [ 7] /spack/apps/linux-centos7-x86_64/gcc-8.3.0/ucx-1.8.0-o6fhjkqszinevp3soi5szm76tkw3tjl2/lib/ucx/libuct_ib.so.0(+0x26b7d)[0x7fdcbd946b7d]
[d06-23:26397] [ 8] /spack/apps/linux-centos7-x86_64/gcc-8.3.0/ucx-1.8.0-o6fhjkqszinevp3soi5szm76tkw3tjl2/lib/libucp.so.0(ucp_worker_progress+0x6a)[0x7fdcc205295a]
[d06-23:26397] [ 9] /spack/apps/linux-centos7-x86_64/gcc-8.3.0/openmpi-4.0.2-ipm3dnvlbtxawpi4ifz7jma6jgr7mexq/lib/libopen-pal.so.40(+0x9c2b4)[0x7fdcc235b2b4]
[d06-23:26397] [10] /spack/apps/linux-centos7-x86_64/gcc-8.3.0/openmpi-4.0.2-ipm3dnvlbtxawpi4ifz7jma6jgr7mexq/lib/libopen-pal.so.40(opal_common_ucx_del_procs_nofence+0x161)[0x7fdcc235b831]
[d06-23:26397] [11] /spack/apps/linux-centos7-x86_64/gcc-8.3.0/openmpi-4.0.2-ipm3dnvlbtxawpi4ifz7jma6jgr7mexq/lib/libopen-pal.so.40(opal_common_ucx_del_procs+0x9)[0x7fdcc235b859]
[d06-23:26397] [12] /spack/apps/linux-centos7-x86_64/gcc-8.3.0/openmpi-4.0.2-ipm3dnvlbtxawpi4ifz7jma6jgr7mexq/lib/libmpi.so.40(mca_pml_ucx_del_procs+0x89)[0x7fdcc2c7ad69]
[d06-23:26397] [13] /spack/apps/linux-centos7-x86_64/gcc-8.3.0/openmpi-4.0.2-ipm3dnvlbtxawpi4ifz7jma6jgr7mexq/lib/libmpi.so.40(ompi_mpi_finalize+0x557)[0x7fdcc2b2fe57]
[d06-23:26397] [14] /home1/davidvng/miniconda3/envs/dmeff/lib/python3.8/site-packages/mpi4py/MPI.cpython-38-x86_64-linux-gnu.so(+0x550de)[0x7fdcc2fbb0de]
[d06-23:26397] [15] /home1/davidvng/miniconda3/envs/dmeff/bin/python(+0x10cd81)[0x55f6e5be6d81]
[d06-23:26397] [16] /home1/davidvng/miniconda3/envs/dmeff/bin/python(Py_Exit+0x9)[0x55f6e5d38229]
[d06-23:26397] [17] /home1/davidvng/miniconda3/envs/dmeff/bin/python(+0x25e26d)[0x55f6e5d3826d]
[d06-23:26397] [18] /home1/davidvng/miniconda3/envs/dmeff/bin/python(+0x25e2c4)[0x55f6e5d382c4]
[d06-23:26397] [19] /home1/davidvng/miniconda3/envs/dmeff/bin/python(+0x110d8a)[0x55f6e5bead8a]
[d06-23:26397] [20] /home1/davidvng/miniconda3/envs/dmeff/bin/python(Py_RunMain+0x36d)[0x55f6e5d3b4ed]
[d06-23:26397] [21] /home1/davidvng/miniconda3/envs/dmeff/bin/python(Py_BytesMain+0x39)[0x55f6e5d3b6e9]
[d06-23:26397] [22] /usr/lib64/libc.so.6(__libc_start_main+0xf5)[0x7fdd054be555]
[d06-23:26397] [23] /home1/davidvng/miniconda3/envs/dmeff/bin/python(+0x201c13)[0x55f6e5cdbc13]
[d06-23:26397] *** End of error message ***
srun: error: d06-23: task 0: Aborted
