[output] Output to be read-from/written-into folder 'chains', with prefix 'dmeff_allfixed_H0'
[output] Found existing info files with the requested output prefix: 'chains/dmeff_allfixed_H0'
[output] Let's try to resume/load.
[output] Found an old sample. Resuming.
[classy] Importing *local* classy from /home1/sarnaaik/Repo/dmeff/class_dmeff
[planck_2018_highl_plik.ttteee_lite] Importing clik from /home1/sarnaaik/Repo/code/planck
 Initializing Planck likelihood, version Plik_v22_cmbonly_like                                                                                                                                                                                                                                                                                                                                                                                                                                                                                               
[classy] *WARNING* Requesting BB for ell>50 or lensing Cl's: using a non-linear code is recommended (and you are not using any). To activate it, set 'non_linear: halofit|hmcode|...' in classy's 'extra_args'.
[mcmc] Resuming from previous sample!
[collection] Loaded 12990 samples from 'chains/dmeff_allfixed_H0.1.txt'
[mcmc] *WARNING* Dragging disabled: speed ratio and fast-to-slow ratio not large enough.
[mcmc] Oversampling with factors:
[mcmc] * 1 : ['logA', 'n_s', 'theta_s_1e2', 'omega_b', 'omega_dmeff', 'tau_reio']
[mcmc] * 8 : ['A_planck']
[mcmc] Covariance matrix from checkpoint.
[mcmc] Initial point: logA:3.067738, n_s:0.9629865, theta_s_1e2:1.041598, omega_b:0.02207495, omega_dmeff:0.1213786, tau_reio:0.06997833, A_planck:0.995426
[mcmc] Sampling!
[mcmc] Progress @ 2020-08-02 12:19:39 : 1 steps taken, and 12990 accepted.
[mcmc] Progress @ 2020-08-02 12:20:40 : 122 steps taken, and 13029 accepted.
[mcmc] Progress @ 2020-08-02 12:21:41 : 257 steps taken, and 13079 accepted.
[mcmc] Progress @ 2020-08-02 12:22:42 : 386 steps taken, and 13126 accepted.
[mcmc] Learn + convergence test @ 13160 samples accepted.
[mcmc]  - Acceptance rate: 0.705
[mcmc]  - Convergence of means: R-1 = 0.031328 after 13160 accepted steps
[mcmc]  - Updated covariance matrix of proposal pdf.
[mcmc] Progress @ 2020-08-02 12:23:42 : 516 steps taken, and 13172 accepted.
[mcmc] Progress @ 2020-08-02 12:24:43 : 644 steps taken, and 13220 accepted.
[mcmc] Progress @ 2020-08-02 12:25:43 : 767 steps taken, and 13260 accepted.
[mcmc] Progress @ 2020-08-02 12:26:43 : 889 steps taken, and 13301 accepted.
[mcmc] Progress @ 2020-08-02 12:27:43 : 1015 steps taken, and 13349 accepted.
[mcmc] Progress @ 2020-08-02 12:28:44 : 1137 steps taken, and 13389 accepted.
[mcmc] Progress @ 2020-08-02 12:29:45 : 1267 steps taken, and 13433 accepted.
[mcmc] Learn + convergence test @ 13440 samples accepted.
[mcmc]  - Acceptance rate: 0.705
[mcmc]  - Convergence of means: R-1 = 0.028010 after 13440 accepted steps
[mcmc]  - Updated covariance matrix of proposal pdf.
[mcmc] Progress @ 2020-08-02 12:30:45 : 1393 steps taken, and 13474 accepted.
[mcmc] Progress @ 2020-08-02 12:31:45 : 1518 steps taken, and 13512 accepted.
[mcmc] Progress @ 2020-08-02 12:32:46 : 1641 steps taken, and 13555 accepted.
[mcmc] Progress @ 2020-08-02 12:33:46 : 1769 steps taken, and 13604 accepted.
[mcmc] Progress @ 2020-08-02 12:34:47 : 1893 steps taken, and 13650 accepted.
[mcmc] Progress @ 2020-08-02 12:35:47 : 2015 steps taken, and 13690 accepted.
[mcmc] Learn + convergence test @ 13720 samples accepted.
[mcmc]  - Acceptance rate: 0.704
[mcmc]  - Convergence of means: R-1 = 0.035758 after 13720 accepted steps
[mcmc]  - Updated covariance matrix of proposal pdf.
[mcmc] Progress @ 2020-08-02 12:36:47 : 2145 steps taken, and 13736 accepted.
[mcmc] Progress @ 2020-08-02 12:37:48 : 2272 steps taken, and 13784 accepted.
[mcmc] Progress @ 2020-08-02 12:38:48 : 2398 steps taken, and 13826 accepted.
[mcmc] Progress @ 2020-08-02 12:39:48 : 2527 steps taken, and 13873 accepted.
[mcmc] Progress @ 2020-08-02 12:40:49 : 2658 steps taken, and 13923 accepted.
[mcmc] Progress @ 2020-08-02 12:41:50 : 2788 steps taken, and 13977 accepted.
[mcmc] Learn + convergence test @ 14000 samples accepted.
[mcmc]  - Acceptance rate: 0.705
[mcmc]  - Convergence of means: R-1 = 0.034604 after 14000 accepted steps
[mcmc]  - Updated covariance matrix of proposal pdf.
[mcmc] Progress @ 2020-08-02 12:42:50 : 2922 steps taken, and 14018 accepted.
[mcmc] Progress @ 2020-08-02 12:43:51 : 3049 steps taken, and 14061 accepted.
[mcmc] Progress @ 2020-08-02 12:44:52 : 3171 steps taken, and 14104 accepted.
[mcmc] Progress @ 2020-08-02 12:45:52 : 3299 steps taken, and 14150 accepted.
[mcmc] Progress @ 2020-08-02 12:46:52 : 3425 steps taken, and 14195 accepted.
[mcmc] Progress @ 2020-08-02 12:47:52 : 3548 steps taken, and 14234 accepted.
[mcmc] Learn + convergence test @ 14280 samples accepted.
[mcmc]  - Acceptance rate: 0.704
[mcmc]  - Convergence of means: R-1 = 0.033035 after 14280 accepted steps
[mcmc]  - Updated covariance matrix of proposal pdf.
[mcmc] Progress @ 2020-08-02 12:48:53 : 3675 steps taken, and 14280 accepted.
[mcmc] Progress @ 2020-08-02 12:49:53 : 3803 steps taken, and 14327 accepted.
[mcmc] Progress @ 2020-08-02 12:50:53 : 3931 steps taken, and 14376 accepted.
[mcmc] Progress @ 2020-08-02 12:51:53 : 4053 steps taken, and 14420 accepted.
[mcmc] Progress @ 2020-08-02 12:52:53 : 4175 steps taken, and 14456 accepted.
[mcmc] Progress @ 2020-08-02 12:53:53 : 4296 steps taken, and 14502 accepted.
[mcmc] Progress @ 2020-08-02 12:54:54 : 4425 steps taken, and 14546 accepted.
[mcmc] Learn + convergence test @ 14560 samples accepted.
[mcmc]  - Acceptance rate: 0.704
[mcmc]  - Convergence of means: R-1 = 0.037929 after 14560 accepted steps
[mcmc]  - Updated covariance matrix of proposal pdf.
[mcmc] Progress @ 2020-08-02 12:55:54 : 4549 steps taken, and 14591 accepted.
[mcmc] Progress @ 2020-08-02 12:56:54 : 4674 steps taken, and 14636 accepted.
[mcmc] Progress @ 2020-08-02 12:57:55 : 4801 steps taken, and 14686 accepted.
[mcmc] Progress @ 2020-08-02 12:58:56 : 4926 steps taken, and 14728 accepted.
[mcmc] Progress @ 2020-08-02 12:59:56 : 5047 steps taken, and 14765 accepted.
[mcmc] Progress @ 2020-08-02 13:00:56 : 5171 steps taken, and 14805 accepted.
[mcmc] Learn + convergence test @ 14840 samples accepted.
[mcmc]  - Acceptance rate: 0.704
[mcmc]  - Convergence of means: R-1 = 0.033452 after 14840 accepted steps
[mcmc]  - Updated covariance matrix of proposal pdf.
[mcmc] Progress @ 2020-08-02 13:01:56 : 5288 steps taken, and 14841 accepted.
[mcmc] Progress @ 2020-08-02 13:02:56 : 5424 steps taken, and 14894 accepted.
[mcmc] Progress @ 2020-08-02 13:03:57 : 5545 steps taken, and 14932 accepted.
[mcmc] Progress @ 2020-08-02 13:04:57 : 5669 steps taken, and 14968 accepted.
[mcmc] Progress @ 2020-08-02 13:05:57 : 5791 steps taken, and 15013 accepted.
[mcmc] Progress @ 2020-08-02 13:06:57 : 5924 steps taken, and 15062 accepted.
[mcmc] Progress @ 2020-08-02 13:07:58 : 6051 steps taken, and 15106 accepted.
[mcmc] Learn + convergence test @ 15120 samples accepted.
[mcmc]  - Acceptance rate: 0.704
[mcmc]  - Convergence of means: R-1 = 0.032163 after 15120 accepted steps
[mcmc]  - Updated covariance matrix of proposal pdf.
[mcmc] Progress @ 2020-08-02 13:08:58 : 6175 steps taken, and 15144 accepted.
[mcmc] Progress @ 2020-08-02 13:09:58 : 6302 steps taken, and 15188 accepted.
[mcmc] Progress @ 2020-08-02 13:10:59 : 6436 steps taken, and 15238 accepted.
[mcmc] Progress @ 2020-08-02 13:11:59 : 6558 steps taken, and 15278 accepted.
[mcmc] Progress @ 2020-08-02 13:12:59 : 6682 steps taken, and 15316 accepted.
[mcmc] Progress @ 2020-08-02 13:13:59 : 6807 steps taken, and 15356 accepted.
[mcmc] Progress @ 2020-08-02 13:14:59 : 6932 steps taken, and 15395 accepted.
[mcmc] Learn + convergence test @ 15400 samples accepted.
[mcmc]  - Acceptance rate: 0.703
[mcmc]  - Convergence of means: R-1 = 0.028677 after 15400 accepted steps
[mcmc]  - Updated covariance matrix of proposal pdf.
[mcmc] Progress @ 2020-08-02 13:15:59 : 7060 steps taken, and 15450 accepted.
[mcmc] Progress @ 2020-08-02 13:17:00 : 7186 steps taken, and 15497 accepted.
[mcmc] Progress @ 2020-08-02 13:18:00 : 7305 steps taken, and 15534 accepted.
[mcmc] Progress @ 2020-08-02 13:19:01 : 7433 steps taken, and 15581 accepted.
[mcmc] Progress @ 2020-08-02 13:20:01 : 7553 steps taken, and 15623 accepted.
[mcmc] Progress @ 2020-08-02 13:21:02 : 7668 steps taken, and 15668 accepted.
[mcmc] Learn + convergence test @ 15680 samples accepted.
[mcmc]  - Acceptance rate: 0.703
[mcmc]  - Convergence of means: R-1 = 0.028607 after 15680 accepted steps
[mcmc]  - Updated covariance matrix of proposal pdf.
[mcmc] Progress @ 2020-08-02 13:22:02 : 7783 steps taken, and 15704 accepted.
[mcmc] Progress @ 2020-08-02 13:23:02 : 7891 steps taken, and 15743 accepted.
[mcmc] Progress @ 2020-08-02 13:24:03 : 8009 steps taken, and 15789 accepted.
[mcmc] Progress @ 2020-08-02 13:25:04 : 8129 steps taken, and 15836 accepted.
[mcmc] Progress @ 2020-08-02 13:26:04 : 8243 steps taken, and 15878 accepted.
[mcmc] Progress @ 2020-08-02 13:27:05 : 8356 steps taken, and 15916 accepted.
[mcmc] Progress @ 2020-08-02 13:28:05 : 8471 steps taken, and 15959 accepted.
[mcmc] Learn + convergence test @ 15960 samples accepted.
[mcmc]  - Acceptance rate: 0.704
[mcmc]  - Convergence of means: R-1 = 0.029534 after 15960 accepted steps
[mcmc]  - Updated covariance matrix of proposal pdf.
[mcmc] Progress @ 2020-08-02 13:29:06 : 8575 steps taken, and 15992 accepted.
[mcmc] Progress @ 2020-08-02 13:30:06 : 8693 steps taken, and 16032 accepted.
[mcmc] Progress @ 2020-08-02 13:31:07 : 8813 steps taken, and 16071 accepted.
[mcmc] Progress @ 2020-08-02 13:32:08 : 8929 steps taken, and 16107 accepted.
[mcmc] Progress @ 2020-08-02 13:33:08 : 9045 steps taken, and 16148 accepted.
[mcmc] Progress @ 2020-08-02 13:34:09 : 9160 steps taken, and 16190 accepted.
slurmstepd: error: Detected 3 oom-kill event(s) in step 23902.0 cgroup. Some of your processes may have been killed by the cgroup out-of-memory handler.
srun: error: d0040: task 0: Out Of Memory
slurmstepd: error: Detected 3 oom-kill event(s) in step 23902.batch cgroup. Some of your processes may have been killed by the cgroup out-of-memory handler.
