[output] Output to be read-from/written-into folder 'chains', with prefix 'dmeff_n0_1MeV'
[output] Found existing info files with the requested output prefix: 'chains/dmeff_n0_1MeV'
[output] Let's try to resume/load.
[output] Found an old sample. Resuming.
[classy] Importing *local* classy from /home1/sarnaaik/Repo/dmeff/class_dmeff
[planck_2018_highl_plik.ttteee_lite] Importing clik from /home1/sarnaaik/Repo/code/planck
 Initializing Planck likelihood, version Plik_v22_cmbonly_like                                                                                                                                                                                                                                                                                                                                                                                                                                                                                               
[classy] *WARNING* Requesting BB for ell>50 or lensing Cl's: using a non-linear code is recommended (and you are not using any). To activate it, set 'non_linear: halofit|hmcode|...' in classy's 'extra_args'.
[mcmc] Resuming from previous sample!
[collection] Loaded 3588 samples from 'chains/dmeff_n0_1MeV.1.txt'
[mcmc] *WARNING* Dragging disabled: speed ratio and fast-to-slow ratio not large enough.
[mcmc] Oversampling with factors:
[mcmc] * 1 : ['logA', 'n_s', 'theta_s_1e2', 'omega_b', 'omega_dmeff', 'sigma_dmeff', 'tau_reio']
[mcmc] * 8 : ['A_planck']
[mcmc] Covariance matrix from checkpoint.
[mcmc] Initial point: logA:3.134813, n_s:0.9745844, theta_s_1e2:1.041663, omega_b:0.02268938, omega_dmeff:0.1177552, sigma_dmeff:3.154778e-26, tau_reio:0.1052808, A_planck:0.999271
[mcmc] Sampling!
[mcmc] Progress @ 2020-08-03 08:52:15 : 1 steps taken, and 3588 accepted.
[mcmc] Progress @ 2020-08-03 08:53:16 : 116 steps taken, and 3625 accepted.
[mcmc] Learn + convergence test @ 3640 samples accepted.
[mcmc]  - Acceptance rate: 0.724
[mcmc]  - Convergence of means: R-1 = 2.813604 after 3640 accepted steps
[mcmc] Convergence less than requested for updates: waiting until the next convergence check.
[mcmc] Progress @ 2020-08-03 08:54:16 : 225 steps taken, and 3665 accepted.
[mcmc] Progress @ 2020-08-03 08:55:16 : 362 steps taken, and 3713 accepted.
[mcmc] Progress @ 2020-08-03 08:56:16 : 489 steps taken, and 3752 accepted.
[mcmc] Progress @ 2020-08-03 08:57:16 : 608 steps taken, and 3795 accepted.
[mcmc] Progress @ 2020-08-03 08:58:16 : 726 steps taken, and 3841 accepted.
[mcmc] Progress @ 2020-08-03 08:59:17 : 845 steps taken, and 3887 accepted.
[mcmc] Learn + convergence test @ 3920 samples accepted.
[mcmc]  - Acceptance rate: 0.724
[mcmc]  - Convergence of means: R-1 = 3.078696 after 3920 accepted steps
[mcmc] Convergence less than requested for updates: waiting until the next convergence check.
[mcmc] Progress @ 2020-08-03 09:00:17 : 976 steps taken, and 3935 accepted.
[mcmc] Progress @ 2020-08-03 09:01:17 : 1088 steps taken, and 3979 accepted.
[mcmc] Progress @ 2020-08-03 09:02:18 : 1202 steps taken, and 4019 accepted.
[mcmc] Progress @ 2020-08-03 09:03:18 : 1321 steps taken, and 4059 accepted.
[mcmc] Progress @ 2020-08-03 09:04:18 : 1459 steps taken, and 4110 accepted.
[mcmc] Progress @ 2020-08-03 09:05:18 : 1583 steps taken, and 4159 accepted.
[mcmc] Learn + convergence test @ 4200 samples accepted.
[mcmc]  - Acceptance rate: 0.725
[mcmc]  - Convergence of means: R-1 = 4.457244 after 4200 accepted steps
[mcmc] Convergence less than requested for updates: waiting until the next convergence check.
[mcmc] Progress @ 2020-08-03 09:06:18 : 1715 steps taken, and 4212 accepted.
[mcmc] Progress @ 2020-08-03 09:07:19 : 1852 steps taken, and 4259 accepted.
[mcmc] Progress @ 2020-08-03 09:08:19 : 1990 steps taken, and 4317 accepted.
[mcmc] Progress @ 2020-08-03 09:09:20 : 2100 steps taken, and 4354 accepted.
[mcmc] Progress @ 2020-08-03 09:10:20 : 2251 steps taken, and 4403 accepted.
[mcmc] Progress @ 2020-08-03 09:11:20 : 2393 steps taken, and 4455 accepted.
[mcmc] Learn + convergence test @ 4480 samples accepted.
[mcmc]  - Acceptance rate: 0.725
[mcmc]  - Convergence of means: R-1 = 2.725192 after 4480 accepted steps
[mcmc] Convergence less than requested for updates: waiting until the next convergence check.
[mcmc] Progress @ 2020-08-03 09:12:20 : 2516 steps taken, and 4494 accepted.
[mcmc] Progress @ 2020-08-03 09:13:21 : 2652 steps taken, and 4533 accepted.
[mcmc] Progress @ 2020-08-03 09:14:21 : 2773 steps taken, and 4576 accepted.
[mcmc] Progress @ 2020-08-03 09:15:21 : 2896 steps taken, and 4616 accepted.
[mcmc] Progress @ 2020-08-03 09:16:22 : 3016 steps taken, and 4660 accepted.
[mcmc] Progress @ 2020-08-03 09:17:22 : 3158 steps taken, and 4712 accepted.
[mcmc] Progress @ 2020-08-03 09:18:23 : 3273 steps taken, and 4758 accepted.
[mcmc] Learn + convergence test @ 4760 samples accepted.
[mcmc]  - Acceptance rate: 0.723
[mcmc]  - Convergence of means: R-1 = 3.501430 after 4760 accepted steps
[mcmc] Convergence less than requested for updates: waiting until the next convergence check.
[mcmc] Progress @ 2020-08-03 09:19:24 : 3384 steps taken, and 4798 accepted.
[mcmc] Progress @ 2020-08-03 09:20:24 : 3500 steps taken, and 4838 accepted.
[mcmc] Progress @ 2020-08-03 09:21:24 : 3629 steps taken, and 4887 accepted.
[mcmc] Progress @ 2020-08-03 09:22:24 : 3758 steps taken, and 4928 accepted.
[mcmc] Progress @ 2020-08-03 09:23:24 : 3883 steps taken, and 4975 accepted.
[mcmc] Progress @ 2020-08-03 09:24:24 : 4004 steps taken, and 5024 accepted.
[mcmc] Learn + convergence test @ 5040 samples accepted.
[mcmc]  - Acceptance rate: 0.722
[mcmc]  - Convergence of means: R-1 = 2.494204 after 5040 accepted steps
[mcmc] Convergence less than requested for updates: waiting until the next convergence check.
[mcmc] Progress @ 2020-08-03 09:25:25 : 4131 steps taken, and 5064 accepted.
[mcmc] Progress @ 2020-08-03 09:26:26 : 4248 steps taken, and 5106 accepted.
[mcmc] Progress @ 2020-08-03 09:27:26 : 4365 steps taken, and 5142 accepted.
[mcmc] Progress @ 2020-08-03 09:28:27 : 4475 steps taken, and 5181 accepted.
[mcmc] Progress @ 2020-08-03 09:29:27 : 4583 steps taken, and 5219 accepted.
[mcmc] Progress @ 2020-08-03 09:30:27 : 4698 steps taken, and 5262 accepted.
[mcmc] Progress @ 2020-08-03 09:31:28 : 4818 steps taken, and 5308 accepted.
[mcmc] Learn + convergence test @ 5320 samples accepted.
[mcmc]  - Acceptance rate: 0.721
[mcmc]  - Convergence of means: R-1 = 2.038600 after 5320 accepted steps
[mcmc] Convergence less than requested for updates: waiting until the next convergence check.
[mcmc] Progress @ 2020-08-03 09:32:28 : 4953 steps taken, and 5352 accepted.
[mcmc] Progress @ 2020-08-03 09:33:28 : 5066 steps taken, and 5400 accepted.
[mcmc] Progress @ 2020-08-03 09:34:29 : 5180 steps taken, and 5443 accepted.
[mcmc] Progress @ 2020-08-03 09:35:30 : 5290 steps taken, and 5485 accepted.
[mcmc] Progress @ 2020-08-03 09:36:30 : 5414 steps taken, and 5533 accepted.
[mcmc] Progress @ 2020-08-03 09:37:30 : 5531 steps taken, and 5576 accepted.
[mcmc] Learn + convergence test @ 5600 samples accepted.
[mcmc]  - Acceptance rate: 0.723
[mcmc]  - Convergence of means: R-1 = 1.542289 after 5600 accepted steps
[mcmc]  - Updated covariance matrix of proposal pdf.
[mcmc] Progress @ 2020-08-03 09:38:31 : 5661 steps taken, and 5624 accepted.
[mcmc] Progress @ 2020-08-03 09:39:31 : 5773 steps taken, and 5670 accepted.
[mcmc] Progress @ 2020-08-03 09:40:32 : 5888 steps taken, and 5713 accepted.
[mcmc] Progress @ 2020-08-03 09:41:32 : 6023 steps taken, and 5765 accepted.
[mcmc] Progress @ 2020-08-03 09:42:32 : 6157 steps taken, and 5816 accepted.
[mcmc] Progress @ 2020-08-03 09:43:33 : 6277 steps taken, and 5856 accepted.
[mcmc] Learn + convergence test @ 5880 samples accepted.
[mcmc]  - Acceptance rate: 0.724
[mcmc]  - Convergence of means: R-1 = 1.313043 after 5880 accepted steps
[mcmc]  - Updated covariance matrix of proposal pdf.
[mcmc] Progress @ 2020-08-03 09:44:33 : 6399 steps taken, and 5901 accepted.
[mcmc] Progress @ 2020-08-03 09:45:34 : 6519 steps taken, and 5941 accepted.
[mcmc] Progress @ 2020-08-03 09:46:34 : 6634 steps taken, and 5976 accepted.
[mcmc] Progress @ 2020-08-03 09:47:35 : 6750 steps taken, and 6018 accepted.
[mcmc] Progress @ 2020-08-03 09:48:35 : 6889 steps taken, and 6064 accepted.
[mcmc] Progress @ 2020-08-03 09:49:35 : 7014 steps taken, and 6112 accepted.
[mcmc] Learn + convergence test @ 6160 samples accepted.
[mcmc]  - Acceptance rate: 0.723
[mcmc]  - Convergence of means: R-1 = 0.796475 after 6160 accepted steps
[mcmc]  - Updated covariance matrix of proposal pdf.
[mcmc] Progress @ 2020-08-03 09:50:37 : 7156 steps taken, and 6162 accepted.
[mcmc] Progress @ 2020-08-03 09:51:38 : 7289 steps taken, and 6209 accepted.
[mcmc] Progress @ 2020-08-03 09:52:39 : 7416 steps taken, and 6251 accepted.
[mcmc] Progress @ 2020-08-03 09:53:40 : 7528 steps taken, and 6290 accepted.
[mcmc] Progress @ 2020-08-03 09:54:41 : 7659 steps taken, and 6337 accepted.
[mcmc] Progress @ 2020-08-03 09:55:41 : 7760 steps taken, and 6374 accepted.
[mcmc] Progress @ 2020-08-03 09:56:43 : 7873 steps taken, and 6410 accepted.
[mcmc] Learn + convergence test @ 6440 samples accepted.
[mcmc]  - Acceptance rate: 0.721
[mcmc]  - Convergence of means: R-1 = 0.548550 after 6440 accepted steps
[mcmc]  - Updated covariance matrix of proposal pdf.
[mcmc] Progress @ 2020-08-03 09:57:44 : 8001 steps taken, and 6448 accepted.
[mcmc] Progress @ 2020-08-03 09:58:45 : 8147 steps taken, and 6498 accepted.
[mcmc] Progress @ 2020-08-03 09:59:46 : 8256 steps taken, and 6533 accepted.
[mcmc] Progress @ 2020-08-03 10:00:47 : 8389 steps taken, and 6577 accepted.
[mcmc] Progress @ 2020-08-03 10:01:48 : 8501 steps taken, and 6619 accepted.
[mcmc] Progress @ 2020-08-03 10:02:48 : 8636 steps taken, and 6667 accepted.
[mcmc] Progress @ 2020-08-03 10:03:48 : 8748 steps taken, and 6702 accepted.
[mcmc] Learn + convergence test @ 6720 samples accepted.
[mcmc]  - Acceptance rate: 0.719
[mcmc]  - Convergence of means: R-1 = 0.589273 after 6720 accepted steps
[blockedproposer] *ERROR* The given covmat is not a positive-definite, symmetric square matrix.
[mcmc] Progress @ 2020-08-03 10:04:48 : 8889 steps taken, and 6751 accepted.
[mcmc] Progress @ 2020-08-03 10:05:49 : 9009 steps taken, and 6790 accepted.
[mcmc] Progress @ 2020-08-03 10:06:49 : 9136 steps taken, and 6834 accepted.
[mcmc] Progress @ 2020-08-03 10:07:50 : 9261 steps taken, and 6873 accepted.
[mcmc] Progress @ 2020-08-03 10:08:50 : 9385 steps taken, and 6913 accepted.
[mcmc] Progress @ 2020-08-03 10:09:51 : 9533 steps taken, and 6960 accepted.
[mcmc] Learn + convergence test @ 7000 samples accepted.
[mcmc]  - Acceptance rate: 0.716
[mcmc]  - Convergence of means: R-1 = 0.656368 after 7000 accepted steps
[mcmc]  - Updated covariance matrix of proposal pdf.
[mcmc] Progress @ 2020-08-03 10:10:51 : 9680 steps taken, and 7005 accepted.
[mcmc] Progress @ 2020-08-03 10:11:52 : 9776 steps taken, and 7036 accepted.
slurmstepd: error: Detected 9 oom-kill event(s) in step 23945.0 cgroup. Some of your processes may have been killed by the cgroup out-of-memory handler.
srun: error: d0041: task 0: Out Of Memory
slurmstepd: error: Detected 9 oom-kill event(s) in step 23945.batch cgroup. Some of your processes may have been killed by the cgroup out-of-memory handler.
